<?xml version="1.0" encoding="UTF-8"?>

<doc>
  <relation id="1">
    <origin_text>﻿周四巴塞罗那的两位本土球员巴尔德斯和伊涅斯塔告诉古蒂：“我们不在乎别人说什么，我们期待能一只赢下去”</origin_text>
    <entity_pair type="LOC-PER">
      <argument id="1" POS="ns" position="3">巴塞罗那</argument>
      <argument id="2" POS="nh" position="9">巴尔德斯</argument>
    </entity_pair>
    <relation_phrase phrase_text="球员">
      <mention id="1" POS="n" position="8" isHead="true">球员</mention>
      <mention/>
    </relation_phrase>
    <dependency_path>A(1)-ATT-M(1); M(1)-ATT-A(2);</dependency_path>
  </relation>
  <relation id="2">
    <origin_text>﻿周四巴塞罗那的两位本土球员巴尔德斯和伊涅斯塔告诉古蒂：“我们不在乎别人说什么，我们期待能一只赢下去”</origin_text>
    <entity_pair type="LOC-Other">
      <argument id="1" POS="ns" position="3">巴塞罗那</argument>
      <argument id="2" POS="nz" position="11">伊涅斯塔</argument>
    </entity_pair>
    <relation_phrase phrase_text="球员">
      <mention id="1" POS="n" position="8" isHead="true">球员</mention>
      <mention/>
    </relation_phrase>
    <dependency_path>A(1)-ATT-M(1); A(2)-COO-W(9); M(1)-ATT-W(9);</dependency_path>
  </relation>
  <relation id="3">
    <origin_text>﻿周四巴塞罗那的两位本土球员巴尔德斯和伊涅斯塔告诉古蒂：“我们不在乎别人说什么，我们期待能一只赢下去”</origin_text>
    <entity_pair type="PER-PER">
      <argument id="1" POS="nh" position="9">巴尔德斯</argument>
      <argument id="2" POS="nh" position="13">古蒂</argument>
    </entity_pair>
    <relation_phrase phrase_text="告诉不在乎">
      <mention id="1" POS="v" position="12" isHead="true">告诉</mention>
      <mention id="2" POS="v" position="17" isHead="false">不在乎</mention>
    </relation_phrase>
    <dependency_path>A(1)-SBV-M(1); M(2)-VOB-M(1); A(2)-VOB-M(1);</dependency_path>
  </relation>
  <relation id="4">
    <origin_text>﻿周四巴塞罗那的两位本土球员巴尔德斯和伊涅斯塔告诉古蒂：“我们不在乎别人说什么，我们期待能一只赢下去”</origin_text>
    <entity_pair type="Other-PER">
      <argument id="1" POS="nz" position="11">伊涅斯塔</argument>
      <argument id="2" POS="nh" position="13">古蒂</argument>
    </entity_pair>
    <relation_phrase phrase_text="告诉不在乎">
      <mention id="1" POS="v" position="12" isHead="true">告诉</mention>
      <mention id="2" POS="v" position="17" isHead="false">不在乎</mention>
    </relation_phrase>
    <dependency_path>W(9)-SBV-M(1); A(1)-COO-W(9); M(2)-VOB-M(1); A(2)-VOB-M(1);</dependency_path>
  </relation>
  <relation id="5">
    <origin_text>中国球员孙继海首发，担任本队右前卫，孙继海下半场意外的领受了一张红牌被直接罚下</origin_text>
    <entity_pair type="LOC-PER">
      <argument id="1" POS="ns" position="1">中国</argument>
      <argument id="2" POS="nh" position="3">孙继海</argument>
    </entity_pair>
    <relation_phrase phrase_text="球员">
      <mention id="1" POS="n" position="2" isHead="true">球员</mention>
      <mention/>
    </relation_phrase>
    <dependency_path>A(1)-ATT-M(1); M(1)-ATT-A(2);</dependency_path>
  </relation>
  <relation id="6">
    <origin_text>当时日本球员中田英寿也遇到了类似的问题，他在中场两次犯规，裁判就给他两张黄牌将他罚下</origin_text>
    <entity_pair type="LOC-PER">
      <argument id="1" POS="ns" position="2">日本</argument>
      <argument id="2" POS="nh" position="4">中田英寿</argument>
    </entity_pair>
    <relation_phrase phrase_text="球员">
      <mention id="1" POS="n" position="3" isHead="true">球员</mention>
      <mention/>
    </relation_phrase>
    <dependency_path>A(1)-ATT-M(1); M(1)-ATT-A(2);</dependency_path>
  </relation>
  <relation id="7">
    <origin_text>新华网北京5月6日电5月2日，从事服装设计的胡明明第四次飞往泰国普吉岛度假</origin_text>
    <entity_pair type="PER-LOC">
      <argument id="1" POS="nh" position="13">胡明明</argument>
      <argument id="2" POS="ns" position="17">泰国普吉岛</argument>
    </entity_pair>
    <relation_phrase phrase_text="飞往">
      <mention id="1" POS="v" position="16" isHead="true">飞往</mention>
    </relation_phrase>
    <dependency_path>A(1)-SBV-M(1); A(2)-VOB-M(1);</dependency_path>
  </relation>
  <relation id="8">
    <origin_text>作为中国公民最早的旅游目的地代表景点，普吉岛代表了东南亚国家在中国消费者心目中的独特地位：回头客越来越多</origin_text>
    <entity_pair type="LOC-LOC">
      <argument id="1" POS="ns" position="12">普吉岛</argument>
      <argument id="2" POS="ns" position="15">东南亚</argument>
    </entity_pair>
    <relation_phrase phrase_text="代表独特地位">
      <mention id="1" POS="v" position="13" isHead="true">代表</mention>
      <mention id="2" POS="a" position="23" isHead="false">独特</mention>
      <mention id="3" POS="n" position="24" isHead="false">地位</mention>
    </relation_phrase>
    <dependency_path>A(1)-SBV-M(1); M(2)-ATT-M(3); M(3)-VOB-M(1); A(2)-ATT-W(16); W(16)-ATT-M(3);</dependency_path>
  </relation>
  <relation id="9">
    <origin_text>目前，中国游客已经成为新加坡观光、饭店、百货、餐饮业提高利润，增加就业的支柱</origin_text>
    <entity_pair type="Other-LOC">
      <argument id="1" POS="n" position="4">中国游客</argument>
      <argument id="2" POS="ns" position="7">新加坡</argument>
    </entity_pair>
    <relation_phrase phrase_text="成为观光">
      <mention id="1" POS="v" position="6" isHead="true">成为</mention>
      <mention id="2" POS="v" position="8" isHead="false">观光</mention>
    </relation_phrase>
    <dependency_path>A(1)-SBV-M(1); M(2)-VOB-M(1); A(2)-ATT-M(2);</dependency_path>
  </relation>
  <relation id="10">
    <origin_text>目前，中国游客已经成为新加坡观光、饭店、百货、餐饮业提高利润，增加就业的支柱</origin_text>
    <entity_pair type="Other-Other">
      <argument id="1" POS="n" position="4">中国游客</argument>
      <argument id="2" POS="j" position="14">餐饮业</argument>
    </entity_pair>
    <relation_phrase phrase_text="成为">
      <mention id="1" POS="v" position="6" isHead="true">成为</mention>
    </relation_phrase>
    <dependency_path>A(1)-SBV-M(1); A(2)-COO-W(8); W(8)-VOB-M(1);</dependency_path>
  </relation>
  <relation id="11">
    <origin_text>比如最近这两天尼泊尔有事情，国家旅游局马上向中国游客说，我们现在展缓对这个地方的旅游开放</origin_text>
    <entity_pair type="ORG-Other">
      <argument id="1" POS="ni" position="10">国家旅游局</argument>
      <argument id="2" POS="n" position="14">中国游客</argument>
    </entity_pair>
    <relation_phrase phrase_text="说展缓">
      <mention id="1" POS="v" position="15" isHead="true">说</mention>
      <mention id="2" POS="v" position="19" isHead="false">展缓</mention>
    </relation_phrase>
    <dependency_path>A(1)-SBV-M(1); M(2)-VOB-M(1); A(2)-POB-W(12); W(12)-ADV-M(1);</dependency_path>
  </relation>
  <relation id="12">
    <origin_text>景区是可以复制的，管理是不可以复制的，东京迪斯尼目前是服务最好的，您如何看东京迪斯尼的日本特色服务</origin_text>
    <entity_pair type="Other-LOC">
      <argument id="1" POS="nz" position="14">东京迪斯尼</argument>
      <argument id="2" POS="ns" position="27">日本</argument>
    </entity_pair>
    <relation_phrase phrase_text="看特色">
      <mention id="1" POS="v" position="24" isHead="true">看</mention>
      <mention id="2" POS="n" position="28" isHead="false">特色</mention>
    </relation_phrase>
    <dependency_path>M(1)-COO-W(16); A(1)-SBV-W(16); M(2)-VOB-M(1); A(2)-ATT-M(2);</dependency_path>
  </relation>
  <relation id="13">
    <origin_text>这个会议是中国地理学会、北京市科学技术协会、北京市延庆县人民政府和台湾台中的一所高校联合发起主办的</origin_text>
    <entity_pair type="LOC-Other">
      <argument id="1" POS="ns" position="11">台湾</argument>
      <argument id="2" POS="j" position="16">高校</argument>
    </entity_pair>
    <relation_phrase phrase_text="台中">
      <mention id="1" POS="nl" position="12" isHead="true">台中</mention>
      <mention/>
    </relation_phrase>
    <dependency_path>A(1)-ATT-M(1); M(1)-ATT-A(2);</dependency_path>
  </relation>
  <relation id="14">
    <origin_text>世界旅游组织秘书长弗兰加利先生和亚太部主管沃玛博士专程访问了我国贵州巴拉河乡村旅游示范区</origin_text>
    <entity_pair type="Other-LOC">
      <argument id="1" POS="n" position="6">弗兰加利先生</argument>
      <argument id="2" POS="ns" position="16">贵州巴拉河</argument>
    </entity_pair>
    <relation_phrase phrase_text="访问旅游示范区">
      <mention id="1" POS="v" position="13" isHead="true">访问</mention>
      <mention id="2" POS="v" position="18" isHead="false">旅游</mention>
      <mention id="3" POS="n" position="19" isHead="false">示范区</mention>
    </relation_phrase>
    <dependency_path>A(1)-SBV-M(1); M(2)-ATT-M(3); M(3)-VOB-M(1); A(2)-ATT-M(3);</dependency_path>
  </relation>
  <relation id="15">
    <origin_text>黟县旅游不仅早已闻名遐迩，而且西递、宏村已被联合国教科文组织列入了“世界文化遗产”名录</origin_text>
    <entity_pair type="ORG-Other">
      <argument id="1" POS="ni" position="13">联合国教科文组织</argument>
      <argument id="2" POS="j" position="8">西递</argument>
    </entity_pair>
    <relation_phrase phrase_text="列入名录">
      <mention id="1" POS="v" position="14" isHead="true">列入</mention>
      <mention id="2" POS="n" position="21" isHead="false">名录</mention>
    </relation_phrase>
    <dependency_path>W(12)-ADV-M(1); A(1)-POB-W(12); M(2)-VOB-M(1); A(2)-FOB-M(1);</dependency_path>
  </relation>
  <relation id="16">
    <origin_text>黟县旅游不仅早已闻名遐迩，而且西递、宏村已被联合国教科文组织列入了“世界文化遗产”名录</origin_text>
    <entity_pair type="ORG-LOC">
      <argument id="1" POS="ni" position="13">联合国教科文组织</argument>
      <argument id="2" POS="ns" position="10">宏村</argument>
    </entity_pair>
    <relation_phrase phrase_text="列入名录">
      <mention id="1" POS="v" position="14" isHead="true">列入</mention>
      <mention id="2" POS="n" position="21" isHead="false">名录</mention>
    </relation_phrase>
    <dependency_path>W(12)-ADV-M(1); A(1)-POB-W(12); M(2)-VOB-M(1); A(2)-COO-W(8); W(8)-FOB-M(1);</dependency_path>
  </relation>
  <relation id="17">
    <origin_text>戊戌变法失败后，梁启超逃亡日本，接触了大量西方资产阶级学术著作</origin_text>
    <entity_pair type="PER-LOC">
      <argument id="1" POS="nh" position="5">梁启超</argument>
      <argument id="2" POS="ns" position="7">日本</argument>
    </entity_pair>
    <relation_phrase phrase_text="逃亡">
      <mention id="1" POS="v" position="6" isHead="true">逃亡</mention>
    </relation_phrase>
    <dependency_path>A(1)-SBV-M(1); A(2)-VOB-M(1);</dependency_path>
  </relation>
  <relation id="18">
    <origin_text>胡适当时是北京大学的教授，他不仅在课堂上大力宣扬自己的治学方法和历史观念，还鼓励同学按照这种方法和观念去从事历史研究工作</origin_text>
    <entity_pair type="PER-ORG">
      <argument id="1" POS="nh" position="1">胡适</argument>
      <argument id="2" POS="ni" position="4">北京大学</argument>
    </entity_pair>
    <relation_phrase phrase_text="是教授">
      <mention id="1" POS="v" position="3" isHead="true">是</mention>
      <mention id="2" POS="n" position="6" isHead="false">教授</mention>
    </relation_phrase>
    <dependency_path>A(1)-SBV-M(1); M(2)-VOB-M(1); A(2)-ATT-M(2);</dependency_path>
  </relation>
  <relation id="19">
    <origin_text>与梁启超、章太炎建设新史学的主张桴鼓相应，夏曾佑、刘师培、柳诒徵等人开始尝试用新观点和新方法撰写中国历史</origin_text>
    <entity_pair type="PER-LOC">
      <argument id="1" POS="nh" position="13">夏曾佑</argument>
      <argument id="2" POS="ns" position="29">中国</argument>
    </entity_pair>
    <relation_phrase phrase_text="撰写历史">
      <mention id="1" POS="v" position="28" isHead="true">撰写</mention>
      <mention id="2" POS="n" position="30" isHead="false">历史</mention>
    </relation_phrase>
    <dependency_path>M(1)-COO-W(21); W(21)-VOB-W(20); W(19)-SBV-W(20); A(1)-ATT-W(19); M(2)-VOB-M(1); A(2)-ATT-M(2);</dependency_path>
  </relation>
  <relation id="20">
    <origin_text>与梁启超、章太炎建设新史学的主张桴鼓相应，夏曾佑、刘师培、柳诒徵等人开始尝试用新观点和新方法撰写中国历史</origin_text>
    <entity_pair type="PER-LOC">
      <argument id="1" POS="nh" position="15">刘师培</argument>
      <argument id="2" POS="ns" position="29">中国</argument>
    </entity_pair>
    <relation_phrase phrase_text="撰写历史">
      <mention id="1" POS="v" position="28" isHead="true">撰写</mention>
      <mention id="2" POS="n" position="30" isHead="false">历史</mention>
    </relation_phrase>
    <dependency_path>M(1)-COO-W(21); W(21)-VOB-W(20); W(19)-SBV-W(20); W(13)-ATT-W(19); A(1)-COO-W(13); M(2)-VOB-M(1); A(2)-ATT-M(2);</dependency_path>
  </relation>
  <relation id="21">
    <origin_text>与梁启超、章太炎建设新史学的主张桴鼓相应，夏曾佑、刘师培、柳诒徵等人开始尝试用新观点和新方法撰写中国历史</origin_text>
    <entity_pair type="PER-LOC">
      <argument id="1" POS="nh" position="17">柳诒徵</argument>
      <argument id="2" POS="ns" position="29">中国</argument>
    </entity_pair>
    <relation_phrase phrase_text="撰写历史">
      <mention id="1" POS="v" position="28" isHead="true">撰写</mention>
      <mention id="2" POS="n" position="30" isHead="false">历史</mention>
    </relation_phrase>
    <dependency_path>M(1)-COO-W(21); W(21)-VOB-W(20); W(19)-SBV-W(20); W(13)-ATT-W(19); A(1)-COO-W(13); M(2)-VOB-M(1); A(2)-ATT-M(2);</dependency_path>
  </relation>
  <relation id="22">
    <origin_text>东北亚地区作为中国主要客源市场，“双向流动”将催生“东北亚旅游圈”，从而与东南亚旅游圈南北呼应</origin_text>
    <entity_pair type="LOC-LOC">
      <argument id="1" POS="ns" position="1">东北亚地区</argument>
      <argument id="2" POS="ns" position="3">中国</argument>
    </entity_pair>
    <relation_phrase phrase_text="作为客源市场">
      <mention id="1" POS="v" position="2" isHead="true">作为</mention>
      <mention id="2" POS="n" position="5" isHead="false">客源</mention>
      <mention id="3" POS="n" position="6" isHead="false">市场</mention>
    </relation_phrase>
    <dependency_path>A(1)-SBV-M(1); M(2)-ATT-M(3); M(3)-VOB-M(1); A(2)-ATT-M(3);</dependency_path>
  </relation>
  <relation id="23">
    <origin_text>1940年，正当国民党掀起反共高潮和加强法西斯统治时，林同济、陈铨等人创办《战国策》杂志，后又编辑大公报副刊《战国》</origin_text>
    <entity_pair type="PER-Other">
      <argument id="1" POS="nh" position="15">林同济</argument>
      <argument id="2" POS="nz" position="22">战国策</argument>
    </entity_pair>
    <relation_phrase phrase_text="创办杂志">
      <mention id="1" POS="v" position="20" isHead="true">创办</mention>
      <mention id="2" POS="n" position="24" isHead="false">杂志</mention>
    </relation_phrase>
    <dependency_path>W(19)-SBV-M(1); A(1)-ATT-W(19); M(2)-VOB-M(1); A(2)-ATT-M(2);</dependency_path>
  </relation>
  <relation id="24">
    <origin_text>1940年，正当国民党掀起反共高潮和加强法西斯统治时，林同济、陈铨等人创办《战国策》杂志，后又编辑大公报副刊《战国》</origin_text>
    <entity_pair type="PER-Other">
      <argument id="1" POS="nh" position="17">陈铨</argument>
      <argument id="2" POS="nz" position="22">战国策</argument>
    </entity_pair>
    <relation_phrase phrase_text="创办杂志">
      <mention id="1" POS="v" position="20" isHead="true">创办</mention>
      <mention id="2" POS="n" position="24" isHead="false">杂志</mention>
    </relation_phrase>
    <dependency_path>W(19)-SBV-M(1); W(15)-ATT-W(19); A(1)-COO-W(15); M(2)-VOB-M(1); A(2)-ATT-M(2);</dependency_path>
  </relation>
  <relation id="25">
    <origin_text>抗战胜利后，蒋介石在美国支持下发动内战，导致经济崩溃，民不聊生</origin_text>
    <entity_pair type="PER-LOC">
      <argument id="1" POS="nh" position="5">蒋介石</argument>
      <argument id="2" POS="ns" position="7">美国</argument>
    </entity_pair>
    <relation_phrase phrase_text="发动内战">
      <mention id="1" POS="v" position="10" isHead="true">发动</mention>
      <mention id="2" POS="n" position="11" isHead="false">内战</mention>
    </relation_phrase>
    <dependency_path>A(1)-SBV-M(1); M(2)-VOB-M(1); A(2)-POB-W(6); W(6)-ADV-M(1);</dependency_path>
  </relation>
  <relation id="26">
    <origin_text>说到“西纠”，是当时国务院秘书长周荣鑫插手组织的，秉承周恩来的意旨</origin_text>
    <entity_pair type="ORG-PER">
      <argument id="1" POS="ni" position="9">国务院</argument>
      <argument id="2" POS="nh" position="11">周荣鑫</argument>
    </entity_pair>
    <relation_phrase phrase_text="秘书长">
      <mention id="1" POS="n" position="10" isHead="true">秘书长</mention>
      <mention/>
    </relation_phrase>
    <dependency_path>A(1)-ATT-M(1); M(1)-ATT-A(2);</dependency_path>
  </relation>
  <relation id="27">
    <origin_text>但是日本学者秋泽修二等人迎合军国主义侵略中国的需要，鼓吹中国社会的“停滞性”只有靠外力才得以“克服”</origin_text>
    <entity_pair type="LOC-PER">
      <argument id="1" POS="ns" position="2">日本</argument>
      <argument id="2" POS="nh" position="4">秋泽</argument>
    </entity_pair>
    <relation_phrase phrase_text="学者">
      <mention id="1" POS="n" position="3" isHead="true">学者</mention>
      <mention/>
    </relation_phrase>
    <dependency_path>A(1)-ATT-M(1); M(1)-ATT-A(2);</dependency_path>
  </relation>
  <relation id="28">
    <origin_text>美国历史学家卡尔·贝克尔甚至对“历史事实”本身是否具有“固定形态”提出质疑</origin_text>
    <entity_pair type="LOC-PER">
      <argument id="1" POS="ns" position="1">美国</argument>
      <argument id="2" POS="nh" position="3">卡尔·贝克尔</argument>
    </entity_pair>
    <relation_phrase phrase_text="历史学家">
      <mention id="1" POS="n" position="2" isHead="true">历史学家</mention>
      <mention/>
    </relation_phrase>
    <dependency_path>A(1)-ATT-M(1); M(1)-ATT-A(2);</dependency_path>
  </relation>
  <relation id="29">
    <origin_text>首先，英国占领新加坡、马六甲、香港，以一种全新的力量改变了东亚的进程</origin_text>
    <entity_pair type="LOC-LOC">
      <argument id="1" POS="ns" position="3">英国</argument>
      <argument id="2" POS="ns" position="5">新加坡</argument>
    </entity_pair>
    <relation_phrase phrase_text="占领">
      <mention id="1" POS="v" position="4" isHead="true">占领</mention>
    </relation_phrase>
    <dependency_path>A(1)-SBV-M(1); A(2)-VOB-M(1);</dependency_path>
  </relation>
  <relation id="30">
    <origin_text>首先，英国占领新加坡、马六甲、香港，以一种全新的力量改变了东亚的进程</origin_text>
    <entity_pair type="LOC-LOC">
      <argument id="1" POS="ns" position="3">英国</argument>
      <argument id="2" POS="ns" position="7">马六甲</argument>
    </entity_pair>
    <relation_phrase phrase_text="占领">
      <mention id="1" POS="v" position="4" isHead="true">占领</mention>
    </relation_phrase>
    <dependency_path>A(1)-SBV-M(1); A(2)-COO-W(5); W(5)-VOB-M(1);</dependency_path>
  </relation>
  <relation id="31">
    <origin_text>首先，英国占领新加坡、马六甲、香港，以一种全新的力量改变了东亚的进程</origin_text>
    <entity_pair type="LOC-LOC">
      <argument id="1" POS="ns" position="3">英国</argument>
      <argument id="2" POS="ns" position="9">香港</argument>
    </entity_pair>
    <relation_phrase phrase_text="占领">
      <mention id="1" POS="v" position="4" isHead="true">占领</mention>
    </relation_phrase>
    <dependency_path>A(1)-SBV-M(1); A(2)-COO-W(5); W(5)-VOB-M(1);</dependency_path>
  </relation>
  <relation id="32">
    <origin_text>1982年，大学毕业的刘源来到河南农村工作，那是父亲刘少奇曾经战斗、蒙难的地方,</origin_text>
    <entity_pair type="PER-LOC">
      <argument id="1" POS="nh" position="6">刘源</argument>
      <argument id="2" POS="ns" position="8">河南</argument>
    </entity_pair>
    <relation_phrase phrase_text="来到农村">
      <mention id="1" POS="v" position="7" isHead="true">来到</mention>
      <mention id="2" POS="n" position="9" isHead="false">农村</mention>
    </relation_phrase>
    <dependency_path>A(1)-SBV-M(1); M(2)-VOB-M(1); A(2)-ATT-M(2);</dependency_path>
  </relation>
  <relation id="33">
    <origin_text>1984年，由于工作成绩显著，刘源被新乡县人代会全票选举为县长</origin_text>
    <entity_pair type="LOC-Other">
      <argument id="1" POS="ns" position="10">新乡</argument>
      <argument id="2" POS="j" position="12">人代会</argument>
    </entity_pair>
    <relation_phrase phrase_text="县">
      <mention id="1" POS="n" position="11" isHead="true">县</mention>
      <mention/>
    </relation_phrase>
    <dependency_path>A(1)-ATT-M(1); M(1)-ATT-A(2);</dependency_path>
  </relation>
  <relation id="34">
    <origin_text>中国人民解放军国防大学教授吴国辉在接受《南方日报》采访时说，中国在战斗机和航空发动机领域方面取得了显著成就</origin_text>
    <entity_pair type="ORG-PER">
      <argument id="1" POS="ni" position="1">中国人民解放军国防大学</argument>
      <argument id="2" POS="nh" position="3">吴国辉</argument>
    </entity_pair>
    <relation_phrase phrase_text="教授">
      <mention id="1" POS="n" position="2" isHead="true">教授</mention>
      <mention/>
    </relation_phrase>
    <dependency_path>A(1)-ATT-M(1); M(1)-ATT-A(2);</dependency_path>
  </relation>
  <relation id="35">
    <origin_text>儒教外传，与所在国的本土文化相结合，形成日本儒学，朝鲜儒学，越南儒学，都渗入本国文化，不再是中国儒学的翻版</origin_text>
    <entity_pair type="Other-LOC">
      <argument id="1" POS="nz" position="1">儒教</argument>
      <argument id="2" POS="ns" position="13">日本</argument>
    </entity_pair>
    <relation_phrase phrase_text="形成儒学">
      <mention id="1" POS="v" position="12" isHead="true">形成</mention>
      <mention id="2" POS="n" position="14" isHead="false">儒学</mention>
    </relation_phrase>
    <dependency_path>M(1)-COO-W(10); W(10)-COO-W(2); A(1)-SBV-W(2); M(2)-VOB-M(1); A(2)-ATT-M(2);</dependency_path>
  </relation>
  <relation id="36">
    <origin_text>只有朝鲜在李朝时代对中国儒学最为虔诚，把儒教定为国教，形成了正统的儒学化体制</origin_text>
    <entity_pair type="LOC-Other">
      <argument id="1" POS="ns" position="2">朝鲜</argument>
      <argument id="2" POS="n" position="5">李朝时代</argument>
    </entity_pair>
    <relation_phrase phrase_text="虔诚">
      <mention id="1" POS="a" position="10" isHead="true">虔诚</mention>
    </relation_phrase>
    <dependency_path>A(1)-SBV-M(1); A(2)-POB-W(3); W(3)-ADV-M(1);</dependency_path>
  </relation>
  <relation id="37">
    <origin_text>只有朝鲜在李朝时代对中国儒学最为虔诚，把儒教定为国教，形成了正统的儒学化体制</origin_text>
    <entity_pair type="LOC-Other">
      <argument id="1" POS="ns" position="2">朝鲜</argument>
      <argument id="2" POS="n" position="8">中国儒学</argument>
    </entity_pair>
    <relation_phrase phrase_text="虔诚">
      <mention id="1" POS="a" position="10" isHead="true">虔诚</mention>
    </relation_phrase>
    <dependency_path>A(1)-SBV-M(1); A(2)-POB-W(6); W(6)-ADV-M(1);</dependency_path>
  </relation>
  <relation id="38">
    <origin_text>只有朝鲜在李朝时代对中国儒学最为虔诚，把儒教定为国教，形成了正统的儒学化体制</origin_text>
    <entity_pair type="LOC-Other">
      <argument id="1" POS="ns" position="2">朝鲜</argument>
      <argument id="2" POS="nz" position="13">儒教</argument>
    </entity_pair>
    <relation_phrase phrase_text="定把">
      <mention id="1" POS="v" position="14" isHead="true">定</mention>
      <mention id="2" POS="p" position="12" isHead="false">把</mention>
    </relation_phrase>
    <dependency_path>M(1)-COO-W(10); A(1)-SBV-W(10); M(2)-ADV-M(1); A(2)-POB-M(2);</dependency_path>
  </relation>
  <relation id="39">
    <origin_text>俄罗斯外长拉夫罗夫4月16日抵达越南进行访问</origin_text>
    <entity_pair type="LOC-PER">
      <argument id="1" POS="ns" position="1">俄罗斯</argument>
      <argument id="2" POS="nh" position="3">拉夫罗夫</argument>
    </entity_pair>
    <relation_phrase phrase_text="外长">
      <mention id="1" POS="n" position="2" isHead="true">外长</mention>
      <mention/>
    </relation_phrase>
    <dependency_path>A(1)-ATT-M(1); M(1)-ATT-A(2);</dependency_path>
  </relation>
  <relation id="40">
    <origin_text>俄罗斯外长拉夫罗夫4月16日抵达越南进行访问</origin_text>
    <entity_pair type="PER-LOC">
      <argument id="1" POS="nh" position="3">拉夫罗夫</argument>
      <argument id="2" POS="ns" position="7">越南</argument>
    </entity_pair>
    <relation_phrase phrase_text="抵达">
      <mention id="1" POS="v" position="6" isHead="true">抵达</mention>
    </relation_phrase>
    <dependency_path>A(1)-SBV-M(1); A(2)-VOB-M(1);</dependency_path>
  </relation>
  <relation id="41">
    <origin_text>拉夫罗夫先后与越南副总理兼外长范平明、国家主席张晋创进行会谈</origin_text>
    <entity_pair type="PER-PER">
      <argument id="1" POS="nh" position="1">拉夫罗夫</argument>
      <argument id="2" POS="nh" position="13">张晋创</argument>
    </entity_pair>
    <relation_phrase phrase_text="进行会谈">
      <mention id="1" POS="v" position="14" isHead="true">进行</mention>
      <mention id="2" POS="v" position="15" isHead="false">会谈</mention>
    </relation_phrase>
    <dependency_path>A(1)-SBV-M(1); M(2)-VOB-M(1); A(2)-POB-W(3); W(3)-ADV-M(1);</dependency_path>
  </relation>
  <relation id="42">
    <origin_text>拉夫罗夫先后与越南副总理兼外长范平明、国家主席张晋创进行会谈</origin_text>
    <entity_pair type="LOC-PER">
      <argument id="1" POS="ns" position="4">越南</argument>
      <argument id="2" POS="nh" position="13">张晋创</argument>
    </entity_pair>
    <relation_phrase phrase_text="副总理">
      <mention id="1" POS="b" position="5" isHead="false">副</mention>
      <mention id="2" POS="n" position="6" isHead="true">总理</mention>
    </relation_phrase>
    <dependency_path>M(1)-ATT-M(2); A(1)-ATT-M(2); M(2)-ATT-A(2);</dependency_path>
  </relation>
  <relation id="43">
    <origin_text>当然，河内并没有忘记苏联的支持，现在仍然期望借助俄罗斯遏制中国，企图以此捍卫自己在南海大陆架的能源利益</origin_text>
    <entity_pair type="LOC-LOC">
      <argument id="1" POS="ns" position="3">河内</argument>
      <argument id="2" POS="ns" position="7">苏联</argument>
    </entity_pair>
    <relation_phrase phrase_text="忘记支持">
      <mention id="1" POS="v" position="6" isHead="true">忘记</mention>
      <mention id="2" POS="v" position="9" isHead="false">支持</mention>
    </relation_phrase>
    <dependency_path>A(1)-SBV-M(1); M(2)-VOB-M(1); A(2)-ATT-M(2);</dependency_path>
  </relation>
  <relation id="44">
    <origin_text>当然，河内并没有忘记苏联的支持，现在仍然期望借助俄罗斯遏制中国，企图以此捍卫自己在南海大陆架的能源利益</origin_text>
    <entity_pair type="LOC-LOC">
      <argument id="1" POS="ns" position="15">俄罗斯</argument>
      <argument id="2" POS="ns" position="17">中国</argument>
    </entity_pair>
    <relation_phrase phrase_text="遏制">
      <mention id="1" POS="v" position="16" isHead="true">遏制</mention>
    </relation_phrase>
    <dependency_path>A(1)-SBV-M(1); A(2)-VOB-M(1);</dependency_path>
  </relation>
  <relation id="45">
    <origin_text>美国、英国、法国等国对俄罗斯可能出兵克里米亚的负面反应显然令普京极其愤怒</origin_text>
    <entity_pair type="LOC-LOC">
      <argument id="1" POS="ns" position="1">美国</argument>
      <argument id="2" POS="ns" position="9">俄罗斯</argument>
    </entity_pair>
    <relation_phrase phrase_text="出兵克里米亚">
      <mention id="1" POS="v" position="11" isHead="true">出</mention>
      <mention id="2" POS="ns" position="12" isHead="false">兵克里米亚</mention>
    </relation_phrase>
    <dependency_path>W(7)-SBV-M(1); A(1)-ATT-W(7); M(2)-VOB-M(1); A(2)-POB-W(8); W(8)-ADV-M(1);</dependency_path>
  </relation>
  <relation id="46">
    <origin_text>美国、英国、法国等国对俄罗斯可能出兵克里米亚的负面反应显然令普京极其愤怒</origin_text>
    <entity_pair type="LOC-LOC">
      <argument id="1" POS="ns" position="1">美国</argument>
      <argument id="2" POS="ns" position="12">兵克里米亚</argument>
    </entity_pair>
    <relation_phrase phrase_text="可能出">
      <mention id="1" POS="v" position="10" isHead="false">可能</mention>
      <mention id="2" POS="v" position="11" isHead="true">出</mention>
    </relation_phrase>
    <dependency_path>M(1)-ADV-M(2); W(7)-SBV-M(2); A(1)-ATT-W(7); A(2)-VOB-M(2);</dependency_path>
  </relation>
  <relation id="47">
    <origin_text>美国、英国、法国等国对俄罗斯可能出兵克里米亚的负面反应显然令普京极其愤怒</origin_text>
    <entity_pair type="LOC-LOC">
      <argument id="1" POS="ns" position="3">英国</argument>
      <argument id="2" POS="ns" position="9">俄罗斯</argument>
    </entity_pair>
    <relation_phrase phrase_text="出兵克里米亚">
      <mention id="1" POS="v" position="11" isHead="true">出</mention>
      <mention id="2" POS="ns" position="12" isHead="false">兵克里米亚</mention>
    </relation_phrase>
    <dependency_path>W(7)-SBV-M(1); W(1)-ATT-W(7); A(1)-COO-W(1); M(2)-VOB-M(1); A(2)-POB-W(8); W(8)-ADV-M(1);</dependency_path>
  </relation>
  <relation id="48">
    <origin_text>美国、英国、法国等国对俄罗斯可能出兵克里米亚的负面反应显然令普京极其愤怒</origin_text>
    <entity_pair type="LOC-LOC">
      <argument id="1" POS="ns" position="3">英国</argument>
      <argument id="2" POS="ns" position="12">兵克里米亚</argument>
    </entity_pair>
    <relation_phrase phrase_text="可能出">
      <mention id="1" POS="v" position="10" isHead="false">可能</mention>
      <mention id="2" POS="v" position="11" isHead="true">出</mention>
    </relation_phrase>
    <dependency_path>M(1)-ADV-M(2); W(7)-SBV-M(2); W(1)-ATT-W(7); A(1)-COO-W(1); A(2)-VOB-M(2);</dependency_path>
  </relation>
  <relation id="49">
    <origin_text>美国、英国、法国等国对俄罗斯可能出兵克里米亚的负面反应显然令普京极其愤怒</origin_text>
    <entity_pair type="LOC-LOC">
      <argument id="1" POS="ns" position="5">法国</argument>
      <argument id="2" POS="ns" position="9">俄罗斯</argument>
    </entity_pair>
    <relation_phrase phrase_text="出兵克里米亚">
      <mention id="1" POS="v" position="11" isHead="true">出</mention>
      <mention id="2" POS="ns" position="12" isHead="false">兵克里米亚</mention>
    </relation_phrase>
    <dependency_path>W(7)-SBV-M(1); W(1)-ATT-W(7); A(1)-COO-W(1); M(2)-VOB-M(1); A(2)-POB-W(8); W(8)-ADV-M(1);</dependency_path>
  </relation>
  <relation id="50">
    <origin_text>美国、英国、法国等国对俄罗斯可能出兵克里米亚的负面反应显然令普京极其愤怒</origin_text>
    <entity_pair type="LOC-LOC">
      <argument id="1" POS="ns" position="5">法国</argument>
      <argument id="2" POS="ns" position="12">兵克里米亚</argument>
    </entity_pair>
    <relation_phrase phrase_text="可能出">
      <mention id="1" POS="v" position="10" isHead="false">可能</mention>
      <mention id="2" POS="v" position="11" isHead="true">出</mention>
    </relation_phrase>
    <dependency_path>M(1)-ADV-M(2); W(7)-SBV-M(2); W(1)-ATT-W(7); A(1)-COO-W(1); A(2)-VOB-M(2);</dependency_path>
  </relation>
  <relation id="51">
    <origin_text>据第11管区海上保安总部介绍，2010年5月6日~14日期间，中国科考船曾在鹿儿岛县奄美大岛附近的“专属经济区”内连续活动，但此次刷新了最长纪录</origin_text>
    <entity_pair type="LOC-Other">
      <argument id="1" POS="ns" position="20">鹿儿岛县奄美大岛</argument>
      <argument id="2" POS="nz" position="24">专属经济区</argument>
    </entity_pair>
    <relation_phrase phrase_text="附近">
      <mention id="1" POS="nd" position="21" isHead="true">附近</mention>
      <mention/>
    </relation_phrase>
    <dependency_path>A(1)-ATT-M(1); M(1)-ATT-A(2);</dependency_path>
  </relation>
  <relation id="52">
    <origin_text>据俄罗斯社会政治研究中心主任弗拉基米尔·耶夫谢耶夫估计，在最近一些年中，中美系统将展开激烈的竞争</origin_text>
    <entity_pair type="ORG-PER">
      <argument id="1" POS="ni" position="2">俄罗斯社会政治研究中心</argument>
      <argument id="2" POS="nh" position="4">弗拉基米尔·耶夫谢耶夫</argument>
    </entity_pair>
    <relation_phrase phrase_text="主任">
      <mention id="1" POS="n" position="3" isHead="true">主任</mention>
      <mention/>
    </relation_phrase>
    <dependency_path>A(1)-ATT-M(1); M(1)-ATT-A(2);</dependency_path>
  </relation>
  <relation id="53">
    <origin_text>与此同时，亚洲国家也不想在该领域完全受制于美国，担心美国人或使用停摆GPS的招数来为己牟利</origin_text>
    <entity_pair type="Other-LOC">
      <argument id="1" POS="n" position="4">亚洲国家</argument>
      <argument id="2" POS="ns" position="17">美国</argument>
    </entity_pair>
    <relation_phrase phrase_text="担心人">
      <mention id="1" POS="v" position="16" isHead="true">担心</mention>
      <mention id="2" POS="n" position="18" isHead="false">人</mention>
    </relation_phrase>
    <dependency_path>M(1)-COO-W(7); A(1)-SBV-W(7); M(2)-VOB-M(1); A(2)-ATT-M(2);</dependency_path>
  </relation>
  <relation id="54">
    <origin_text>俄罗斯地缘政治研究所副所长康斯坦丁·西夫科夫这样指出，他说：“中国向亚洲国家提议使用‘北斗’，显然是认为他们是自己的盟友</origin_text>
    <entity_pair type="ORG-PER">
      <argument id="1" POS="ni" position="1">俄罗斯地缘政治研究所</argument>
      <argument id="2" POS="nh" position="4">康斯坦丁·西夫科夫</argument>
    </entity_pair>
    <relation_phrase phrase_text="副所长">
      <mention id="1" POS="b" position="2" isHead="false">副</mention>
      <mention id="2" POS="n" position="3" isHead="true">所长</mention>
    </relation_phrase>
    <dependency_path>M(1)-ATT-M(2); A(1)-ATT-M(2); M(2)-ATT-A(2);</dependency_path>
  </relation>
  <relation id="55">
    <origin_text>俄罗斯地缘政治研究所副所长康斯坦丁·西夫科夫这样指出，他说：“中国向亚洲国家提议使用‘北斗’，显然是认为他们是自己的盟友</origin_text>
    <entity_pair type="LOC-Other">
      <argument id="1" POS="ns" position="12">中国</argument>
      <argument id="2" POS="n" position="15">亚洲国家</argument>
    </entity_pair>
    <relation_phrase phrase_text="提议使用">
      <mention id="1" POS="v" position="16" isHead="true">提议</mention>
      <mention id="2" POS="v" position="17" isHead="false">使用</mention>
    </relation_phrase>
    <dependency_path>A(1)-SBV-M(1); M(2)-VOB-M(1); A(2)-POB-W(13); W(13)-ADV-M(1);</dependency_path>
  </relation>
  <relation id="56">
    <origin_text>俄罗斯地缘政治研究所副所长康斯坦丁·西夫科夫这样指出，他说：“中国向亚洲国家提议使用‘北斗’，显然是认为他们是自己的盟友</origin_text>
    <entity_pair type="LOC-Other">
      <argument id="1" POS="ns" position="12">中国</argument>
      <argument id="2" POS="nz" position="19">北斗</argument>
    </entity_pair>
    <relation_phrase phrase_text="向国家提议使用">
      <mention id="1" POS="p" position="13" isHead="false">向</mention>
      <mention id="2" POS="n" position="15" isHead="false">国家</mention>
      <mention id="3" POS="v" position="16" isHead="true">提议</mention>
      <mention id="4" POS="v" position="17" isHead="false">使用</mention>
    </relation_phrase>
    <dependency_path>M(1)-ADV-M(3); A(1)-SBV-M(3); M(2)-POB-M(1); M(4)-VOB-M(3); A(2)-VOB-M(4);</dependency_path>
  </relation>
  <relation id="57">
    <origin_text>2013年3月，在中国国务院总理李克强访问巴基斯坦前就已经获知，中国的“北斗”将把GPS排挤出去</origin_text>
    <entity_pair type="ORG-PER">
      <argument id="1" POS="ni" position="5">中国国务院</argument>
      <argument id="2" POS="nh" position="7">李克强</argument>
    </entity_pair>
    <relation_phrase phrase_text="总理">
      <mention id="1" POS="n" position="6" isHead="true">总理</mention>
      <mention/>
    </relation_phrase>
    <dependency_path>A(1)-ATT-M(1); M(1)-ATT-A(2);</dependency_path>
  </relation>
  <relation id="58">
    <origin_text>2013年3月，在中国国务院总理李克强访问巴基斯坦前就已经获知，中国的“北斗”将把GPS排挤出去</origin_text>
    <entity_pair type="PER-LOC">
      <argument id="1" POS="nh" position="7">李克强</argument>
      <argument id="2" POS="ns" position="9">巴基斯坦</argument>
    </entity_pair>
    <relation_phrase phrase_text="访问">
      <mention id="1" POS="v" position="8" isHead="true">访问</mention>
    </relation_phrase>
    <dependency_path>A(1)-SBV-M(1); A(2)-VOB-M(1);</dependency_path>
  </relation>
  <relation id="59">
    <origin_text>云南某预备役师杨涵、李秋烨等等心理服务队正在与10余名小孩做心理游戏</origin_text>
    <entity_pair type="LOC-PER">
      <argument id="1" POS="ns" position="1">云南</argument>
      <argument id="2" POS="nh" position="5">杨涵</argument>
    </entity_pair>
    <relation_phrase phrase_text="某师">
      <mention id="1" POS="r" position="2" isHead="false">某</mention>
      <mention id="2" POS="n" position="4" isHead="true">师</mention>
    </relation_phrase>
    <dependency_path>M(1)-ATT-M(2); A(1)-ATT-M(2); M(2)-ATT-A(2);</dependency_path>
  </relation>
  <relation id="60">
    <origin_text>云南某预备役师杨涵、李秋烨等等心理服务队正在与10余名小孩做心理游戏</origin_text>
    <entity_pair type="LOC-PER">
      <argument id="1" POS="ns" position="1">云南</argument>
      <argument id="2" POS="nh" position="7">李秋烨</argument>
    </entity_pair>
    <relation_phrase phrase_text="某师">
      <mention id="1" POS="r" position="2" isHead="false">某</mention>
      <mention id="2" POS="n" position="4" isHead="true">师</mention>
    </relation_phrase>
    <dependency_path>M(1)-ATT-M(2); A(1)-ATT-M(2); A(2)-COO-W(5); M(2)-ATT-W(5);</dependency_path>
  </relation>
  <relation id="61">
    <origin_text>网站10月16日发表俄罗斯科学院远东研究所研究员瓦西里·卡辛的文章称，在很长一段时间里，中国的经济繁荣令其军事崛起黯然失色</origin_text>
    <entity_pair type="ORG-PER">
      <argument id="1" POS="ni" position="5">俄罗斯科学院远东研究所</argument>
      <argument id="2" POS="nh" position="7">瓦西里·卡辛</argument>
    </entity_pair>
    <relation_phrase phrase_text="研究员">
      <mention id="1" POS="n" position="6" isHead="true">研究员</mention>
      <mention/>
    </relation_phrase>
    <dependency_path>A(1)-ATT-M(1); M(1)-ATT-A(2);</dependency_path>
  </relation>
  <relation id="62">
    <origin_text>不过，在核运载工具的多样化和技术水平方面，中国毫无疑问会赶超俄罗斯和美国，超过所有其他核国家</origin_text>
    <entity_pair type="LOC-LOC">
      <argument id="1" POS="ns" position="14">中国</argument>
      <argument id="2" POS="ns" position="18">俄罗斯</argument>
    </entity_pair>
    <relation_phrase phrase_text="会赶超">
      <mention id="1" POS="v" position="16" isHead="false">会</mention>
      <mention id="2" POS="v" position="17" isHead="true">赶超</mention>
    </relation_phrase>
    <dependency_path>M(1)-ADV-M(2); A(1)-SBV-M(2); A(2)-VOB-M(2);</dependency_path>
  </relation>
  <relation id="63">
    <origin_text>不过，在核运载工具的多样化和技术水平方面，中国毫无疑问会赶超俄罗斯和美国，超过所有其他核国家</origin_text>
    <entity_pair type="LOC-LOC">
      <argument id="1" POS="ns" position="14">中国</argument>
      <argument id="2" POS="ns" position="20">美国</argument>
    </entity_pair>
    <relation_phrase phrase_text="会赶超">
      <mention id="1" POS="v" position="16" isHead="false">会</mention>
      <mention id="2" POS="v" position="17" isHead="true">赶超</mention>
    </relation_phrase>
    <dependency_path>M(1)-ADV-M(2); A(1)-SBV-M(2); A(2)-COO-W(18); W(18)-VOB-M(2);</dependency_path>
  </relation>
  <relation id="64">
    <origin_text>清华大学孙哲教授近日在接受央视采访时表示，依靠美日同盟威慑中国，完全达不到目的</origin_text>
    <entity_pair type="ORG-PER">
      <argument id="1" POS="ni" position="1">清华大学</argument>
      <argument id="2" POS="nh" position="2">孙哲</argument>
    </entity_pair>
    <relation_phrase phrase_text="教授">
      <mention id="1" POS="n" position="3" isHead="true">教授</mention>
      <mention/>
    </relation_phrase>
    <dependency_path>A(2)-ATT-M(1); A(1)-ATT-A(2);</dependency_path>
  </relation>
  <relation id="65">
    <origin_text>清华大学孙哲教授近日在接受央视采访时表示，依靠美日同盟威慑中国，完全达不到目的</origin_text>
    <entity_pair type="Other-LOC">
      <argument id="1" POS="n" position="14">美日同盟</argument>
      <argument id="2" POS="ns" position="16">中国</argument>
    </entity_pair>
    <relation_phrase phrase_text="威慑">
      <mention id="1" POS="v" position="15" isHead="true">威慑</mention>
    </relation_phrase>
    <dependency_path>A(1)-SBV-M(1); A(2)-VOB-M(1);</dependency_path>
  </relation>
  <relation id="66">
    <origin_text>俄罗斯独立航空专家弗拉基米尔·卡尔诺佐夫认为，克里米亚的尼特卡训练中心已经老化，由于位于叶斯克的更先进训练中心的出现，其维修和继续使用已无合理性</origin_text>
    <entity_pair type="LOC-PER">
      <argument id="1" POS="ns" position="1">俄罗斯</argument>
      <argument id="2" POS="nh" position="5">弗拉基米尔·卡尔诺佐夫</argument>
    </entity_pair>
    <relation_phrase phrase_text="专家">
      <mention id="1" POS="n" position="4" isHead="true">专家</mention>
      <mention/>
    </relation_phrase>
    <dependency_path>A(1)-ATT-M(1); M(1)-ATT-A(2);</dependency_path>
  </relation>
  <relation id="67">
    <origin_text>11月8日下午，临沧军分区司令员李辉带领医疗队赴震中芒腊村实施健康救助与心理疏导，有效稳定灾民情绪</origin_text>
    <entity_pair type="PER-LOC">
      <argument id="1" POS="nh" position="8">李辉</argument>
      <argument id="2" POS="ns" position="13">芒腊村</argument>
    </entity_pair>
    <relation_phrase phrase_text="赴">
      <mention id="1" POS="v" position="11" isHead="true">赴</mention>
    </relation_phrase>
    <dependency_path>M(1)-COO-W(9); A(1)-SBV-W(9); A(2)-VOB-M(1);</dependency_path>
  </relation>
  <relation id="68">
    <origin_text>但东京大学东洋文化研究所教授松田康博提醒说，由于钓鱼岛和历史问题，今后日中关系依然存在时好时坏的可能</origin_text>
    <entity_pair type="ORG-PER">
      <argument id="1" POS="ni" position="2">东京大学东洋文化研究所</argument>
      <argument id="2" POS="nh" position="4">松田康博</argument>
    </entity_pair>
    <relation_phrase phrase_text="教授">
      <mention id="1" POS="n" position="3" isHead="true">教授</mention>
      <mention/>
    </relation_phrase>
    <dependency_path>A(1)-ATT-M(1); M(1)-ATT-A(2);</dependency_path>
  </relation>
  <relation id="69">
    <origin_text>“美国之音”描述的是29日中国领导人习近平和日本前首相福田康夫会谈，以及中国外交部长王毅的讲话在日本引起的反响</origin_text>
    <entity_pair type="LOC-PER">
      <argument id="1" POS="ns" position="8">中国</argument>
      <argument id="2" POS="nh" position="10">习近平</argument>
    </entity_pair>
    <relation_phrase phrase_text="领导人">
      <mention id="1" POS="n" position="9" isHead="true">领导人</mention>
      <mention/>
    </relation_phrase>
    <dependency_path>A(1)-ATT-M(1); M(1)-ATT-A(2);</dependency_path>
  </relation>
  <relation id="70">
    <origin_text>“美国之音”描述的是29日中国领导人习近平和日本前首相福田康夫会谈，以及中国外交部长王毅的讲话在日本引起的反响</origin_text>
    <entity_pair type="LOC-PER">
      <argument id="1" POS="ns" position="12">日本</argument>
      <argument id="2" POS="nh" position="15">福田康夫</argument>
    </entity_pair>
    <relation_phrase phrase_text="前首相">
      <mention id="1" POS="nd" position="13" isHead="false">前</mention>
      <mention id="2" POS="n" position="14" isHead="true">首相</mention>
    </relation_phrase>
    <dependency_path>M(1)-ATT-M(2); A(1)-ATT-M(2); M(2)-ATT-A(2);</dependency_path>
  </relation>
  <relation id="71">
    <origin_text>“美国之音”描述的是29日中国领导人习近平和日本前首相福田康夫会谈，以及中国外交部长王毅的讲话在日本引起的反响</origin_text>
    <entity_pair type="LOC-PER">
      <argument id="1" POS="ns" position="19">中国</argument>
      <argument id="2" POS="nh" position="21">王毅</argument>
    </entity_pair>
    <relation_phrase phrase_text="外交部长">
      <mention id="1" POS="n" position="20" isHead="true">外交部长</mention>
      <mention/>
    </relation_phrase>
    <dependency_path>A(1)-ATT-M(1); M(1)-ATT-A(2);</dependency_path>
  </relation>
  <relation id="72">
    <origin_text>俄罗斯船舶工程领域的另一位著名专家尤里·韦杰尔尼科夫认为，电子模拟器虽能成为真实训练设施的补充，但永远不能代替它</origin_text>
    <entity_pair type="LOC-PER">
      <argument id="1" POS="ns" position="1">俄罗斯</argument>
      <argument id="2" POS="nh" position="11">尤里·韦杰尔尼科夫</argument>
    </entity_pair>
    <relation_phrase phrase_text="领域专家">
      <mention id="1" POS="n" position="4" isHead="false">领域</mention>
      <mention id="2" POS="n" position="10" isHead="true">专家</mention>
    </relation_phrase>
    <dependency_path>A(1)-ATT-M(1); M(1)-ATT-M(2); M(2)-ATT-A(2);</dependency_path>
  </relation>
  <relation id="73">
    <origin_text>相反，如果中国真的开始认真取缔，对于日本来说也是伤脑筋的事</origin_text>
    <entity_pair type="LOC-LOC">
      <argument id="1" POS="ns" position="4">中国</argument>
      <argument id="2" POS="ns" position="12">日本</argument>
    </entity_pair>
    <relation_phrase phrase_text="是事">
      <mention id="1" POS="v" position="15" isHead="true">是</mention>
      <mention id="2" POS="n" position="18" isHead="false">事</mention>
    </relation_phrase>
    <dependency_path>M(1)-COO-W(7); A(1)-SBV-W(7); M(2)-VOB-M(1); A(2)-POB-W(11); W(11)-ADV-M(1);</dependency_path>
  </relation>
  <relation id="74">
    <origin_text>随着克里米亚加入俄罗斯，俄罗斯军事飞行员再次获得使用尼特卡舰载机飞行员训练中心的机会，但其使用合理性目前令人生疑</origin_text>
    <entity_pair type="LOC-LOC">
      <argument id="1" POS="ns" position="2">克里米亚</argument>
      <argument id="2" POS="ns" position="4">俄罗斯</argument>
    </entity_pair>
    <relation_phrase phrase_text="加入">
      <mention id="1" POS="v" position="3" isHead="true">加入</mention>
    </relation_phrase>
    <dependency_path>A(1)-SBV-M(1); A(2)-VOB-M(1);</dependency_path>
  </relation>
  <relation id="75">
    <origin_text>10月8日下午，景谷县人武部政工科干事王如山带着几个民兵在废墟上紧张地搜救中，在废墟下捡拾到埋藏着的2万元钱，如实交给李云良的手里</origin_text>
    <entity_pair type="LOC-PER">
      <argument id="1" POS="ns" position="5">景谷县</argument>
      <argument id="2" POS="nh" position="9">王如山</argument>
    </entity_pair>
    <relation_phrase phrase_text="人武部干事">
      <mention id="1" POS="n" position="6" isHead="false">人武部</mention>
      <mention id="2" POS="n" position="8" isHead="true">干事</mention>
    </relation_phrase>
    <dependency_path>A(1)-ATT-M(1); M(1)-ATT-M(2); M(2)-ATT-A(2);</dependency_path>
  </relation>
  <relation id="76">
    <origin_text>王毅在主旨演讲后回答记者提问，在被问及APEC期间中日领导人是否进行双边会见时，他说：“中国是东道主，中国人有一个习惯，来者都是客，这也许意味着日本首相安倍也是客</origin_text>
    <entity_pair type="LOC-PER">
      <argument id="1" POS="ns" position="45">日本</argument>
      <argument id="2" POS="nh" position="47">安倍</argument>
    </entity_pair>
    <relation_phrase phrase_text="首相">
      <mention id="1" POS="n" position="46" isHead="true">首相</mention>
      <mention/>
    </relation_phrase>
    <dependency_path>A(1)-ATT-M(1); M(1)-ATT-A(2);</dependency_path>
  </relation>
  <relation id="77">
    <origin_text>负责该项目的中国工程物理研究院下属的九院高科技装备公司经理易劲松认为，小型无人机有可能成为恐怖分子的选择</origin_text>
    <entity_pair type="ORG-PER">
      <argument id="1" POS="ni" position="5">中国工程物理研究院</argument>
      <argument id="2" POS="nh" position="14">易劲松</argument>
    </entity_pair>
    <relation_phrase phrase_text="下属经理">
      <mention id="1" POS="v" position="6" isHead="false">下属</mention>
      <mention id="2" POS="n" position="13" isHead="true">经理</mention>
    </relation_phrase>
    <dependency_path>A(1)-ATT-M(1); M(1)-ATT-M(2); M(2)-ATT-A(2);</dependency_path>
  </relation>
  <relation id="78">
    <origin_text>1963年12月，毛泽东在听取国务院副总理兼国家科学技术委员会主任聂荣臻汇报十年科学技术规划时指出：“激光，要组织一批人专门去研究它</origin_text>
    <entity_pair type="ORG-PER">
      <argument id="1" POS="ni" position="7">国务院</argument>
      <argument id="2" POS="nh" position="13">聂荣臻</argument>
    </entity_pair>
    <relation_phrase phrase_text="副总理">
      <mention id="1" POS="b" position="8" isHead="false">副</mention>
      <mention id="2" POS="n" position="9" isHead="true">总理</mention>
    </relation_phrase>
    <dependency_path>M(1)-ATT-M(2); A(1)-ATT-M(2); M(2)-ATT-A(2);</dependency_path>
  </relation>
  <relation id="79">
    <origin_text>1963年12月，毛泽东在听取国务院副总理兼国家科学技术委员会主任聂荣臻汇报十年科学技术规划时指出：“激光，要组织一批人专门去研究它</origin_text>
    <entity_pair type="ORG-PER">
      <argument id="1" POS="ni" position="11">国家科学技术委员会</argument>
      <argument id="2" POS="nh" position="13">聂荣臻</argument>
    </entity_pair>
    <relation_phrase phrase_text="主任">
      <mention id="1" POS="n" position="12" isHead="true">主任</mention>
      <mention/>
    </relation_phrase>
    <dependency_path>A(1)-ATT-M(1); W(9)-ATT-A(2); M(1)-COO-W(9);</dependency_path>
  </relation>
  <relation id="80">
    <origin_text>日本外务副大臣中山泰秀在记者会上说，日本政府已在当天下午向中方表示“遗憾”并要求采取措施防止违法捕捞问题再度发生</origin_text>
    <entity_pair type="ORG-PER">
      <argument id="1" POS="ni" position="1">日本外务</argument>
      <argument id="2" POS="nh" position="4">中山泰秀</argument>
    </entity_pair>
    <relation_phrase phrase_text="副大臣">
      <mention id="1" POS="b" position="2" isHead="false">副</mention>
      <mention id="2" POS="n" position="3" isHead="true">大臣</mention>
    </relation_phrase>
    <dependency_path>M(1)-ATT-M(2); A(1)-ATT-M(2); M(2)-ATT-A(2);</dependency_path>
  </relation>
  <relation id="81">
    <origin_text>许多专家认为印度增大对伊朗恰赫巴哈尔港的兴趣和中国装备巴基斯坦瓜达尔港有关</origin_text>
    <entity_pair type="LOC-LOC">
      <argument id="1" POS="ns" position="4">印度</argument>
      <argument id="2" POS="ns" position="13">巴基斯坦瓜达尔港</argument>
    </entity_pair>
    <relation_phrase phrase_text="增大">
      <mention id="1" POS="v" position="5" isHead="true">增大</mention>
    </relation_phrase>
    <dependency_path>A(1)-SBV-M(1); A(2)-COO-W(9); W(9)-VOB-M(1);</dependency_path>
  </relation>
  <relation id="82">
    <origin_text>许多专家认为印度增大对伊朗恰赫巴哈尔港的兴趣和中国装备巴基斯坦瓜达尔港有关</origin_text>
    <entity_pair type="LOC-LOC">
      <argument id="1" POS="ns" position="11">中国</argument>
      <argument id="2" POS="ns" position="13">巴基斯坦瓜达尔港</argument>
    </entity_pair>
    <relation_phrase phrase_text="装备">
      <mention id="1" POS="n" position="12" isHead="true">装备</mention>
      <mention/>
    </relation_phrase>
    <dependency_path>A(1)-ATT-M(1); M(1)-ATT-A(2);</dependency_path>
  </relation>
  <relation id="83">
    <origin_text>中国驻日大使馆新闻参赞杨宇30日对此回应说，中方一贯重视海洋濒危动植物的保护，要求渔民依法进行海上生产作业，禁止违规采集红珊瑚的行为</origin_text>
    <entity_pair type="ORG-PER">
      <argument id="1" POS="ni" position="1">中国驻日大使馆</argument>
      <argument id="2" POS="nh" position="4">杨宇</argument>
    </entity_pair>
    <relation_phrase phrase_text="新闻参赞">
      <mention id="1" POS="n" position="2" isHead="false">新闻</mention>
      <mention id="2" POS="n" position="3" isHead="true">参赞</mention>
    </relation_phrase>
    <dependency_path>M(1)-ATT-M(2); A(1)-ATT-M(2); M(2)-ATT-A(2);</dependency_path>
  </relation>
  <relation id="84">
    <origin_text>日本内阁官房长官菅义伟30日在东京对日中首脑会谈表示期待</origin_text>
    <entity_pair type="LOC-PER">
      <argument id="1" POS="ns" position="1">日本</argument>
      <argument id="2" POS="nh" position="4">菅义伟</argument>
    </entity_pair>
    <relation_phrase phrase_text="内阁官房长官">
      <mention id="1" POS="n" position="2" isHead="false">内阁</mention>
      <mention id="2" POS="n" position="3" isHead="true">官房长官</mention>
    </relation_phrase>
    <dependency_path>A(1)-ATT-M(1); M(1)-ATT-M(2); M(2)-ATT-A(2);</dependency_path>
  </relation>
  <relation id="85">
    <origin_text>日本内阁官房长官菅义伟30日在东京对日中首脑会谈表示期待</origin_text>
    <entity_pair type="PER-LOC">
      <argument id="1" POS="nh" position="4">菅义伟</argument>
      <argument id="2" POS="ns" position="7">东京</argument>
    </entity_pair>
    <relation_phrase phrase_text="表示期待">
      <mention id="1" POS="v" position="12" isHead="true">表示</mention>
      <mention id="2" POS="v" position="13" isHead="false">期待</mention>
    </relation_phrase>
    <dependency_path>A(1)-SBV-M(1); M(2)-VOB-M(1); A(2)-POB-W(6); W(6)-ADV-M(1);</dependency_path>
  </relation>
  <relation id="86">
    <origin_text>日本内阁官房长官菅义伟30日在东京对日中首脑会谈表示期待</origin_text>
    <entity_pair type="PER-Other">
      <argument id="1" POS="nh" position="4">菅义伟</argument>
      <argument id="2" POS="n" position="10">日中首脑</argument>
    </entity_pair>
    <relation_phrase phrase_text="表示期待">
      <mention id="1" POS="v" position="12" isHead="true">表示</mention>
      <mention id="2" POS="v" position="13" isHead="false">期待</mention>
    </relation_phrase>
    <dependency_path>A(1)-SBV-M(1); M(2)-VOB-M(1); A(2)-POB-W(8); W(8)-ADV-M(1);</dependency_path>
  </relation>
  <relation id="87">
    <origin_text>会议开始前，习近平同其他与会领导人依次抵达，受到秘鲁总统库琴斯基的热情迎接</origin_text>
    <entity_pair type="LOC-PER">
      <argument id="1" POS="ns" position="14">秘鲁</argument>
      <argument id="2" POS="nh" position="16">库琴斯基</argument>
    </entity_pair>
    <relation_phrase phrase_text="总统">
      <mention id="1" POS="n" position="15" isHead="true">总统</mention>
      <mention/>
    </relation_phrase>
    <dependency_path>A(1)-ATT-M(1); M(1)-ATT-A(2);</dependency_path>
  </relation>
  <relation id="88">
    <origin_text>万达集团少东家王思聪替父应战，说“冯小刚阴阳怪气，自己挤走别人的片不说，院线排片看片子好坏”</origin_text>
    <entity_pair type="ORG-PER">
      <argument id="1" POS="ni" position="1">万达集团</argument>
      <argument id="2" POS="nh" position="3">王思聪</argument>
    </entity_pair>
    <relation_phrase phrase_text="少东家">
      <mention id="1" POS="n" position="2" isHead="true">少东家</mention>
      <mention/>
    </relation_phrase>
    <dependency_path>A(1)-ATT-M(1); M(1)-ATT-A(2);</dependency_path>
  </relation>
  <relation id="89">
    <origin_text>导演冯小刚在微博微信开炮喊话王健林，对万达院线排片率低不满</origin_text>
    <entity_pair type="PER-PER">
      <argument id="1" POS="nh" position="2">冯小刚</argument>
      <argument id="2" POS="nh" position="8">王健林</argument>
    </entity_pair>
    <relation_phrase phrase_text="在开炮喊话">
      <mention id="1" POS="p" position="3" isHead="false">在</mention>
      <mention id="2" POS="n" position="6" isHead="false">开炮</mention>
      <mention id="3" POS="v" position="7" isHead="true">喊话</mention>
    </relation_phrase>
    <dependency_path>M(1)-ADV-M(3); A(1)-SBV-M(3); M(2)-POB-M(1); A(2)-VOB-M(3);</dependency_path>
  </relation>
  <relation id="90">
    <origin_text>朱家骅与国民党上海市党部主任潘公展就分别给蒋介石写了长信和报告</origin_text>
    <entity_pair type="PER-PER">
      <argument id="1" POS="nh" position="1">朱家骅</argument>
      <argument id="2" POS="nh" position="10">蒋介石</argument>
    </entity_pair>
    <relation_phrase phrase_text="写信">
      <mention id="1" POS="v" position="11" isHead="true">写</mention>
      <mention id="2" POS="n" position="14" isHead="false">信</mention>
    </relation_phrase>
    <dependency_path>A(1)-SBV-M(1); M(2)-VOB-M(1); A(2)-POB-W(9); W(9)-ADV-M(1);</dependency_path>
  </relation>
  <relation id="91">
    <origin_text>朱家骅与国民党上海市党部主任潘公展就分别给蒋介石写了长信和报告</origin_text>
    <entity_pair type="ORG-PER">
      <argument id="1" POS="ni" position="4">上海市党部</argument>
      <argument id="2" POS="nh" position="6">潘公展</argument>
    </entity_pair>
    <relation_phrase phrase_text="主任">
      <mention id="1" POS="n" position="5" isHead="true">主任</mention>
      <mention/>
    </relation_phrase>
    <dependency_path>A(1)-ATT-M(1); M(1)-ATT-A(2);</dependency_path>
  </relation>
  <relation id="92">
    <origin_text>朱家骅与国民党上海市党部主任潘公展就分别给蒋介石写了长信和报告</origin_text>
    <entity_pair type="PER-PER">
      <argument id="1" POS="nh" position="6">潘公展</argument>
      <argument id="2" POS="nh" position="10">蒋介石</argument>
    </entity_pair>
    <relation_phrase phrase_text="写信">
      <mention id="1" POS="v" position="11" isHead="true">写</mention>
      <mention id="2" POS="n" position="14" isHead="false">信</mention>
    </relation_phrase>
    <dependency_path>W(1)-SBV-M(1); A(1)-COO-W(1); M(2)-VOB-M(1); A(2)-POB-W(9); W(9)-ADV-M(1);</dependency_path>
  </relation>
  <relation id="93">
    <origin_text>黄山舰政委帅雄星告诉记者，昨天接到任务后，该舰立即针对任务特点进行了必要准备工作，对海上观察通信仪器设备进行了保养维护，目前各项装备技术状态良好</origin_text>
    <entity_pair type="LOC-PER">
      <argument id="1" POS="ns" position="1">黄山</argument>
      <argument id="2" POS="nh" position="4">帅</argument>
    </entity_pair>
    <relation_phrase phrase_text="舰政委">
      <mention id="1" POS="n" position="2" isHead="false">舰</mention>
      <mention id="2" POS="n" position="3" isHead="true">政委</mention>
    </relation_phrase>
    <dependency_path>A(1)-ATT-M(1); M(1)-ATT-M(2); M(2)-ATT-A(2);</dependency_path>
  </relation>
  <relation id="94">
    <origin_text>2月5日，邓小平结束了在美国的访问，乘专机离开西雅图，飞经安格雷奇、东京，于2月8日安全回到北京</origin_text>
    <entity_pair type="PER-LOC">
      <argument id="1" POS="nh" position="4">邓小平</argument>
      <argument id="2" POS="ns" position="15">西雅图</argument>
    </entity_pair>
    <relation_phrase phrase_text="离开">
      <mention id="1" POS="v" position="14" isHead="true">离开</mention>
    </relation_phrase>
    <dependency_path>M(1)-COO-W(5); A(1)-SBV-W(5); A(2)-VOB-M(1);</dependency_path>
  </relation>
  <relation id="95">
    <origin_text>2月5日，邓小平结束了在美国的访问，乘专机离开西雅图，飞经安格雷奇、东京，于2月8日安全回到北京</origin_text>
    <entity_pair type="PER-LOC">
      <argument id="1" POS="nh" position="4">邓小平</argument>
      <argument id="2" POS="ns" position="28">北京</argument>
    </entity_pair>
    <relation_phrase phrase_text="回到">
      <mention id="1" POS="v" position="27" isHead="true">回到</mention>
    </relation_phrase>
    <dependency_path>M(1)-COO-W(5); A(1)-SBV-W(5); A(2)-VOB-M(1);</dependency_path>
  </relation>
  <relation id="96">
    <origin_text>1979年1月6日，外交部部长黄华将常委决定通知了当时的公安部部长赵苍璧，由我负责安全事务随邓小平出访，并先期去美打前站</origin_text>
    <entity_pair type="ORG-PER">
      <argument id="1" POS="ni" position="5">外交部</argument>
      <argument id="2" POS="nh" position="7">黄华</argument>
    </entity_pair>
    <relation_phrase phrase_text="部长">
      <mention id="1" POS="n" position="6" isHead="true">部长</mention>
      <mention/>
    </relation_phrase>
    <dependency_path>A(1)-ATT-M(1); M(1)-ATT-A(2);</dependency_path>
  </relation>
  <relation id="97">
    <origin_text>1979年1月6日，外交部部长黄华将常委决定通知了当时的公安部部长赵苍璧，由我负责安全事务随邓小平出访，并先期去美打前站</origin_text>
    <entity_pair type="PER-PER">
      <argument id="1" POS="nh" position="7">黄华</argument>
      <argument id="2" POS="nh" position="17">赵苍璧</argument>
    </entity_pair>
    <relation_phrase phrase_text="将常委决定通知">
      <mention id="1" POS="p" position="8" isHead="false">将</mention>
      <mention id="2" POS="n" position="9" isHead="false">常委</mention>
      <mention id="3" POS="v" position="10" isHead="true">决定</mention>
      <mention id="4" POS="v" position="11" isHead="false">通知</mention>
    </relation_phrase>
    <dependency_path>M(1)-ADV-M(3); A(1)-SBV-M(3); M(2)-POB-M(1); M(4)-VOB-M(3); A(2)-VOB-M(4);</dependency_path>
  </relation>
  <relation id="98">
    <origin_text>1979年1月6日，外交部部长黄华将常委决定通知了当时的公安部部长赵苍璧，由我负责安全事务随邓小平出访，并先期去美打前站</origin_text>
    <entity_pair type="PER-Other">
      <argument id="1" POS="nh" position="7">黄华</argument>
      <argument id="2" POS="j" position="31">美</argument>
    </entity_pair>
    <relation_phrase phrase_text="将常委去">
      <mention id="1" POS="p" position="8" isHead="false">将</mention>
      <mention id="2" POS="n" position="9" isHead="false">常委</mention>
      <mention id="3" POS="v" position="30" isHead="true">去</mention>
    </relation_phrase>
    <dependency_path>M(1)-ADV-W(10); A(1)-SBV-W(10); M(2)-POB-M(1); M(3)-COO-W(21); W(21)-COO-W(10); A(2)-VOB-M(3);</dependency_path>
  </relation>
  <relation id="99">
    <origin_text>1979年1月6日，外交部部长黄华将常委决定通知了当时的公安部部长赵苍璧，由我负责安全事务随邓小平出访，并先期去美打前站</origin_text>
    <entity_pair type="ORG-PER">
      <argument id="1" POS="ni" position="15">公安部</argument>
      <argument id="2" POS="nh" position="17">赵苍璧</argument>
    </entity_pair>
    <relation_phrase phrase_text="部长">
      <mention id="1" POS="n" position="16" isHead="true">部长</mention>
      <mention/>
    </relation_phrase>
    <dependency_path>A(1)-ATT-M(1); M(1)-ATT-A(2);</dependency_path>
  </relation>
  <relation id="100">
    <origin_text>北京航天航空大学高级研究员刘江平在接受深圳卫视采访时表示，056A护卫舰的拖曳线阵声呐对探测深水活动的核潜艇比较有优势</origin_text>
    <entity_pair type="ORG-PER">
      <argument id="1" POS="ni" position="1">北京航天航空大学</argument>
      <argument id="2" POS="nh" position="4">刘江平</argument>
    </entity_pair>
    <relation_phrase phrase_text="高级研究员">
      <mention id="1" POS="a" position="2" isHead="false">高级</mention>
      <mention id="2" POS="n" position="3" isHead="true">研究员</mention>
    </relation_phrase>
    <dependency_path>M(1)-ATT-M(2); A(1)-ATT-M(2); M(2)-ATT-A(2);</dependency_path>
  </relation>
  <relation id="101">
    <origin_text>不久前联邦委员会一致授权俄军出兵乌克兰，已经为议会两院接纳克里米亚并入俄联邦进行了“火力准备”</origin_text>
    <entity_pair type="Other-LOC">
      <argument id="1" POS="n" position="7">俄军</argument>
      <argument id="2" POS="ns" position="9">乌克兰</argument>
    </entity_pair>
    <relation_phrase phrase_text="出兵">
      <mention id="1" POS="v" position="8" isHead="true">出兵</mention>
    </relation_phrase>
    <dependency_path>A(1)-SBV-M(1); A(2)-VOB-M(1);</dependency_path>
  </relation>
  <relation id="102">
    <origin_text>俄军则进一步攻入格鲁吉亚腹地，并占领了格鲁吉亚在黑海沿岸的波季港，以及重要战略城市戈里</origin_text>
    <entity_pair type="Other-LOC">
      <argument id="1" POS="n" position="2">俄军</argument>
      <argument id="2" POS="ns" position="7">格鲁吉亚</argument>
    </entity_pair>
    <relation_phrase phrase_text="攻">
      <mention id="1" POS="v" position="5" isHead="true">攻</mention>
    </relation_phrase>
    <dependency_path>A(1)-SBV-M(1); A(2)-ATT-W(8); W(8)-VOB-W(6); W(6)-CMP-M(1);</dependency_path>
  </relation>
  <relation id="103">
    <origin_text>俄军则进一步攻入格鲁吉亚腹地，并占领了格鲁吉亚在黑海沿岸的波季港，以及重要战略城市戈里</origin_text>
    <entity_pair type="Other-LOC">
      <argument id="1" POS="n" position="2">俄军</argument>
      <argument id="2" POS="ns" position="24">戈里</argument>
    </entity_pair>
    <relation_phrase phrase_text="占领">
      <mention id="1" POS="v" position="11" isHead="true">占领</mention>
    </relation_phrase>
    <dependency_path>M(1)-COO-W(5); A(1)-SBV-W(5); A(2)-COO-W(14); W(14)-VOB-M(1);</dependency_path>
  </relation>
  <relation id="104">
    <origin_text>俄军则进一步攻入格鲁吉亚腹地，并占领了格鲁吉亚在黑海沿岸的波季港，以及重要战略城市戈里</origin_text>
    <entity_pair type="LOC-LOC">
      <argument id="1" POS="ns" position="15">黑海</argument>
      <argument id="2" POS="ns" position="18">波季港</argument>
    </entity_pair>
    <relation_phrase phrase_text="沿岸">
      <mention id="1" POS="nd" position="16" isHead="true">沿岸</mention>
      <mention/>
    </relation_phrase>
    <dependency_path>A(1)-ATT-M(1); M(1)-ATT-A(2);</dependency_path>
  </relation>
  <relation id="105">
    <origin_text>大西洋委员会资深研究员罗杰·柯瑞杰曾在美中经济与安全评估委员会上作证，称目前美军对中国的巨大军事优势正在褪色</origin_text>
    <entity_pair type="ORG-PER">
      <argument id="1" POS="ni" position="1">大西洋委员会</argument>
      <argument id="2" POS="nh" position="4">罗杰·柯瑞杰</argument>
    </entity_pair>
    <relation_phrase phrase_text="资深研究员">
      <mention id="1" POS="b" position="2" isHead="false">资深</mention>
      <mention id="2" POS="n" position="3" isHead="true">研究员</mention>
    </relation_phrase>
    <dependency_path>M(1)-ATT-M(2); A(1)-ATT-M(2); M(2)-ATT-A(2);</dependency_path>
  </relation>
  <relation id="106">
    <origin_text>俄罗斯科学院东方研究所印度研究中心高级研究员尤尔洛夫指出，莫迪政府在不反对发展印美关系的同时，宣布了自己外交上的优先方向――首先要符合印度本身的国家利益</origin_text>
    <entity_pair type="ORG-PER">
      <argument id="1" POS="ni" position="1">俄罗斯科学院东方研究所印度研究中心</argument>
      <argument id="2" POS="nh" position="4">尤尔洛夫</argument>
    </entity_pair>
    <relation_phrase phrase_text="高级研究员">
      <mention id="1" POS="a" position="2" isHead="false">高级</mention>
      <mention id="2" POS="n" position="3" isHead="true">研究员</mention>
    </relation_phrase>
    <dependency_path>M(1)-ATT-M(2); A(1)-ATT-M(2); M(2)-ATT-A(2);</dependency_path>
  </relation>
  <relation id="107">
    <origin_text>最后在大家的提议下，高伯龙把报告的讲稿补充整理，由中国计量科学研究院出版发行了出来</origin_text>
    <entity_pair type="ORG-PER">
      <argument id="1" POS="ni" position="17">中国计量科学研究院</argument>
      <argument id="2" POS="nh" position="8">高伯龙</argument>
    </entity_pair>
    <relation_phrase phrase_text="出版">
      <mention id="1" POS="v" position="18" isHead="true">出版</mention>
    </relation_phrase>
    <dependency_path>W(16)-ADV-M(1); A(1)-POB-W(16); A(2)-SBV-W(13); M(1)-COO-W(13);</dependency_path>
  </relation>
  <relation id="108">
    <origin_text>俄战术导弹武器集团公司经理奥布诺索夫透露，共有60多家主流军工企业参与了这个项目</origin_text>
    <entity_pair type="ORG-PER">
      <argument id="1" POS="ni" position="1">俄战术导弹武器集团公司</argument>
      <argument id="2" POS="nh" position="3">奥布诺索夫</argument>
    </entity_pair>
    <relation_phrase phrase_text="经理">
      <mention id="1" POS="n" position="2" isHead="true">经理</mention>
      <mention/>
    </relation_phrase>
    <dependency_path>A(1)-ATT-M(1); M(1)-ATT-A(2);</dependency_path>
  </relation>
  <relation id="109">
    <origin_text>苏霍伊设计局总试飞员博格丹在接受《航空周刊》采访时表示，美国空军确实强调隐身性能，同时还在持续发展空战理论</origin_text>
    <entity_pair type="PER-PER">
      <argument id="1" POS="nh" position="1">苏霍伊</argument>
      <argument id="2" POS="nh" position="5">博格丹</argument>
    </entity_pair>
    <relation_phrase phrase_text="设计局飞员">
      <mention id="1" POS="n" position="2" isHead="false">设计局</mention>
      <mention id="2" POS="n" position="4" isHead="true">飞员</mention>
    </relation_phrase>
    <dependency_path>A(1)-ATT-M(1); M(1)-ATT-M(2); M(2)-ATT-A(2);</dependency_path>
  </relation>
  <relation id="110">
    <origin_text>直到不久以前，中国主要依靠其经济实力在整个亚洲传播其影响力</origin_text>
    <entity_pair type="LOC-LOC">
      <argument id="1" POS="ns" position="5">中国</argument>
      <argument id="2" POS="ns" position="13">亚洲</argument>
    </entity_pair>
    <relation_phrase phrase_text="传播影响力">
      <mention id="1" POS="v" position="14" isHead="true">传播</mention>
      <mention id="2" POS="n" position="16" isHead="false">影响力</mention>
    </relation_phrase>
    <dependency_path>M(1)-COO-W(7); A(1)-SBV-W(7); M(2)-VOB-M(1); A(2)-POB-W(11); W(11)-ADV-M(1);</dependency_path>
  </relation>
  <relation id="111">
    <origin_text>实际上，为了突显美国现在完全拒绝建立势力范围的想法，美国国务卿约翰?克里甚至在去年宣称，“门罗主义时代已经结束”</origin_text>
    <entity_pair type="LOC-PER">
      <argument id="1" POS="ns" position="15">美国</argument>
      <argument id="2" POS="nh" position="17">约翰?克里</argument>
    </entity_pair>
    <relation_phrase phrase_text="国务卿">
      <mention id="1" POS="n" position="16" isHead="true">国务卿</mention>
      <mention/>
    </relation_phrase>
    <dependency_path>A(1)-ATT-M(1); M(1)-ATT-A(2);</dependency_path>
  </relation>
  <relation id="112">
    <origin_text>俄罗斯战略导弹部队前参谋长维克多·叶辛称，美国在俄周边地区建立反导系统是一种直接的安全威胁</origin_text>
    <entity_pair type="LOC-PER">
      <argument id="1" POS="ns" position="1">俄罗斯</argument>
      <argument id="2" POS="nh" position="7">维克多·叶辛</argument>
    </entity_pair>
    <relation_phrase phrase_text="部队参谋长">
      <mention id="1" POS="n" position="4" isHead="false">部队</mention>
      <mention id="2" POS="n" position="6" isHead="true">参谋长</mention>
    </relation_phrase>
    <dependency_path>A(1)-ATT-M(1); M(1)-ATT-M(2); M(2)-ATT-A(2);</dependency_path>
  </relation>
  <relation id="113">
    <origin_text>最近几十年，美国在格林纳达、巴拿马和海地进行了军事干预</origin_text>
    <entity_pair type="LOC-Other">
      <argument id="1" POS="ns" position="5">美国</argument>
      <argument id="2" POS="nz" position="7">格林纳达</argument>
    </entity_pair>
    <relation_phrase phrase_text="进行干预">
      <mention id="1" POS="v" position="12" isHead="true">进行</mention>
      <mention id="2" POS="v" position="15" isHead="false">干预</mention>
    </relation_phrase>
    <dependency_path>A(1)-SBV-M(1); M(2)-VOB-M(1); A(2)-POB-W(6); W(6)-ADV-M(1);</dependency_path>
  </relation>
  <relation id="114">
    <origin_text>最近几十年，美国在格林纳达、巴拿马和海地进行了军事干预</origin_text>
    <entity_pair type="LOC-LOC">
      <argument id="1" POS="ns" position="5">美国</argument>
      <argument id="2" POS="ns" position="9">巴拿马</argument>
    </entity_pair>
    <relation_phrase phrase_text="进行干预">
      <mention id="1" POS="v" position="12" isHead="true">进行</mention>
      <mention id="2" POS="v" position="15" isHead="false">干预</mention>
    </relation_phrase>
    <dependency_path>A(1)-SBV-M(1); M(2)-VOB-M(1); A(2)-COO-W(7); W(7)-POB-W(6); W(6)-ADV-M(1);</dependency_path>
  </relation>
  <relation id="115">
    <origin_text>最近几十年，美国在格林纳达、巴拿马和海地进行了军事干预</origin_text>
    <entity_pair type="LOC-LOC">
      <argument id="1" POS="ns" position="5">美国</argument>
      <argument id="2" POS="ns" position="11">海地</argument>
    </entity_pair>
    <relation_phrase phrase_text="进行干预">
      <mention id="1" POS="v" position="12" isHead="true">进行</mention>
      <mention id="2" POS="v" position="15" isHead="false">干预</mention>
    </relation_phrase>
    <dependency_path>A(1)-SBV-M(1); M(2)-VOB-M(1); A(2)-COO-W(7); W(7)-POB-W(6); W(6)-ADV-M(1);</dependency_path>
  </relation>
  <relation id="116">
    <origin_text>上周俄罗斯与中国在北京就两国军事合作进行了会谈，会后宣布了海军演习计划</origin_text>
    <entity_pair type="LOC-LOC">
      <argument id="1" POS="ns" position="2">俄罗斯</argument>
      <argument id="2" POS="ns" position="6">北京</argument>
    </entity_pair>
    <relation_phrase phrase_text="进行会谈">
      <mention id="1" POS="v" position="12" isHead="true">进行</mention>
      <mention id="2" POS="v" position="14" isHead="false">会谈</mention>
    </relation_phrase>
    <dependency_path>A(1)-SBV-M(1); M(2)-VOB-M(1); A(2)-POB-W(5); W(5)-ADV-M(1);</dependency_path>
  </relation>
  <relation id="117">
    <origin_text>上周俄罗斯与中国在北京就两国军事合作进行了会谈，会后宣布了海军演习计划</origin_text>
    <entity_pair type="LOC-LOC">
      <argument id="1" POS="ns" position="4">中国</argument>
      <argument id="2" POS="ns" position="6">北京</argument>
    </entity_pair>
    <relation_phrase phrase_text="进行会谈">
      <mention id="1" POS="v" position="12" isHead="true">进行</mention>
      <mention id="2" POS="v" position="14" isHead="false">会谈</mention>
    </relation_phrase>
    <dependency_path>W(2)-SBV-M(1); A(1)-COO-W(2); M(2)-VOB-M(1); A(2)-POB-W(5); W(5)-ADV-M(1);</dependency_path>
  </relation>
  <relation id="118">
    <origin_text>本周六揭晓的金马奖，范冰冰是最佳女主角的强有力竞争者，助其入选的是冯小刚新片《我不是潘金莲》</origin_text>
    <entity_pair type="Other-PER">
      <argument id="1" POS="n" position="22">冯小刚新片</argument>
      <argument id="2" POS="nh" position="27">潘金莲</argument>
    </entity_pair>
    <relation_phrase phrase_text="是">
      <mention id="1" POS="v" position="26" isHead="true">是</mention>
    </relation_phrase>
    <dependency_path>A(1)-SBV-M(1); A(2)-VOB-M(1);</dependency_path>
  </relation>
  <relation id="119">
    <origin_text>本月初他和李安在清华大学对谈时，曾说范冰冰希望加一场戏，被他以“李雪莲是介绍人，不是主角”的说法说服了</origin_text>
    <entity_pair type="PER-ORG">
      <argument id="1" POS="nh" position="5">李安</argument>
      <argument id="2" POS="ni" position="7">清华大学</argument>
    </entity_pair>
    <relation_phrase phrase_text="对谈">
      <mention id="1" POS="v" position="8" isHead="true">对谈</mention>
    </relation_phrase>
    <dependency_path>W(3)-SBV-M(1); A(1)-COO-W(3); A(2)-POB-W(6); W(6)-ADV-M(1);</dependency_path>
  </relation>
  <relation id="120">
    <origin_text>对这些指责，中国医院协会副秘书长庄一强曾回应说，“在药品定价过程中，医院是不参与的，医院只有执行权没有定价权”</origin_text>
    <entity_pair type="ORG-PER">
      <argument id="1" POS="ni" position="5">中国医院协会</argument>
      <argument id="2" POS="nh" position="8">庄一强</argument>
    </entity_pair>
    <relation_phrase phrase_text="副秘书长">
      <mention id="1" POS="b" position="6" isHead="false">副</mention>
      <mention id="2" POS="n" position="7" isHead="true">秘书长</mention>
    </relation_phrase>
    <dependency_path>M(1)-ATT-M(2); A(1)-ATT-M(2); M(2)-ATT-A(2);</dependency_path>
  </relation>
  <relation id="121">
    <origin_text>中国房地产学会副会长、北京大学房地产研究所所长陈国强认为，合作建房在中国不现实，制约因素太多</origin_text>
    <entity_pair type="ORG-PER">
      <argument id="1" POS="ni" position="1">中国房地产学会</argument>
      <argument id="2" POS="nh" position="7">陈国强</argument>
    </entity_pair>
    <relation_phrase phrase_text="副会长">
      <mention id="1" POS="b" position="2" isHead="false">副</mention>
      <mention id="2" POS="n" position="3" isHead="true">会长</mention>
    </relation_phrase>
    <dependency_path>M(1)-ATT-M(2); A(1)-ATT-M(2); M(2)-ATT-A(2);</dependency_path>
  </relation>
  <relation id="122">
    <origin_text>中国房地产学会副会长、北京大学房地产研究所所长陈国强认为，合作建房在中国不现实，制约因素太多</origin_text>
    <entity_pair type="ORG-PER">
      <argument id="1" POS="ni" position="5">北京大学房地产研究所</argument>
      <argument id="2" POS="nh" position="7">陈国强</argument>
    </entity_pair>
    <relation_phrase phrase_text="所长">
      <mention id="1" POS="n" position="6" isHead="true">所长</mention>
      <mention/>
    </relation_phrase>
    <dependency_path>A(1)-ATT-M(1); W(3)-ATT-A(2); M(1)-COO-W(3);</dependency_path>
  </relation>
  <relation id="123">
    <origin_text>网易农业事业部总经理毛山直言，网易做农业追求盈利，是要卖产品的，不是做慈善</origin_text>
    <entity_pair type="ORG-PER">
      <argument id="1" POS="ni" position="1">网易农业事业部</argument>
      <argument id="2" POS="nh" position="3">毛山</argument>
    </entity_pair>
    <relation_phrase phrase_text="总经理">
      <mention id="1" POS="n" position="2" isHead="true">总经理</mention>
      <mention/>
    </relation_phrase>
    <dependency_path>A(1)-ATT-M(1); M(1)-ATT-A(2);</dependency_path>
  </relation>
  <relation id="124">
    <origin_text>全国政协委员谢正观提醒，我国低碳城市建设应有序发展，按实际情况分步推进，避免一哄而上的“大跃进”现象</origin_text>
    <entity_pair type="ORG-PER">
      <argument id="1" POS="ni" position="1">全国政协</argument>
      <argument id="2" POS="nh" position="3">谢正观</argument>
    </entity_pair>
    <relation_phrase phrase_text="委员">
      <mention id="1" POS="n" position="2" isHead="true">委员</mention>
      <mention/>
    </relation_phrase>
    <dependency_path>A(1)-ATT-M(1); M(1)-ATT-A(2);</dependency_path>
  </relation>
  <relation id="125">
    <origin_text>讨论中，不少听证代表都建议水价调整方案应“大修大补”，广东省消委会代表朱永平更直接推荐自己撰写的“第三套方案”</origin_text>
    <entity_pair type="ORG-PER">
      <argument id="1" POS="ni" position="19">广东省消委会</argument>
      <argument id="2" POS="nh" position="21">朱永平</argument>
    </entity_pair>
    <relation_phrase phrase_text="代表">
      <mention id="1" POS="n" position="20" isHead="true">代表</mention>
      <mention/>
    </relation_phrase>
    <dependency_path>A(1)-ATT-M(1); M(1)-ATT-A(2);</dependency_path>
  </relation>
  <relation id="126">
    <origin_text>由于供水成本不断增加，致使供水成本与水价倒挂，2011年2月，广州市自来水公司向广州市物价局提出了调整自来水价格的申请</origin_text>
    <entity_pair type="ORG-ORG">
      <argument id="1" POS="ni" position="17">广州市自来水公司</argument>
      <argument id="2" POS="ni" position="19">广州市物价局</argument>
    </entity_pair>
    <relation_phrase phrase_text="提出申请">
      <mention id="1" POS="v" position="20" isHead="true">提出</mention>
      <mention id="2" POS="v" position="26" isHead="false">申请</mention>
    </relation_phrase>
    <dependency_path>A(1)-SBV-M(1); M(2)-VOB-M(1); A(2)-POB-W(18); W(18)-ADV-M(1);</dependency_path>
  </relation>
  <relation id="127">
    <origin_text>广东省政协委员孟浩曾对此表示质疑，由于是南水北调，北方的水价当然会比南方高</origin_text>
    <entity_pair type="ORG-PER">
      <argument id="1" POS="ni" position="1">广东省政协</argument>
      <argument id="2" POS="nh" position="3">孟浩</argument>
    </entity_pair>
    <relation_phrase phrase_text="委员">
      <mention id="1" POS="n" position="2" isHead="true">委员</mention>
      <mention/>
    </relation_phrase>
    <dependency_path>A(1)-ATT-M(1); M(1)-ATT-A(2);</dependency_path>
  </relation>
  <relation id="128">
    <origin_text>更有甚者，市消委会代表衣建明建议将最低水量基数定为48吨</origin_text>
    <entity_pair type="Other-PER">
      <argument id="1" POS="j" position="4">消委会</argument>
      <argument id="2" POS="nh" position="6">衣建明</argument>
    </entity_pair>
    <relation_phrase phrase_text="代表">
      <mention id="1" POS="n" position="5" isHead="true">代表</mention>
      <mention/>
    </relation_phrase>
    <dependency_path>A(1)-ATT-M(1); M(1)-ATT-A(2);</dependency_path>
  </relation>
  <relation id="129">
    <origin_text>广东省消委会代表、律师朱永平带来了自己的水价调整方案</origin_text>
    <entity_pair type="ORG-PER">
      <argument id="1" POS="ni" position="1">广东省消委会</argument>
      <argument id="2" POS="nh" position="5">朱永平</argument>
    </entity_pair>
    <relation_phrase phrase_text="代表">
      <mention id="1" POS="n" position="2" isHead="true">代表</mention>
      <mention/>
    </relation_phrase>
    <dependency_path>A(1)-ATT-M(1); M(1)-ATT-A(2);</dependency_path>
  </relation>
  <relation id="130">
    <origin_text>广州市物价局价格管理处处长赖粤称，虽然两个方案都是涨价，但并不是非A即B，而是要综合多方面意见，最终报政府审批后实行</origin_text>
    <entity_pair type="ORG-PER">
      <argument id="1" POS="ni" position="1">广州市物价局价格管理处</argument>
      <argument id="2" POS="nh" position="3">赖粤</argument>
    </entity_pair>
    <relation_phrase phrase_text="处长">
      <mention id="1" POS="n" position="2" isHead="true">处长</mention>
      <mention/>
    </relation_phrase>
    <dependency_path>A(1)-ATT-M(1); M(1)-ATT-A(2);</dependency_path>
  </relation>
  <relation id="131">
    <origin_text>国务院发展研究中心党组书记、中央财经领导小组办公室副主任刘鹤认为，未来10年，中国经济发展最明显的特点将是经济发展方式转变</origin_text>
    <entity_pair type="ORG-PER">
      <argument id="1" POS="ni" position="1">国务院发展研究中心</argument>
      <argument id="2" POS="nh" position="8">刘鹤</argument>
    </entity_pair>
    <relation_phrase phrase_text="党组书记">
      <mention id="1" POS="n" position="2" isHead="false">党组</mention>
      <mention id="2" POS="n" position="3" isHead="true">书记</mention>
    </relation_phrase>
    <dependency_path>A(1)-ATT-M(1); M(1)-ATT-M(2); M(2)-ATT-A(2);</dependency_path>
  </relation>
  <relation id="132">
    <origin_text>国务院发展研究中心党组书记、中央财经领导小组办公室副主任刘鹤认为，未来10年，中国经济发展最明显的特点将是经济发展方式转变</origin_text>
    <entity_pair type="ORG-PER">
      <argument id="1" POS="ni" position="5">中央财经领导小组办公室</argument>
      <argument id="2" POS="nh" position="8">刘鹤</argument>
    </entity_pair>
    <relation_phrase phrase_text="副主任">
      <mention id="1" POS="b" position="6" isHead="false">副</mention>
      <mention id="2" POS="n" position="7" isHead="true">主任</mention>
    </relation_phrase>
    <dependency_path>M(1)-ATT-M(2); A(1)-ATT-M(2); W(3)-ATT-A(2); M(2)-COO-W(3);</dependency_path>
  </relation>
  <relation id="133">
    <origin_text>清华大学经管学院院长钱颖一表示，“十二五”的核心内容是经济结构的调整，中国经济结构的失调表现在投资过高、消费过低、经济增长过度依赖出口，与其他国家的情况正好相反</origin_text>
    <entity_pair type="ORG-PER">
      <argument id="1" POS="ni" position="1">清华大学经管学院</argument>
      <argument id="2" POS="nh" position="3">钱颖一</argument>
    </entity_pair>
    <relation_phrase phrase_text="院长">
      <mention id="1" POS="n" position="2" isHead="true">院长</mention>
      <mention/>
    </relation_phrase>
    <dependency_path>A(1)-ATT-M(1); M(1)-ATT-A(2);</dependency_path>
  </relation>
  <relation id="134">
    <origin_text>为了求证，2月24日，深圳沃华石油化学添加剂应用技术研究所副所长朱亚敏进行了一次燃烧实验</origin_text>
    <entity_pair type="ORG-PER">
      <argument id="1" POS="ni" position="7">深圳沃华石油化学添加剂应用技术研究所</argument>
      <argument id="2" POS="nh" position="10">朱亚敏</argument>
    </entity_pair>
    <relation_phrase phrase_text="副所长">
      <mention id="1" POS="b" position="8" isHead="false">副</mention>
      <mention id="2" POS="n" position="9" isHead="true">所长</mention>
    </relation_phrase>
    <dependency_path>M(1)-ATT-M(2); A(1)-ATT-M(2); M(2)-ATT-A(2);</dependency_path>
  </relation>
  <relation id="135">
    <origin_text>昆明车主李小猛在中航油的一家加油站加油后，车辆发生了故障，他返回加油站要求赔偿，对方却给了他一份由云南省产品质量监督检验研究院和国家热带农副产品质量监督检验中心出具的检测报告</origin_text>
    <entity_pair type="LOC-PER">
      <argument id="1" POS="ns" position="1">昆明</argument>
      <argument id="2" POS="nh" position="3">李小猛</argument>
    </entity_pair>
    <relation_phrase phrase_text="车主">
      <mention id="1" POS="n" position="2" isHead="true">车主</mention>
      <mention/>
    </relation_phrase>
    <dependency_path>A(1)-ATT-M(1); M(1)-ATT-A(2);</dependency_path>
  </relation>
  <relation id="136">
    <origin_text>总体来说，上海是人才流动的首选城市，有57%的台湾受访者和44.1%的大陆受访者把上海列为工作目的地首选</origin_text>
    <entity_pair type="LOC-LOC">
      <argument id="1" POS="ns" position="4">上海</argument>
      <argument id="2" POS="ns" position="15">台湾</argument>
    </entity_pair>
    <relation_phrase phrase_text="有受访者">
      <mention id="1" POS="v" position="12" isHead="true">有</mention>
      <mention id="2" POS="n" position="16" isHead="false">受访者</mention>
    </relation_phrase>
    <dependency_path>M(1)-COO-W(5); A(1)-SBV-W(5); M(2)-VOB-M(1); A(2)-ATT-M(2);</dependency_path>
  </relation>
  <relation id="137">
    <origin_text>阮哲的老师、北京航空航天大学软件学院院长孙伟虽然觉得以自己的年龄不会作出阮哲的选择，但也给了自己的学生最大的支持</origin_text>
    <entity_pair type="ORG-PER">
      <argument id="1" POS="ni" position="5">北京航空航天大学软件学院</argument>
      <argument id="2" POS="nh" position="7">孙伟</argument>
    </entity_pair>
    <relation_phrase phrase_text="院长">
      <mention id="1" POS="n" position="6" isHead="true">院长</mention>
      <mention/>
    </relation_phrase>
    <dependency_path>A(1)-ATT-M(1); M(1)-ATT-A(2);</dependency_path>
  </relation>
  <relation id="138">
    <origin_text>而这个被“生态农业粉”们津津乐道的农园发起人之一就是清华大学人文与社会科学学院博士后石嫣</origin_text>
    <entity_pair type="ORG-PER">
      <argument id="1" POS="ni" position="17">清华大学人文与社会科学学院</argument>
      <argument id="2" POS="nh" position="19">石嫣</argument>
    </entity_pair>
    <relation_phrase phrase_text="博士后">
      <mention id="1" POS="n" position="18" isHead="true">博士后</mention>
      <mention/>
    </relation_phrase>
    <dependency_path>A(1)-ATT-M(1); M(1)-ATT-A(2);</dependency_path>
  </relation>
  <relation id="139">
    <origin_text>广州社情民意研究中心日前面向广东省进行了一项“城镇医疗保障居民评价”的民意调查</origin_text>
    <entity_pair type="ORG-LOC">
      <argument id="1" POS="ni" position="1">广州社情民意研究中心</argument>
      <argument id="2" POS="ns" position="4">广东省</argument>
    </entity_pair>
    <relation_phrase phrase_text="进行调查">
      <mention id="1" POS="v" position="5" isHead="true">进行</mention>
      <mention id="2" POS="v" position="18" isHead="false">调查</mention>
    </relation_phrase>
    <dependency_path>A(1)-SBV-M(1); M(2)-VOB-M(1); A(2)-POB-W(3); W(3)-ADV-M(1);</dependency_path>
  </relation>
  <relation id="140">
    <origin_text>人民大学社会保障研究中心主任郑功成算了一笔账，到2015年，政府补助城镇居民医保与新农合的财政额度将较今年增长50%以上，绝对额应当在1000亿元以上</origin_text>
    <entity_pair type="ORG-PER">
      <argument id="1" POS="ni" position="1">人民大学社会保障研究中心</argument>
      <argument id="2" POS="nh" position="3">郑功成</argument>
    </entity_pair>
    <relation_phrase phrase_text="主任">
      <mention id="1" POS="n" position="2" isHead="true">主任</mention>
      <mention/>
    </relation_phrase>
    <dependency_path>A(1)-ATT-M(1); M(1)-ATT-A(2);</dependency_path>
  </relation>
  <relation id="141">
    <origin_text>李经淑在章丘市经营精品大葱，也搞大葱物流运送</origin_text>
    <entity_pair type="PER-LOC">
      <argument id="1" POS="nh" position="1">李经淑</argument>
      <argument id="2" POS="ns" position="3">章丘市</argument>
    </entity_pair>
    <relation_phrase phrase_text="经营大葱">
      <mention id="1" POS="v" position="4" isHead="true">经营</mention>
      <mention id="2" POS="n" position="6" isHead="false">大葱</mention>
    </relation_phrase>
    <dependency_path>A(1)-SBV-M(1); M(2)-VOB-M(1); A(2)-POB-W(2); W(2)-ADV-M(1);</dependency_path>
  </relation>
  <relation id="142">
    <origin_text>美国总统奥巴马两年前就签署了《美国制造业促进法案》，表示要全力重振美国制造业，但眼看任期终了却并无起色</origin_text>
    <entity_pair type="LOC-PER">
      <argument id="1" POS="ns" position="1">美国</argument>
      <argument id="2" POS="nh" position="3">奥巴马</argument>
    </entity_pair>
    <relation_phrase phrase_text="总统">
      <mention id="1" POS="n" position="2" isHead="true">总统</mention>
      <mention/>
    </relation_phrase>
    <dependency_path>A(1)-ATT-M(1); M(1)-ATT-A(2);</dependency_path>
  </relation>
  <relation id="143">
    <origin_text>美国总统奥巴马两年前就签署了《美国制造业促进法案》，表示要全力重振美国制造业，但眼看任期终了却并无起色</origin_text>
    <entity_pair type="PER-LOC">
      <argument id="1" POS="nh" position="3">奥巴马</argument>
      <argument id="2" POS="ns" position="11">美国</argument>
    </entity_pair>
    <relation_phrase phrase_text="签署促进法案">
      <mention id="1" POS="v" position="8" isHead="true">签署</mention>
      <mention id="2" POS="v" position="13" isHead="false">促进</mention>
      <mention id="3" POS="n" position="14" isHead="false">法案</mention>
    </relation_phrase>
    <dependency_path>A(1)-SBV-M(1); M(2)-ATT-M(3); M(3)-VOB-M(1); A(2)-ATT-W(12); W(12)-ATT-M(3);</dependency_path>
  </relation>
  <relation id="144">
    <origin_text>清华大学中美关系研究中心高级研究员周世俭曾分析，追逐利润是资本的灵魂</origin_text>
    <entity_pair type="ORG-PER">
      <argument id="1" POS="ni" position="1">清华大学中美关系研究中心</argument>
      <argument id="2" POS="nh" position="4">周世俭</argument>
    </entity_pair>
    <relation_phrase phrase_text="高级研究员">
      <mention id="1" POS="a" position="2" isHead="false">高级</mention>
      <mention id="2" POS="n" position="3" isHead="true">研究员</mention>
    </relation_phrase>
    <dependency_path>M(1)-ATT-M(2); A(1)-ATT-M(2); M(2)-ATT-A(2);</dependency_path>
  </relation>
  <relation id="145">
    <origin_text>去年2月，奥巴马曾在晚餐会上问乔布斯，能否在美国生产iPhone</origin_text>
    <entity_pair type="PER-PER">
      <argument id="1" POS="nh" position="4">奥巴马</argument>
      <argument id="2" POS="nh" position="10">乔布斯</argument>
    </entity_pair>
    <relation_phrase phrase_text="在上问">
      <mention id="1" POS="p" position="6" isHead="false">在</mention>
      <mention id="2" POS="nd" position="8" isHead="false">上</mention>
      <mention id="3" POS="v" position="9" isHead="true">问</mention>
    </relation_phrase>
    <dependency_path>M(1)-ADV-M(3); A(1)-SBV-M(3); M(2)-POB-M(1); A(2)-VOB-M(3);</dependency_path>
  </relation>
  <relation id="146">
    <origin_text>去年2月，奥巴马曾在晚餐会上问乔布斯，能否在美国生产iPhone</origin_text>
    <entity_pair type="PER-LOC">
      <argument id="1" POS="nh" position="4">奥巴马</argument>
      <argument id="2" POS="ns" position="14">美国</argument>
    </entity_pair>
    <relation_phrase phrase_text="生产iPhone">
      <mention id="1" POS="v" position="15" isHead="true">生产</mention>
      <mention id="2" POS="ws" position="16" isHead="false">iPhone</mention>
    </relation_phrase>
    <dependency_path>M(1)-COO-W(9); A(1)-SBV-W(9); M(2)-VOB-M(1); A(2)-POB-W(13); W(13)-ADV-M(1);</dependency_path>
  </relation>
  <relation id="147">
    <origin_text>据粗略估算，中国每年大约有60万此类学生毕业，而在美国只有7万</origin_text>
    <entity_pair type="LOC-LOC">
      <argument id="1" POS="ns" position="5">中国</argument>
      <argument id="2" POS="ns" position="17">美国</argument>
    </entity_pair>
    <relation_phrase phrase_text="有7万">
      <mention id="1" POS="v" position="19" isHead="true">有</mention>
      <mention id="2" POS="m" position="20" isHead="false">7万</mention>
    </relation_phrase>
    <dependency_path>M(1)-COO-W(8); A(1)-SBV-W(8); M(2)-VOB-M(1); A(2)-POB-W(16); W(16)-ADV-M(1);</dependency_path>
  </relation>
  <relation id="148">
    <origin_text>中国人民大学经济学院贾根良教授曾撰文称，世界经济是垄断在跨国公司和跨国资本手中的</origin_text>
    <entity_pair type="ORG-PER">
      <argument id="1" POS="ni" position="1">中国人民大学经济学院</argument>
      <argument id="2" POS="nh" position="2">贾根良</argument>
    </entity_pair>
    <relation_phrase phrase_text="教授">
      <mention id="1" POS="n" position="3" isHead="true">教授</mention>
      <mention/>
    </relation_phrase>
    <dependency_path>A(2)-ATT-M(1); A(1)-ATT-A(2);</dependency_path>
  </relation>
  <relation id="149">
    <origin_text>中国宏观经济学会秘书长王建认为，从大趋势看，美、欧、日等发达国家和地区的经济正逐渐进入“虚拟资本主义”</origin_text>
    <entity_pair type="ORG-PER">
      <argument id="1" POS="ni" position="1">中国宏观经济学会</argument>
      <argument id="2" POS="nh" position="3">王建</argument>
    </entity_pair>
    <relation_phrase phrase_text="秘书长">
      <mention id="1" POS="n" position="2" isHead="true">秘书长</mention>
      <mention/>
    </relation_phrase>
    <dependency_path>A(1)-ATT-M(1); M(1)-ATT-A(2);</dependency_path>
  </relation>
  <relation id="150">
    <origin_text>3月22日早上，深圳市民张华照例打车去公司上班</origin_text>
    <entity_pair type="LOC-PER">
      <argument id="1" POS="ns" position="5">深圳</argument>
      <argument id="2" POS="nh" position="7">张华</argument>
    </entity_pair>
    <relation_phrase phrase_text="市民">
      <mention id="1" POS="n" position="6" isHead="true">市民</mention>
      <mention/>
    </relation_phrase>
    <dependency_path>A(1)-ATT-M(1); M(1)-ATT-A(2);</dependency_path>
  </relation>
  <relation id="151">
    <origin_text>环保部南京环境科学研究所研究员周泽江参与了新规的制定</origin_text>
    <entity_pair type="ORG-PER">
      <argument id="1" POS="ni" position="1">环保部南京环境科学研究所</argument>
      <argument id="2" POS="nh" position="3">周泽江</argument>
    </entity_pair>
    <relation_phrase phrase_text="研究员">
      <mention id="1" POS="n" position="2" isHead="true">研究员</mention>
      <mention/>
    </relation_phrase>
    <dependency_path>A(1)-ATT-M(1); M(1)-ATT-A(2);</dependency_path>
  </relation>
  <relation id="152">
    <origin_text>就在有机产品认证新规开始执行的当天，周泽江正好和几位英国有机农业专家在重庆江津农村考察生态农业</origin_text>
    <entity_pair type="LOC-Other">
      <argument id="1" POS="ns" position="12">周泽江</argument>
      <argument id="2" POS="n" position="23">重庆江津农村</argument>
    </entity_pair>
    <relation_phrase phrase_text="考察农业">
      <mention id="1" POS="v" position="24" isHead="true">考察</mention>
      <mention id="2" POS="n" position="26" isHead="false">农业</mention>
    </relation_phrase>
    <dependency_path>A(1)-SBV-M(1); M(2)-VOB-M(1); A(2)-POB-W(21); W(21)-ADV-M(1);</dependency_path>
  </relation>
  <relation id="153">
    <origin_text>英国生态专家萨拉·海瑟威说，在英国发展生态农业会得到政府补贴，不仅是生产者，土地改良等环节都会得到补贴</origin_text>
    <entity_pair type="LOC-PER">
      <argument id="1" POS="ns" position="1">英国</argument>
      <argument id="2" POS="nh" position="4">萨拉·海瑟威</argument>
    </entity_pair>
    <relation_phrase phrase_text="生态专家">
      <mention id="1" POS="n" position="2" isHead="false">生态</mention>
      <mention id="2" POS="n" position="3" isHead="true">专家</mention>
    </relation_phrase>
    <dependency_path>M(1)-ATT-M(2); A(1)-ATT-M(2); M(2)-ATT-A(2);</dependency_path>
  </relation>
  <relation id="154">
    <origin_text>全国政协委员、兰州理工大学党委书记王智平感觉，不需要这样大张旗鼓要教育用地，不大理解这种做法</origin_text>
    <entity_pair type="ORG-PER">
      <argument id="1" POS="ni" position="1">全国政协</argument>
      <argument id="2" POS="nh" position="6">王智平</argument>
    </entity_pair>
    <relation_phrase phrase_text="委员">
      <mention id="1" POS="n" position="2" isHead="true">委员</mention>
      <mention/>
    </relation_phrase>
    <dependency_path>A(1)-ATT-M(1); M(1)-ATT-A(2);</dependency_path>
  </relation>
  <relation id="155">
    <origin_text>全国政协委员、兰州理工大学党委书记王智平感觉，不需要这样大张旗鼓要教育用地，不大理解这种做法</origin_text>
    <entity_pair type="ORG-PER">
      <argument id="1" POS="ni" position="4">兰州理工大学党委</argument>
      <argument id="2" POS="nh" position="6">王智平</argument>
    </entity_pair>
    <relation_phrase phrase_text="书记">
      <mention id="1" POS="n" position="5" isHead="true">书记</mention>
      <mention/>
    </relation_phrase>
    <dependency_path>A(1)-ATT-M(1); W(2)-ATT-A(2); M(1)-COO-W(2);</dependency_path>
  </relation>
  <relation id="156">
    <origin_text>与甘肃不同，罗伟其所在的广东，最近5年，每年平均以25万人幅度递增的外来务工子女，其读书问题成了罗伟其最头痛的事</origin_text>
    <entity_pair type="PER-LOC">
      <argument id="1" POS="nh" position="5">罗伟</argument>
      <argument id="2" POS="ns" position="9">广东</argument>
    </entity_pair>
    <relation_phrase phrase_text="其所在">
      <mention id="1" POS="r" position="6" isHead="false">其</mention>
      <mention id="2" POS="n" position="7" isHead="true">所在</mention>
    </relation_phrase>
    <dependency_path>M(1)-ATT-M(2); A(1)-ATT-M(2); M(2)-ATT-A(2);</dependency_path>
  </relation>
  <relation id="157">
    <origin_text>与甘肃不同，罗伟其所在的广东，最近5年，每年平均以25万人幅度递增的外来务工子女，其读书问题成了罗伟其最头痛的事</origin_text>
    <entity_pair type="LOC-PER">
      <argument id="1" POS="ns" position="9">广东</argument>
      <argument id="2" POS="nh" position="32">罗伟</argument>
    </entity_pair>
    <relation_phrase phrase_text="成事">
      <mention id="1" POS="v" position="30" isHead="true">成</mention>
      <mention id="2" POS="n" position="37" isHead="false">事</mention>
    </relation_phrase>
    <dependency_path>A(1)-SBV-M(1); M(2)-VOB-M(1); A(2)-ATT-M(2);</dependency_path>
  </relation>
  <relation id="158">
    <origin_text>罗伟其的观点，终于在全国政协委员、北京市21世纪实验学校董事长张杰庭那里得到注解</origin_text>
    <entity_pair type="ORG-PER">
      <argument id="1" POS="ni" position="7">全国政协</argument>
      <argument id="2" POS="nh" position="12">张杰庭</argument>
    </entity_pair>
    <relation_phrase phrase_text="委员">
      <mention id="1" POS="n" position="8" isHead="true">委员</mention>
      <mention/>
    </relation_phrase>
    <dependency_path>A(1)-ATT-M(1); M(1)-ATT-A(2);</dependency_path>
  </relation>
  <relation id="159">
    <origin_text>罗伟其的观点，终于在全国政协委员、北京市21世纪实验学校董事长张杰庭那里得到注解</origin_text>
    <entity_pair type="ORG-PER">
      <argument id="1" POS="ni" position="10">北京市21世纪实验学校</argument>
      <argument id="2" POS="nh" position="12">张杰庭</argument>
    </entity_pair>
    <relation_phrase phrase_text="董事长">
      <mention id="1" POS="n" position="11" isHead="true">董事长</mention>
      <mention/>
    </relation_phrase>
    <dependency_path>A(1)-ATT-M(1); W(8)-ATT-A(2); M(1)-COO-W(8);</dependency_path>
  </relation>
  <relation id="160">
    <origin_text>今天，全国政协委员、北京体育大学校长杨桦拿出一组数据说话，由于体育场地设施严重不足，我国中小学体育课开课率不高</origin_text>
    <entity_pair type="ORG-PER">
      <argument id="1" POS="ni" position="3">全国政协</argument>
      <argument id="2" POS="nh" position="8">杨桦</argument>
    </entity_pair>
    <relation_phrase phrase_text="委员">
      <mention id="1" POS="n" position="4" isHead="true">委员</mention>
      <mention/>
    </relation_phrase>
    <dependency_path>A(1)-ATT-M(1); M(1)-ATT-A(2);</dependency_path>
  </relation>
  <relation id="161">
    <origin_text>今天，全国政协委员、北京体育大学校长杨桦拿出一组数据说话，由于体育场地设施严重不足，我国中小学体育课开课率不高</origin_text>
    <entity_pair type="ORG-PER">
      <argument id="1" POS="ni" position="6">北京体育大学</argument>
      <argument id="2" POS="nh" position="8">杨桦</argument>
    </entity_pair>
    <relation_phrase phrase_text="校长">
      <mention id="1" POS="n" position="7" isHead="true">校长</mention>
      <mention/>
    </relation_phrase>
    <dependency_path>A(1)-ATT-M(1); W(4)-ATT-A(2); M(1)-COO-W(4);</dependency_path>
  </relation>
  <relation id="162">
    <origin_text>谁能忘记北京同仁医院徐文医生被追杀砍伤的一幕</origin_text>
    <entity_pair type="ORG-PER">
      <argument id="1" POS="ni" position="4">北京同仁医院</argument>
      <argument id="2" POS="nh" position="5">徐文</argument>
    </entity_pair>
    <relation_phrase phrase_text="医生">
      <mention id="1" POS="n" position="6" isHead="true">医生</mention>
      <mention/>
    </relation_phrase>
    <dependency_path>A(2)-ATT-M(1); A(1)-ATT-A(2);</dependency_path>
  </relation>
  <relation id="163">
    <origin_text>2008年2月18日，张园和江燕又将上述39套房子卖给崔某等人，并积极配合崔某等人办理房产备案手续</origin_text>
    <entity_pair type="PER-PER">
      <argument id="1" POS="nh" position="5">张园</argument>
      <argument id="2" POS="nh" position="16">崔某</argument>
    </entity_pair>
    <relation_phrase phrase_text="将房子卖">
      <mention id="1" POS="p" position="9" isHead="false">将</mention>
      <mention id="2" POS="n" position="13" isHead="false">房子</mention>
      <mention id="3" POS="v" position="14" isHead="true">卖</mention>
    </relation_phrase>
    <dependency_path>M(1)-ADV-M(3); A(1)-SBV-M(3); M(2)-POB-M(1); A(2)-POB-W(15); W(15)-CMP-M(3);</dependency_path>
  </relation>
  <relation id="164">
    <origin_text>2008年2月18日，张园和江燕又将上述39套房子卖给崔某等人，并积极配合崔某等人办理房产备案手续</origin_text>
    <entity_pair type="PER-PER">
      <argument id="1" POS="nh" position="7">江燕</argument>
      <argument id="2" POS="nh" position="16">崔某</argument>
    </entity_pair>
    <relation_phrase phrase_text="将房子卖">
      <mention id="1" POS="p" position="9" isHead="false">将</mention>
      <mention id="2" POS="n" position="13" isHead="false">房子</mention>
      <mention id="3" POS="v" position="14" isHead="true">卖</mention>
    </relation_phrase>
    <dependency_path>M(1)-ADV-M(3); W(5)-SBV-M(3); A(1)-COO-W(5); M(2)-POB-M(1); A(2)-POB-W(15); W(15)-CMP-M(3);</dependency_path>
  </relation>
  <relation id="165">
    <origin_text>因为关不上的冰箱门，较真的老罗培训创始人罗永浩上演了“怒砸西门子冰箱”的行为艺术</origin_text>
    <entity_pair type="PER-PER">
      <argument id="1" POS="nh" position="11">老罗</argument>
      <argument id="2" POS="nh" position="14">罗永浩</argument>
    </entity_pair>
    <relation_phrase phrase_text="培训创始人">
      <mention id="1" POS="v" position="12" isHead="false">培训</mention>
      <mention id="2" POS="n" position="13" isHead="true">创始人</mention>
    </relation_phrase>
    <dependency_path>M(1)-ATT-M(2); A(1)-ATT-M(2); M(2)-ATT-A(2);</dependency_path>
  </relation>
  <relation id="166">
    <origin_text>2010年初，丰田汽车“踏板门”事件轰动一时，丰田董事长丰田章男专程来北京向中国消费者道歉</origin_text>
    <entity_pair type="Other-PER">
      <argument id="1" POS="nz" position="12">丰田</argument>
      <argument id="2" POS="nh" position="14">丰田章男</argument>
    </entity_pair>
    <relation_phrase phrase_text="董事长">
      <mention id="1" POS="n" position="13" isHead="true">董事长</mention>
      <mention/>
    </relation_phrase>
    <dependency_path>A(1)-ATT-M(1); M(1)-ATT-A(2);</dependency_path>
  </relation>
  <relation id="167">
    <origin_text>2010年初，丰田汽车“踏板门”事件轰动一时，丰田董事长丰田章男专程来北京向中国消费者道歉</origin_text>
    <entity_pair type="PER-LOC">
      <argument id="1" POS="nh" position="14">丰田章男</argument>
      <argument id="2" POS="ns" position="17">北京</argument>
    </entity_pair>
    <relation_phrase phrase_text="来">
      <mention id="1" POS="v" position="16" isHead="true">来</mention>
    </relation_phrase>
    <dependency_path>A(1)-SBV-M(1); A(2)-VOB-M(1);</dependency_path>
  </relation>
  <relation id="168">
    <origin_text>2010年初，丰田汽车“踏板门”事件轰动一时，丰田董事长丰田章男专程来北京向中国消费者道歉</origin_text>
    <entity_pair type="PER-Other">
      <argument id="1" POS="nh" position="14">丰田章男</argument>
      <argument id="2" POS="n" position="20">中国消费者</argument>
    </entity_pair>
    <relation_phrase phrase_text="道歉">
      <mention id="1" POS="v" position="21" isHead="true">道歉</mention>
    </relation_phrase>
    <dependency_path>M(1)-COO-W(16); A(1)-SBV-W(16); A(2)-POB-W(18); W(18)-ADV-M(1);</dependency_path>
  </relation>
  <relation id="169">
    <origin_text>据国家质量监督检验检疫总局2012年2月20日公布的消息，法拉利玛莎拉蒂汽车国际贸易有限公司代表玛莎拉蒂公司向国家质检总局递交了召回报告，因后尾灯缺陷，召回部分进口2008~2010年款玛莎拉蒂汽车</origin_text>
    <entity_pair type="ORG-ORG">
      <argument id="1" POS="ni" position="10">法拉利玛莎拉蒂汽车国际贸易有限公司代表玛莎拉蒂公司</argument>
      <argument id="2" POS="ni" position="12">国家质检总局</argument>
    </entity_pair>
    <relation_phrase phrase_text="递交报告">
      <mention id="1" POS="v" position="13" isHead="true">递交</mention>
      <mention id="2" POS="n" position="16" isHead="false">报告</mention>
    </relation_phrase>
    <dependency_path>A(1)-SBV-M(1); M(2)-VOB-M(1); A(2)-POB-W(11); W(11)-ADV-M(1);</dependency_path>
  </relation>
  <relation id="170">
    <origin_text>北京市律师协会消费者权益法律事务专业委员会主任、北京市汇佳律师事务所主任邱宝昌告诉中国青年报记者</origin_text>
    <entity_pair type="ORG-PER">
      <argument id="1" POS="ni" position="10">北京市汇佳律师事务所</argument>
      <argument id="2" POS="nh" position="12">邱宝昌</argument>
    </entity_pair>
    <relation_phrase phrase_text="主任">
      <mention id="1" POS="n" position="11" isHead="true">主任</mention>
      <mention/>
    </relation_phrase>
    <dependency_path>A(1)-ATT-M(1); W(8)-ATT-A(2); M(1)-COO-W(8);</dependency_path>
  </relation>
  <relation id="171">
    <origin_text>北京市律师协会消费者权益法律事务专业委员会主任、北京市汇佳律师事务所主任邱宝昌告诉中国青年报记者</origin_text>
    <entity_pair type="PER-LOC">
      <argument id="1" POS="nh" position="12">邱宝昌</argument>
      <argument id="2" POS="ns" position="14">中国</argument>
    </entity_pair>
    <relation_phrase phrase_text="告诉记者">
      <mention id="1" POS="v" position="13" isHead="true">告诉</mention>
      <mention id="2" POS="n" position="16" isHead="false">记者</mention>
    </relation_phrase>
    <dependency_path>A(1)-SBV-M(1); M(2)-VOB-M(1); A(2)-ATT-W(15); W(15)-ATT-M(2);</dependency_path>
  </relation>
  <relation id="172">
    <origin_text>种了三年大棚黄瓜的山东省苍山县菜农杨茂龙认为，天气和病害导致蔬菜减产是主要原因</origin_text>
    <entity_pair type="LOC-PER">
      <argument id="1" POS="ns" position="8">山东省苍山县</argument>
      <argument id="2" POS="nh" position="10">杨茂龙</argument>
    </entity_pair>
    <relation_phrase phrase_text="菜农">
      <mention id="1" POS="n" position="9" isHead="true">菜农</mention>
      <mention/>
    </relation_phrase>
    <dependency_path>A(1)-ATT-M(1); M(1)-ATT-A(2);</dependency_path>
  </relation>
  <relation id="173">
    <origin_text>借款数亿元后“跑路”的苏州凯维隆贸易有限公司法人代表顾春芳于3月27日晚在上海被抓获</origin_text>
    <entity_pair type="ORG-PER">
      <argument id="1" POS="ni" position="9">苏州凯维隆贸易有限公司</argument>
      <argument id="2" POS="nh" position="12">顾春芳</argument>
    </entity_pair>
    <relation_phrase phrase_text="法人代表">
      <mention id="1" POS="n" position="10" isHead="false">法人</mention>
      <mention id="2" POS="n" position="11" isHead="true">代表</mention>
    </relation_phrase>
    <dependency_path>A(1)-ATT-M(1); M(1)-ATT-M(2); M(2)-ATT-A(2);</dependency_path>
  </relation>
  <relation id="174">
    <origin_text>借款数亿元后“跑路”的苏州凯维隆贸易有限公司法人代表顾春芳于3月27日晚在上海被抓获</origin_text>
    <entity_pair type="PER-LOC">
      <argument id="1" POS="nh" position="12">顾春芳</argument>
      <argument id="2" POS="ns" position="18">上海</argument>
    </entity_pair>
    <relation_phrase phrase_text="抓获">
      <mention id="1" POS="v" position="20" isHead="true">抓获</mention>
    </relation_phrase>
    <dependency_path>A(1)-SBV-M(1); A(2)-POB-W(17); W(17)-ADV-M(1);</dependency_path>
  </relation>
  <relation id="175">
    <origin_text>3月16日，常熟市公安局依法受理并立即进行初查，在掌握了相关犯罪证据的情况下，于22日对顾春芳涉嫌经济犯罪进行立案侦查，并办理刑事拘留手续上网进行追缉</origin_text>
    <entity_pair type="ORG-PER">
      <argument id="1" POS="ni" position="4">常熟市公安局</argument>
      <argument id="2" POS="nh" position="25">顾春芳</argument>
    </entity_pair>
    <relation_phrase phrase_text="涉嫌犯罪">
      <mention id="1" POS="v" position="26" isHead="true">涉嫌</mention>
      <mention id="2" POS="v" position="28" isHead="false">犯罪</mention>
    </relation_phrase>
    <dependency_path>M(1)-COO-W(6); A(1)-SBV-W(6); M(2)-VOB-M(1); A(2)-POB-W(24); W(24)-ADV-M(1);</dependency_path>
  </relation>
  <relation id="176">
    <origin_text>3月28日，国家发改委副主任彭森表示，今年要择机推出成品油价格改革方案，缩短调价周期，改进调价操作方式</origin_text>
    <entity_pair type="ORG-PER">
      <argument id="1" POS="ni" position="4">国家发改委</argument>
      <argument id="2" POS="nh" position="7">彭森</argument>
    </entity_pair>
    <relation_phrase phrase_text="副主任">
      <mention id="1" POS="b" position="5" isHead="false">副</mention>
      <mention id="2" POS="n" position="6" isHead="true">主任</mention>
    </relation_phrase>
    <dependency_path>M(1)-ATT-M(2); A(1)-ATT-M(2); M(2)-ATT-A(2);</dependency_path>
  </relation>
  <relation id="177">
    <origin_text>这是胡锦涛主席同巴西总统罗塞夫、俄罗斯总统梅德韦杰夫、印度总理辛格、南非总统祖马合影</origin_text>
    <entity_pair type="Other-PER">
      <argument id="1" POS="n" position="4">胡锦涛主席</argument>
      <argument id="2" POS="nh" position="8">罗塞夫</argument>
    </entity_pair>
    <relation_phrase phrase_text="合影">
      <mention id="1" POS="v" position="21" isHead="true">合影</mention>
    </relation_phrase>
    <dependency_path>A(1)-SBV-M(1); A(2)-POB-W(5); W(5)-ADV-M(1);</dependency_path>
  </relation>
  <relation id="178">
    <origin_text>这是胡锦涛主席同巴西总统罗塞夫、俄罗斯总统梅德韦杰夫、印度总理辛格、南非总统祖马合影</origin_text>
    <entity_pair type="Other-PER">
      <argument id="1" POS="n" position="4">胡锦涛主席</argument>
      <argument id="2" POS="nh" position="12">梅德韦杰夫</argument>
    </entity_pair>
    <relation_phrase phrase_text="合影">
      <mention id="1" POS="v" position="21" isHead="true">合影</mention>
    </relation_phrase>
    <dependency_path>A(1)-SBV-M(1); A(2)-COO-W(8); W(8)-POB-W(5); W(5)-ADV-M(1);</dependency_path>
  </relation>
  <relation id="179">
    <origin_text>这是胡锦涛主席同巴西总统罗塞夫、俄罗斯总统梅德韦杰夫、印度总理辛格、南非总统祖马合影</origin_text>
    <entity_pair type="Other-PER">
      <argument id="1" POS="n" position="4">胡锦涛主席</argument>
      <argument id="2" POS="nh" position="16">辛格</argument>
    </entity_pair>
    <relation_phrase phrase_text="合影">
      <mention id="1" POS="v" position="21" isHead="true">合影</mention>
    </relation_phrase>
    <dependency_path>A(1)-SBV-M(1); A(2)-COO-W(8); W(8)-POB-W(5); W(5)-ADV-M(1);</dependency_path>
  </relation>
  <relation id="180">
    <origin_text>这是胡锦涛主席同巴西总统罗塞夫、俄罗斯总统梅德韦杰夫、印度总理辛格、南非总统祖马合影</origin_text>
    <entity_pair type="Other-PER">
      <argument id="1" POS="n" position="4">胡锦涛主席</argument>
      <argument id="2" POS="nh" position="20">祖马</argument>
    </entity_pair>
    <relation_phrase phrase_text="合影">
      <mention id="1" POS="v" position="21" isHead="true">合影</mention>
    </relation_phrase>
    <dependency_path>A(1)-SBV-M(1); A(2)-COO-W(8); W(8)-POB-W(5); W(5)-ADV-M(1);</dependency_path>
  </relation>
  <relation id="181">
    <origin_text>这是胡锦涛主席同巴西总统罗塞夫、俄罗斯总统梅德韦杰夫、印度总理辛格、南非总统祖马合影</origin_text>
    <entity_pair type="LOC-PER">
      <argument id="1" POS="ns" position="6">巴西</argument>
      <argument id="2" POS="nh" position="8">罗塞夫</argument>
    </entity_pair>
    <relation_phrase phrase_text="总统">
      <mention id="1" POS="n" position="7" isHead="true">总统</mention>
      <mention/>
    </relation_phrase>
    <dependency_path>A(1)-ATT-M(1); M(1)-ATT-A(2);</dependency_path>
  </relation>
  <relation id="182">
    <origin_text>这是胡锦涛主席同巴西总统罗塞夫、俄罗斯总统梅德韦杰夫、印度总理辛格、南非总统祖马合影</origin_text>
    <entity_pair type="LOC-PER">
      <argument id="1" POS="ns" position="10">俄罗斯</argument>
      <argument id="2" POS="nh" position="12">梅德韦杰夫</argument>
    </entity_pair>
    <relation_phrase phrase_text="总统">
      <mention id="1" POS="n" position="11" isHead="true">总统</mention>
      <mention/>
    </relation_phrase>
    <dependency_path>A(1)-ATT-M(1); M(1)-ATT-A(2);</dependency_path>
  </relation>
  <relation id="183">
    <origin_text>这是胡锦涛主席同巴西总统罗塞夫、俄罗斯总统梅德韦杰夫、印度总理辛格、南非总统祖马合影</origin_text>
    <entity_pair type="LOC-PER">
      <argument id="1" POS="ns" position="14">印度</argument>
      <argument id="2" POS="nh" position="16">辛格</argument>
    </entity_pair>
    <relation_phrase phrase_text="总理">
      <mention id="1" POS="n" position="15" isHead="true">总理</mention>
      <mention/>
    </relation_phrase>
    <dependency_path>A(1)-ATT-M(1); M(1)-ATT-A(2);</dependency_path>
  </relation>
  <relation id="184">
    <origin_text>这是胡锦涛主席同巴西总统罗塞夫、俄罗斯总统梅德韦杰夫、印度总理辛格、南非总统祖马合影</origin_text>
    <entity_pair type="LOC-PER">
      <argument id="1" POS="ns" position="18">南非</argument>
      <argument id="2" POS="nh" position="20">祖马</argument>
    </entity_pair>
    <relation_phrase phrase_text="总统">
      <mention id="1" POS="n" position="19" isHead="true">总统</mention>
      <mention/>
    </relation_phrase>
    <dependency_path>A(1)-ATT-M(1); M(1)-ATT-A(2);</dependency_path>
  </relation>
  <relation id="185">
    <origin_text>会晤前，印度总理辛格为与会领导人举行迎宾仪式</origin_text>
    <entity_pair type="LOC-PER">
      <argument id="1" POS="ns" position="4">印度</argument>
      <argument id="2" POS="nh" position="6">辛格</argument>
    </entity_pair>
    <relation_phrase phrase_text="总理">
      <mention id="1" POS="n" position="5" isHead="true">总理</mention>
      <mention/>
    </relation_phrase>
    <dependency_path>A(1)-ATT-M(1); M(1)-ATT-A(2);</dependency_path>
  </relation>
  <relation id="186">
    <origin_text>海口市民顾志斌坦言，慈善信息公开透明，是化解信任危机，增强社会公信力的基础</origin_text>
    <entity_pair type="LOC-PER">
      <argument id="1" POS="ns" position="1">海口</argument>
      <argument id="2" POS="nh" position="3">顾志斌</argument>
    </entity_pair>
    <relation_phrase phrase_text="市民">
      <mention id="1" POS="n" position="2" isHead="true">市民</mention>
      <mention/>
    </relation_phrase>
    <dependency_path>A(1)-ATT-M(1); M(1)-ATT-A(2);</dependency_path>
  </relation>
  <relation id="187">
    <origin_text>中国改革发展研究院执行院长迟福林说：“国内慈善业缺乏专业化水准，一个突出问题是民间慈善组织发育缓慢，这导致公益慈善机构缺乏竞争意识和责任意识”</origin_text>
    <entity_pair type="LOC-PER">
      <argument id="1" POS="ns" position="1">中国</argument>
      <argument id="2" POS="nh" position="7">迟福林</argument>
    </entity_pair>
    <relation_phrase phrase_text="研究院院长">
      <mention id="1" POS="n" position="4" isHead="false">研究院</mention>
      <mention id="2" POS="n" position="6" isHead="true">院长</mention>
    </relation_phrase>
    <dependency_path>A(1)-ATT-M(1); M(1)-ATT-M(2); M(2)-ATT-A(2);</dependency_path>
  </relation>
  <relation id="188">
    <origin_text>阳光文化基金会董事局主席杨澜在论坛上说这个问题正在引起政府的重视</origin_text>
    <entity_pair type="ORG-PER">
      <argument id="1" POS="ni" position="1">阳光文化基金会</argument>
      <argument id="2" POS="nh" position="4">杨澜</argument>
    </entity_pair>
    <relation_phrase phrase_text="董事局主席">
      <mention id="1" POS="n" position="2" isHead="false">董事局</mention>
      <mention id="2" POS="n" position="3" isHead="true">主席</mention>
    </relation_phrase>
    <dependency_path>M(1)-ATT-M(2); A(1)-ATT-M(2); M(2)-ATT-A(2);</dependency_path>
  </relation>
  <relation id="189">
    <origin_text>淄博市周村区旅游局长、古商城管委会办公室主任尚志胜说，“我们现在考虑更多的是让游客慢下来、留下来、住下来</origin_text>
    <entity_pair type="LOC-PER">
      <argument id="1" POS="ns" position="1">淄博市周村区</argument>
      <argument id="2" POS="nh" position="7">尚志胜</argument>
    </entity_pair>
    <relation_phrase phrase_text="旅游局长">
      <mention id="1" POS="v" position="2" isHead="false">旅游</mention>
      <mention id="2" POS="n" position="3" isHead="true">局长</mention>
    </relation_phrase>
    <dependency_path>M(1)-ATT-M(2); A(1)-ATT-M(2); M(2)-ATT-A(2);</dependency_path>
  </relation>
  <relation id="190">
    <origin_text>淄博市周村区旅游局长、古商城管委会办公室主任尚志胜说，“我们现在考虑更多的是让游客慢下来、留下来、住下来</origin_text>
    <entity_pair type="ORG-PER">
      <argument id="1" POS="ni" position="5">古商城管委会办公室</argument>
      <argument id="2" POS="nh" position="7">尚志胜</argument>
    </entity_pair>
    <relation_phrase phrase_text="主任">
      <mention id="1" POS="n" position="6" isHead="true">主任</mention>
      <mention/>
    </relation_phrase>
    <dependency_path>A(1)-ATT-M(1); W(3)-ATT-A(2); M(1)-COO-W(3);</dependency_path>
  </relation>
  <relation id="191">
    <origin_text>北京天问律师事务所律师周泽参与了此案的诉讼</origin_text>
    <entity_pair type="ORG-PER">
      <argument id="1" POS="ni" position="1">北京天问律师事务所</argument>
      <argument id="2" POS="nh" position="3">周泽</argument>
    </entity_pair>
    <relation_phrase phrase_text="律师">
      <mention id="1" POS="n" position="2" isHead="true">律师</mention>
      <mention/>
    </relation_phrase>
    <dependency_path>A(1)-ATT-M(1); M(1)-ATT-A(2);</dependency_path>
  </relation>
  <relation id="192">
    <origin_text>东溪镇双河村村支书李显俊感受特别明显的是“以前喊开会，很多人觉得和自己无关，打麻将的、种地的，一两个小时都聚不齐</origin_text>
    <entity_pair type="LOC-PER">
      <argument id="1" POS="ns" position="1">东溪镇双河村</argument>
      <argument id="2" POS="nh" position="3">李显俊</argument>
    </entity_pair>
    <relation_phrase phrase_text="村支书">
      <mention id="1" POS="n" position="2" isHead="true">村支书</mention>
      <mention/>
    </relation_phrase>
    <dependency_path>A(1)-ATT-M(1); M(1)-ATT-A(2);</dependency_path>
  </relation>
  <relation id="193">
    <origin_text>环境保护部南京环境科学研究所研究员、国际有机农业运动联盟亚洲代表周泽江认为，农民工回乡发展有机农业具备很多优势</origin_text>
    <entity_pair type="ORG-PER">
      <argument id="1" POS="ni" position="3">南京环境科学研究所</argument>
      <argument id="2" POS="nh" position="13">周泽江</argument>
    </entity_pair>
    <relation_phrase phrase_text="研究员">
      <mention id="1" POS="n" position="4" isHead="true">研究员</mention>
      <mention/>
    </relation_phrase>
    <dependency_path>A(1)-ATT-M(1); M(1)-ATT-A(2);</dependency_path>
  </relation>
  <relation id="194">
    <origin_text>环境保护部南京环境科学研究所研究员、国际有机农业运动联盟亚洲代表周泽江认为，农民工回乡发展有机农业具备很多优势</origin_text>
    <entity_pair type="LOC-PER">
      <argument id="1" POS="ns" position="11">亚洲</argument>
      <argument id="2" POS="nh" position="13">周泽江</argument>
    </entity_pair>
    <relation_phrase phrase_text="代表">
      <mention id="1" POS="n" position="12" isHead="true">代表</mention>
      <mention/>
    </relation_phrase>
    <dependency_path>A(1)-ATT-M(1); M(1)-ATT-A(2);</dependency_path>
  </relation>
  <relation id="195">
    <origin_text>对此，北京市环境监测专家虞统认为，选择监测点就是要反映一个区域的空气状况，“如果边上是污染排放源，监测就不能代表区域污染水平</origin_text>
    <entity_pair type="ORG-PER">
      <argument id="1" POS="ni" position="4">北京市环境</argument>
      <argument id="2" POS="nh" position="7">虞统</argument>
    </entity_pair>
    <relation_phrase phrase_text="监测专家">
      <mention id="1" POS="v" position="5" isHead="false">监测</mention>
      <mention id="2" POS="n" position="6" isHead="true">专家</mention>
    </relation_phrase>
    <dependency_path>M(1)-ATT-M(2); A(1)-ATT-M(2); M(2)-ATT-A(2);</dependency_path>
  </relation>
  <relation id="196">
    <origin_text>中科院大气物理研究所研究员王跃思说，监测点在居住区、办公区、郊区、农田、甚至公园按人类活动比例均匀分配较为合理</origin_text>
    <entity_pair type="ORG-PER">
      <argument id="1" POS="ni" position="1">中科院大气物理研究所</argument>
      <argument id="2" POS="nh" position="3">王跃思</argument>
    </entity_pair>
    <relation_phrase phrase_text="研究员">
      <mention id="1" POS="n" position="2" isHead="true">研究员</mention>
      <mention/>
    </relation_phrase>
    <dependency_path>A(1)-ATT-M(1); M(1)-ATT-A(2);</dependency_path>
  </relation>
  <relation id="197">
    <origin_text>上海环境监测中心总工程师伏晴艳说，PM2.5监测点选址应该科学规范，避免人为因素影响监测结果</origin_text>
    <entity_pair type="ORG-PER">
      <argument id="1" POS="ni" position="1">上海环境监测中心</argument>
      <argument id="2" POS="nh" position="3">伏晴艳</argument>
    </entity_pair>
    <relation_phrase phrase_text="总工程师">
      <mention id="1" POS="n" position="2" isHead="true">总工程师</mention>
      <mention/>
    </relation_phrase>
    <dependency_path>A(1)-ATT-M(1); M(1)-ATT-A(2);</dependency_path>
  </relation>
  <relation id="198">
    <origin_text>上海交通大学法学院环境资源法研究所所长王曦则认为，公众并不是技术专家，应该把设点方案公开、设点条件公开，甚至可以考虑召开听证会，求得最大公认度</origin_text>
    <entity_pair type="ORG-PER">
      <argument id="1" POS="ni" position="1">上海交通大学法学院环境资源法研究所</argument>
      <argument id="2" POS="nh" position="3">王曦</argument>
    </entity_pair>
    <relation_phrase phrase_text="所长">
      <mention id="1" POS="n" position="2" isHead="true">所长</mention>
      <mention/>
    </relation_phrase>
    <dependency_path>A(1)-ATT-M(1); M(1)-ATT-A(2);</dependency_path>
  </relation>
  <relation id="199">
    <origin_text>中国环境监测总站站长罗毅说，从治理空气污染的角度来说，新标准的实施确实是一个攻坚克难的过程</origin_text>
    <entity_pair type="ORG-PER">
      <argument id="1" POS="ni" position="1">中国环境监测总站</argument>
      <argument id="2" POS="nh" position="3">罗毅</argument>
    </entity_pair>
    <relation_phrase phrase_text="站长">
      <mention id="1" POS="n" position="2" isHead="true">站长</mention>
      <mention/>
    </relation_phrase>
    <dependency_path>A(1)-ATT-M(1); M(1)-ATT-A(2);</dependency_path>
  </relation>
  <relation id="200">
    <origin_text>上海市环境保护局局长张全建议通过国家立法明确区域大气污染防治联防联控</origin_text>
    <entity_pair type="ORG-PER">
      <argument id="1" POS="ni" position="1">上海市环境保护局</argument>
      <argument id="2" POS="nh" position="3">张全</argument>
    </entity_pair>
    <relation_phrase phrase_text="局长">
      <mention id="1" POS="n" position="2" isHead="true">局长</mention>
      <mention/>
    </relation_phrase>
    <dependency_path>A(1)-ATT-M(1); M(1)-ATT-A(2);</dependency_path>
  </relation>
  <relation id="201">
    <origin_text>广东省社会科学院竞争力研究中心主任丁力教授认为，出现这种事情与现在的发展模式有很大的关系，企业以低成本优势参与国际竞争，人道主义关怀很少</origin_text>
    <entity_pair type="ORG-PER">
      <argument id="1" POS="ni" position="1">广东省社会科学院竞争力研究中心</argument>
      <argument id="2" POS="nh" position="3">丁力</argument>
    </entity_pair>
    <relation_phrase phrase_text="主任">
      <mention id="1" POS="n" position="2" isHead="true">主任</mention>
      <mention/>
    </relation_phrase>
    <dependency_path>A(1)-ATT-M(1); M(1)-ATT-A(2);</dependency_path>
  </relation>
  <relation id="202">
    <origin_text>广东省职业病防治院副院长胡世杰提醒，监管部门和打工者不要指望事后补救，胶水中毒者的“后遗症”，要完全康复几乎没有希望</origin_text>
    <entity_pair type="ORG-PER">
      <argument id="1" POS="ni" position="1">广东省职业病防治院</argument>
      <argument id="2" POS="nh" position="4">胡世杰</argument>
    </entity_pair>
    <relation_phrase phrase_text="副院长">
      <mention id="1" POS="b" position="2" isHead="false">副</mention>
      <mention id="2" POS="n" position="3" isHead="true">院长</mention>
    </relation_phrase>
    <dependency_path>M(1)-ATT-M(2); A(1)-ATT-M(2); M(2)-ATT-A(2);</dependency_path>
  </relation>
  <relation id="203">
    <origin_text>山东省社会科学院经济研究所所长张卫国认为，近年来农产品价格波动较为剧烈，价格周期也大幅缩短，对农户的正常生产形成很大干扰</origin_text>
    <entity_pair type="ORG-PER">
      <argument id="1" POS="ni" position="1">山东省社会科学院经济研究所</argument>
      <argument id="2" POS="nh" position="3">张卫国</argument>
    </entity_pair>
    <relation_phrase phrase_text="所长">
      <mention id="1" POS="n" position="2" isHead="true">所长</mention>
      <mention/>
    </relation_phrase>
    <dependency_path>A(1)-ATT-M(1); M(1)-ATT-A(2);</dependency_path>
  </relation>
  <relation id="204">
    <origin_text>4月10日上午，记者致电上海瑞捷总经理李晓辉</origin_text>
    <entity_pair type="ORG-PER">
      <argument id="1" POS="ni" position="7">上海瑞捷</argument>
      <argument id="2" POS="nh" position="9">李晓辉</argument>
    </entity_pair>
    <relation_phrase phrase_text="总经理">
      <mention id="1" POS="n" position="8" isHead="true">总经理</mention>
      <mention/>
    </relation_phrase>
    <dependency_path>A(1)-ATT-M(1); M(1)-ATT-A(2);</dependency_path>
  </relation>
  <relation id="205">
    <origin_text>深圳市交警局指挥处处长冯新毅介绍，交通信号灯受停电影响的区域较多，波及范围之广，近年来罕见</origin_text>
    <entity_pair type="ORG-PER">
      <argument id="1" POS="ni" position="1">深圳市交警局指挥处</argument>
      <argument id="2" POS="nh" position="3">冯新毅</argument>
    </entity_pair>
    <relation_phrase phrase_text="处长">
      <mention id="1" POS="n" position="2" isHead="true">处长</mention>
      <mention/>
    </relation_phrase>
    <dependency_path>A(1)-ATT-M(1); M(1)-ATT-A(2);</dependency_path>
  </relation>
  <relation id="206">
    <origin_text>云龙县林业局副局长杨建孙介绍，这几年当地对核桃产业的发展非常重视，县财政、林业部门每年出资400万元左右给农民提供免费的核桃苗</origin_text>
    <entity_pair type="ORG-PER">
      <argument id="1" POS="ni" position="1">云龙县林业局</argument>
      <argument id="2" POS="nh" position="4">杨建孙</argument>
    </entity_pair>
    <relation_phrase phrase_text="副局长">
      <mention id="1" POS="b" position="2" isHead="false">副</mention>
      <mention id="2" POS="n" position="3" isHead="true">局长</mention>
    </relation_phrase>
    <dependency_path>M(1)-ATT-M(2); A(1)-ATT-M(2); M(2)-ATT-A(2);</dependency_path>
  </relation>
  <relation id="207">
    <origin_text>﻿广州市国土房管局副局长黄文波说，2011年1月至11月，广州市十区商品住宅成交量同比减少20%</origin_text>
    <entity_pair type="ORG-PER">
      <argument id="1" POS="ni" position="2">广州市国土房管局</argument>
      <argument id="2" POS="nh" position="5">黄文波</argument>
    </entity_pair>
    <relation_phrase phrase_text="副局长">
      <mention id="1" POS="b" position="3" isHead="false">副</mention>
      <mention id="2" POS="n" position="4" isHead="true">局长</mention>
    </relation_phrase>
    <dependency_path>M(1)-ATT-M(2); A(1)-ATT-M(2); M(2)-ATT-A(2);</dependency_path>
  </relation>
  <relation id="208">
    <origin_text>毛泽东出生于湖南</origin_text>
    <entity_pair type="PER-LOC">
      <argument id="1" POS="nh" position="1">毛泽东</argument>
      <argument id="2" POS="ns" position="4">湖南</argument>
    </entity_pair>
    <relation_phrase phrase_text="出生">
      <mention id="1" POS="v" position="2" isHead="true">出生</mention>
    </relation_phrase>
    <dependency_path>A(1)-SBV-M(1); A(2)-POB-W(3); W(3)-CMP-M(1);</dependency_path>
  </relation>
  <relation id="209">
    <origin_text>贵州省委副书记王思齐，省委常委、副省长袁荣贵也参加了考察</origin_text>
    <entity_pair type="ORG-PER">
      <argument id="1" POS="ni" position="1">贵州省委</argument>
      <argument id="2" POS="nh" position="4">王思齐</argument>
    </entity_pair>
    <relation_phrase phrase_text="副书记">
      <mention id="1" POS="b" position="2" isHead="false">副</mention>
      <mention id="2" POS="n" position="3" isHead="true">书记</mention>
    </relation_phrase>
    <dependency_path>M(1)-ATT-M(2); A(1)-ATT-M(2); M(2)-ATT-A(2);</dependency_path>
  </relation>
  <relation id="210">
    <origin_text>1927年3月11日，蒋介石、张静江、张群、黄郛等人踏雪游览庐山风光</origin_text>
    <entity_pair type="PER-LOC">
      <argument id="1" POS="nh" position="5">蒋介石</argument>
      <argument id="2" POS="ns" position="16">庐山</argument>
    </entity_pair>
    <relation_phrase phrase_text="游览风光">
      <mention id="1" POS="v" position="15" isHead="true">游览</mention>
      <mention id="2" POS="n" position="17" isHead="false">风光</mention>
    </relation_phrase>
    <dependency_path>M(1)-COO-W(14); W(13)-SBV-W(14); A(1)-ATT-W(13); M(2)-VOB-M(1); A(2)-ATT-M(2);</dependency_path>
  </relation>
  <relation id="211">
    <origin_text>1927年3月11日，蒋介石、张静江、张群、黄郛等人踏雪游览庐山风光</origin_text>
    <entity_pair type="PER-LOC">
      <argument id="1" POS="nh" position="7">张静江</argument>
      <argument id="2" POS="ns" position="16">庐山</argument>
    </entity_pair>
    <relation_phrase phrase_text="游览风光">
      <mention id="1" POS="v" position="15" isHead="true">游览</mention>
      <mention id="2" POS="n" position="17" isHead="false">风光</mention>
    </relation_phrase>
    <dependency_path>M(1)-COO-W(14); W(13)-SBV-W(14); W(5)-ATT-W(13); A(1)-COO-W(5); M(2)-VOB-M(1); A(2)-ATT-M(2);</dependency_path>
  </relation>
  <relation id="212">
    <origin_text>1927年3月11日，蒋介石、张静江、张群、黄郛等人踏雪游览庐山风光</origin_text>
    <entity_pair type="PER-LOC">
      <argument id="1" POS="nh" position="9">张群</argument>
      <argument id="2" POS="ns" position="16">庐山</argument>
    </entity_pair>
    <relation_phrase phrase_text="游览风光">
      <mention id="1" POS="v" position="15" isHead="true">游览</mention>
      <mention id="2" POS="n" position="17" isHead="false">风光</mention>
    </relation_phrase>
    <dependency_path>M(1)-COO-W(14); W(13)-SBV-W(14); W(5)-ATT-W(13); A(1)-COO-W(5); M(2)-VOB-M(1); A(2)-ATT-M(2);</dependency_path>
  </relation>
  <relation id="213">
    <origin_text>1927年3月11日，蒋介石、张静江、张群、黄郛等人踏雪游览庐山风光</origin_text>
    <entity_pair type="PER-LOC">
      <argument id="1" POS="nh" position="11">黄郛</argument>
      <argument id="2" POS="ns" position="16">庐山</argument>
    </entity_pair>
    <relation_phrase phrase_text="游览风光">
      <mention id="1" POS="v" position="15" isHead="true">游览</mention>
      <mention id="2" POS="n" position="17" isHead="false">风光</mention>
    </relation_phrase>
    <dependency_path>M(1)-COO-W(14); W(13)-SBV-W(14); W(5)-ATT-W(13); A(1)-COO-W(5); M(2)-VOB-M(1); A(2)-ATT-M(2);</dependency_path>
  </relation>
  <relation id="214">
    <origin_text>蒋介石兴致勃勃离开庐山</origin_text>
    <entity_pair type="PER-LOC">
      <argument id="1" POS="nh" position="1">蒋介石</argument>
      <argument id="2" POS="ns" position="4">庐山</argument>
    </entity_pair>
    <relation_phrase phrase_text="离开">
      <mention id="1" POS="v" position="3" isHead="true">离开</mention>
    </relation_phrase>
    <dependency_path>A(1)-SBV-M(1); A(2)-VOB-M(1);</dependency_path>
  </relation>
  <relation id="215">
    <origin_text>张季鸾抵达庐山，蒋介石于6月10日在“美庐”会见了张季鸾</origin_text>
    <entity_pair type="PER-LOC">
      <argument id="1" POS="nh" position="1">张季鸾</argument>
      <argument id="2" POS="ns" position="3">庐山</argument>
    </entity_pair>
    <relation_phrase phrase_text="抵达">
      <mention id="1" POS="v" position="2" isHead="true">抵达</mention>
    </relation_phrase>
    <dependency_path>A(1)-SBV-M(1); A(2)-VOB-M(1);</dependency_path>
  </relation>
  <relation id="216">
    <origin_text>张季鸾抵达庐山，蒋介石于6月10日在“美庐”会见了张季鸾</origin_text>
    <entity_pair type="PER-PER">
      <argument id="1" POS="nh" position="5">蒋介石</argument>
      <argument id="2" POS="nh" position="15">张季鸾</argument>
    </entity_pair>
    <relation_phrase phrase_text="于10日会见">
      <mention id="1" POS="p" position="6" isHead="false">于</mention>
      <mention id="2" POS="nt" position="8" isHead="false">10日</mention>
      <mention id="3" POS="v" position="13" isHead="true">会见</mention>
    </relation_phrase>
    <dependency_path>M(1)-ADV-M(3); A(1)-SBV-M(3); M(2)-POB-M(1); A(2)-VOB-M(3);</dependency_path>
  </relation>
  <relation id="217">
    <origin_text>邓兆祥游览庐山</origin_text>
    <entity_pair type="PER-PER">
      <argument id="1" POS="nh" position="1">邓兆祥</argument>
      <argument id="2" POS="nh" position="3">庐山</argument>
    </entity_pair>
    <relation_phrase phrase_text="游览">
      <mention id="1" POS="v" position="2" isHead="true">游览</mention>
    </relation_phrase>
    <dependency_path>A(1)-SBV-M(1); A(2)-VOB-M(1);</dependency_path>
  </relation>
  <relation id="218">
    <origin_text>习近平在埃及进行国事访问</origin_text>
    <entity_pair type="PER-LOC">
      <argument id="1" POS="nh" position="1">习近平</argument>
      <argument id="2" POS="ns" position="3">埃及</argument>
    </entity_pair>
    <relation_phrase phrase_text="进行国事访问">
      <mention id="1" POS="v" position="4" isHead="true">进行</mention>
      <mention id="2" POS="i" position="5" isHead="false">国事访问</mention>
    </relation_phrase>
    <dependency_path>A(1)-SBV-M(1); M(2)-VOB-M(1); A(2)-POB-W(2); W(2)-ADV-M(1);</dependency_path>
  </relation>
  <relation id="219">
    <origin_text>习近平和他的妻子彭丽媛一起访问美国</origin_text>
    <entity_pair type="PER-LOC">
      <argument id="1" POS="nh" position="1">习近平</argument>
      <argument id="2" POS="ns" position="9">美国</argument>
    </entity_pair>
    <relation_phrase phrase_text="访问">
      <mention id="1" POS="v" position="8" isHead="true">访问</mention>
    </relation_phrase>
    <dependency_path>A(1)-SBV-M(1); A(2)-VOB-M(1);</dependency_path>
  </relation>
  <relation id="220">
    <origin_text>习近平和他的妻子彭丽媛一起访问美国</origin_text>
    <entity_pair type="PER-LOC">
      <argument id="1" POS="nh" position="6">彭丽媛</argument>
      <argument id="2" POS="ns" position="9">美国</argument>
    </entity_pair>
    <relation_phrase phrase_text="访问">
      <mention id="1" POS="v" position="8" isHead="true">访问</mention>
    </relation_phrase>
    <dependency_path>W(1)-SBV-M(1); A(1)-COO-W(1); A(2)-VOB-M(1);</dependency_path>
  </relation>
  <relation id="221">
    <origin_text>2012年8月14日早上，周克华被重庆警方击毙</origin_text>
    <entity_pair type="Other-PER">
      <argument id="1" POS="n" position="9">重庆警方</argument>
      <argument id="2" POS="nh" position="6">周克华</argument>
    </entity_pair>
    <relation_phrase phrase_text="击毙">
      <mention id="1" POS="v" position="10" isHead="true">击毙</mention>
    </relation_phrase>
    <dependency_path>W(7)-ADV-M(1); A(1)-POB-W(7); A(2)-FOB-M(1);</dependency_path>
  </relation>
  <relation id="222">
    <origin_text>周克华女友张贵英案于2013年1月15日在重庆市沙坪坝区人民法院开庭审理，为张贵英担任辩护律师的四川舟楫律师事务所的律师称，他将为张贵英做无罪辩护</origin_text>
    <entity_pair type="PER-PER">
      <argument id="1" POS="nh" position="1">周克华</argument>
      <argument id="2" POS="nh" position="3">张贵英</argument>
    </entity_pair>
    <relation_phrase phrase_text="女友">
      <mention id="1" POS="n" position="2" isHead="true">女友</mention>
      <mention/>
    </relation_phrase>
    <dependency_path>A(1)-ATT-M(1); M(1)-ATT-A(2);</dependency_path>
  </relation>
  <relation id="223">
    <origin_text>周克华女友张贵英案于2013年1月15日在重庆市沙坪坝区人民法院开庭审理，为张贵英担任辩护律师的四川舟楫律师事务所的律师称，他将为张贵英做无罪辩护</origin_text>
    <entity_pair type="Other-Other">
      <argument id="1" POS="n" position="4">张贵英案</argument>
      <argument id="2" POS="n" position="11">重庆市沙坪坝区人民法院</argument>
    </entity_pair>
    <relation_phrase phrase_text="开庭">
      <mention id="1" POS="v" position="12" isHead="true">开庭</mention>
    </relation_phrase>
    <dependency_path>A(1)-SBV-M(1); A(2)-POB-W(9); W(9)-ADV-M(1);</dependency_path>
  </relation>
  <relation id="224">
    <origin_text>摄影师丁玉珍把冲好的照片交给了孔玲</origin_text>
    <entity_pair type="PER-PER">
      <argument id="1" POS="nh" position="2">丁玉珍</argument>
      <argument id="2" POS="nh" position="10">孔玲</argument>
    </entity_pair>
    <relation_phrase phrase_text="把照片交给">
      <mention id="1" POS="p" position="3" isHead="false">把</mention>
      <mention id="2" POS="n" position="7" isHead="false">照片</mention>
      <mention id="3" POS="v" position="8" isHead="true">交给</mention>
    </relation_phrase>
    <dependency_path>M(1)-ADV-M(3); A(1)-SBV-M(3); M(2)-POB-M(1); A(2)-VOB-M(3);</dependency_path>
  </relation>
  <relation id="225">
    <origin_text>姚明的妻子叶莉</origin_text>
    <entity_pair type="PER-PER">
      <argument id="1" POS="nh" position="1">姚明</argument>
      <argument id="2" POS="nh" position="4">叶莉</argument>
    </entity_pair>
    <relation_phrase phrase_text="妻子">
      <mention id="1" POS="n" position="3" isHead="true">妻子</mention>
      <mention/>
    </relation_phrase>
    <dependency_path>A(1)-ATT-M(1); M(1)-ATT-A(2);</dependency_path>
  </relation>
  <relation id="226">
    <origin_text>江泽民总书记到北京医院看望刘湖涛同志</origin_text>
    <entity_pair type="Other-ORG">
      <argument id="1" POS="n" position="2">江泽民总书记</argument>
      <argument id="2" POS="ni" position="4">北京医院</argument>
    </entity_pair>
    <relation_phrase phrase_text="看望同志">
      <mention id="1" POS="v" position="5" isHead="true">看望</mention>
      <mention id="2" POS="n" position="7" isHead="false">同志</mention>
    </relation_phrase>
    <dependency_path>A(1)-SBV-M(1); M(2)-VOB-M(1); A(2)-POB-W(3); W(3)-ADV-M(1);</dependency_path>
  </relation>
  <relation id="227">
    <origin_text>江泽民总书记到北京医院看望刘湖涛同志</origin_text>
    <entity_pair type="Other-PER">
      <argument id="1" POS="n" position="2">江泽民总书记</argument>
      <argument id="2" POS="nh" position="6">刘湖涛</argument>
    </entity_pair>
    <relation_phrase phrase_text="看望同志">
      <mention id="1" POS="v" position="5" isHead="true">看望</mention>
      <mention id="2" POS="n" position="7" isHead="false">同志</mention>
    </relation_phrase>
    <dependency_path>A(1)-SBV-M(1); M(2)-VOB-M(1); A(2)-ATT-M(2);</dependency_path>
  </relation>
  <relation id="228">
    <origin_text>中共中央政治局常委、全国政协主席李瑞环</origin_text>
    <entity_pair type="ORG-PER">
      <argument id="1" POS="ni" position="1">中共中央政治局</argument>
      <argument id="2" POS="nh" position="6">李瑞环</argument>
    </entity_pair>
    <relation_phrase phrase_text="常委">
      <mention id="1" POS="n" position="2" isHead="true">常委</mention>
      <mention/>
    </relation_phrase>
    <dependency_path>A(1)-ATT-M(1); M(1)-ATT-A(2);</dependency_path>
  </relation>
  <relation id="229">
    <origin_text>中共中央政治局常委、全国政协主席李瑞环</origin_text>
    <entity_pair type="ORG-PER">
      <argument id="1" POS="ni" position="4">全国政协</argument>
      <argument id="2" POS="nh" position="6">李瑞环</argument>
    </entity_pair>
    <relation_phrase phrase_text="主席">
      <mention id="1" POS="n" position="5" isHead="true">主席</mention>
      <mention/>
    </relation_phrase>
    <dependency_path>A(1)-ATT-M(1); W(2)-ATT-A(2); M(1)-COO-W(2);</dependency_path>
  </relation>
  <relation id="230">
    <origin_text>国务院副秘书长何椿露、外交部副部长唐家璇及有关国家驻华使节</origin_text>
    <entity_pair type="ORG-PER">
      <argument id="1" POS="ni" position="1">国务院</argument>
      <argument id="2" POS="nh" position="4">何椿露</argument>
    </entity_pair>
    <relation_phrase phrase_text="副秘书长">
      <mention id="1" POS="b" position="2" isHead="false">副</mention>
      <mention id="2" POS="n" position="3" isHead="true">秘书长</mention>
    </relation_phrase>
    <dependency_path>M(1)-ATT-M(2); A(1)-ATT-M(2); M(2)-ATT-A(2);</dependency_path>
  </relation>
  <relation id="231">
    <origin_text>国务院副秘书长何椿露、外交部副部长唐家璇及有关国家驻华使节</origin_text>
    <entity_pair type="ORG-PER">
      <argument id="1" POS="ni" position="6">外交部</argument>
      <argument id="2" POS="nh" position="9">唐家璇</argument>
    </entity_pair>
    <relation_phrase phrase_text="副部长">
      <mention id="1" POS="b" position="7" isHead="false">副</mention>
      <mention id="2" POS="n" position="8" isHead="true">部长</mention>
    </relation_phrase>
    <dependency_path>M(1)-ATT-M(2); A(1)-ATT-M(2); M(2)-ATT-A(2);</dependency_path>
  </relation>
  <relation id="232">
    <origin_text>北京理工大学的教育专家、21世纪教育研究院院长杨东平表示，“想要摆脱应试教育的思维模式，转向重视个性的教育模式，这十分困难”</origin_text>
    <entity_pair type="LOC-PER">
      <argument id="1" POS="ns" position="1">北京</argument>
      <argument id="2" POS="nh" position="12">杨东平</argument>
    </entity_pair>
    <relation_phrase phrase_text="理工大学">
      <mention id="1" POS="n" position="2" isHead="true">理工大学</mention>
      <mention/>
    </relation_phrase>
    <dependency_path>A(1)-ATT-M(1); A(2)-COO-W(5); M(1)-ATT-W(5);</dependency_path>
  </relation>
  <relation id="233">
    <origin_text>青海位于青藏高原上</origin_text>
    <entity_pair type="LOC-LOC">
      <argument id="1" POS="ns" position="1">青海</argument>
      <argument id="2" POS="ns" position="3">青藏高原</argument>
    </entity_pair>
    <relation_phrase phrase_text="位于上">
      <mention id="1" POS="v" position="2" isHead="true">位于</mention>
      <mention id="2" POS="nd" position="4" isHead="false">上</mention>
    </relation_phrase>
    <dependency_path>A(1)-SBV-M(1); M(2)-VOB-M(1); A(2)-ATT-M(2);</dependency_path>
  </relation>
  <relation id="234">
    <origin_text>德国总统高克访问中国，并在同济大学发表演讲</origin_text>
    <entity_pair type="LOC-PER">
      <argument id="1" POS="ns" position="1">德国</argument>
      <argument id="2" POS="nh" position="3">高克</argument>
    </entity_pair>
    <relation_phrase phrase_text="总统">
      <mention id="1" POS="n" position="2" isHead="true">总统</mention>
      <mention/>
    </relation_phrase>
    <dependency_path>A(1)-ATT-M(1); M(1)-ATT-A(2);</dependency_path>
  </relation>
  <relation id="235">
    <origin_text>德国总统高克访问中国，并在同济大学发表演讲</origin_text>
    <entity_pair type="PER-LOC">
      <argument id="1" POS="nh" position="3">高克</argument>
      <argument id="2" POS="ns" position="5">中国</argument>
    </entity_pair>
    <relation_phrase phrase_text="访问">
      <mention id="1" POS="v" position="4" isHead="true">访问</mention>
    </relation_phrase>
    <dependency_path>A(1)-SBV-M(1); A(2)-VOB-M(1);</dependency_path>
  </relation>
  <relation id="236">
    <origin_text>德国总统高克访问中国，并在同济大学发表演讲</origin_text>
    <entity_pair type="PER-ORG">
      <argument id="1" POS="nh" position="3">高克</argument>
      <argument id="2" POS="ni" position="9">同济大学</argument>
    </entity_pair>
    <relation_phrase phrase_text="发表演讲">
      <mention id="1" POS="v" position="10" isHead="true">发表</mention>
      <mention id="2" POS="v" position="11" isHead="false">演讲</mention>
    </relation_phrase>
    <dependency_path>M(1)-COO-W(4); A(1)-SBV-W(4); M(2)-VOB-M(1);
        A(2)-POB-W(8); W(8)-ADV-M(1);</dependency_path>
  </relation>
  <relation id="237">
    <origin_text>广东省房协理事赵卓文分析，2012年楼市的风险远远大于机遇</origin_text>
    <entity_pair type="ORG-PER">
      <argument id="1" POS="ni" position="1">广东省房协</argument>
      <argument id="2" POS="nh" position="3">赵卓文</argument>
    </entity_pair>
    <relation_phrase phrase_text="理事">
      <mention id="1" POS="n" position="2" isHead="true">理事</mention>
      <mention/>
    </relation_phrase>
    <dependency_path>A(1)-ATT-M(1); M(1)-ATT-A(2);</dependency_path>
  </relation>
  <relation id="238">
    <origin_text>纽约市长白思豪和纽约市紧急管理部门表示当局已经严阵以待</origin_text>
    <entity_pair type="LOC-PER">
      <argument id="1" POS="ns" position="1">纽约</argument>
      <argument id="2" POS="nh" position="3">白思豪</argument>
    </entity_pair>
    <relation_phrase phrase_text="市长">
      <mention id="1" POS="n" position="2" isHead="true">市长</mention>
      <mention/>
    </relation_phrase>
    <dependency_path>A(1)-ATT-M(1); M(1)-ATT-A(2);</dependency_path>
  </relation>
  <relation id="239">
    <origin_text>科学家爱因斯坦曾在普林斯顿大学呆了很久，我很欣赏他的一句话</origin_text>
    <entity_pair type="PER-ORG">
      <argument id="1" POS="nh" position="2">爱因斯坦</argument>
      <argument id="2" POS="ni" position="5">普林斯顿大学</argument>
    </entity_pair>
    <relation_phrase phrase_text="呆在">
      <mention id="1" POS="v" position="6" isHead="true">呆</mention>
      <mention id="2" POS="p" position="4" isHead="false">在</mention>
    </relation_phrase>
    <dependency_path>A(1)-SBV-M(1); M(2)-ADV-M(1); A(2)-POB-M(2);</dependency_path>
  </relation>
  <relation id="240">
    <origin_text>美国加州理工学院的迈克尔•布朗教授及其同事在《天文学杂志》上发表报告称，海王星轨道外的柯伊伯带星体轨道都受到一个未知星体的影响</origin_text>
    <entity_pair type="ORG-PER">
      <argument id="1" POS="ni" position="1">美国加州理工学院</argument>
      <argument id="2" POS="nh" position="3">迈克尔•布朗</argument>
    </entity_pair>
    <relation_phrase phrase_text="教授">
      <mention id="1" POS="n" position="4" isHead="true">教授</mention>
      <mention/>
    </relation_phrase>
    <dependency_path>A(1)-ATT-M(1); A(2)-ATT-M(1);</dependency_path>
  </relation>
  <relation id="241">
    <origin_text>喀布尔警局负责人拉希米说，袭击目标是当地媒体TOLO电视台的员工班车，此类专门针对平民的袭击近年来非常罕见</origin_text>
    <entity_pair type="ORG-PER">
      <argument id="1" POS="ni" position="1">喀布尔警局</argument>
      <argument id="2" POS="nh" position="3">拉希米</argument>
    </entity_pair>
    <relation_phrase phrase_text="负责人">
      <mention id="1" POS="n" position="2" isHead="true">负责人</mention>
      <mention/>
    </relation_phrase>
    <dependency_path>A(1)-ATT-M(1); M(1)-ATT-A(2);</dependency_path>
  </relation>
  <relation id="242">
    <origin_text>一名现场目击者告诉新华社记者，爆炸地点临近俄罗斯驻阿富汗大使馆，TOLO电视台的一辆员工班车被炸毁</origin_text>
    <entity_pair type="LOC-LOC">
      <argument id="1" POS="ns" position="12">俄罗斯</argument>
      <argument id="2" POS="ns" position="14">阿富汗</argument>
    </entity_pair>
    <relation_phrase phrase_text="驻">
      <mention id="1" POS="v" position="13" isHead="true">驻</mention>
    </relation_phrase>
    <dependency_path>A(1)-SBV-M(1); A(2)-VOB-M(1);</dependency_path>
  </relation>
  <relation id="243">
    <origin_text>美军在土耳其南部因克里克空军基地部署了携带“地狱火”导弹的“收割者”无人机，定点清除蒙面刽子手“圣战者约翰”的美军无人机就是从这里起飞的</origin_text>
    <entity_pair type="Other-Other">
      <argument id="1" POS="j" position="1">美军</argument>
      <argument id="2" POS="n" position="6">因克里克空军基地</argument>
    </entity_pair>
    <relation_phrase phrase_text="部署无人机">
      <mention id="1" POS="v" position="7" isHead="true">部署</mention>
      <mention id="2" POS="n" position="18" isHead="false">无人机</mention>
    </relation_phrase>
    <dependency_path>A(1)-SBV-M(1); M(2)-VOB-M(1); A(2)-POB-W(2); W(2)-ADV-M(1);</dependency_path>
  </relation>
  <relation id="244">
    <origin_text>东耶路撒冷圣城大学政治系教授艾哈迈德·拉菲克·阿瓦德指出，中国在对外交往中坚持和平共处五项原则，支持中东和平进程</origin_text>
    <entity_pair type="ORG-PER">
      <argument id="1" POS="ni" position="1">东耶路撒冷圣城大学政治系</argument>
      <argument id="2" POS="nh" position="3">艾哈迈德·拉菲克·阿瓦德</argument>
    </entity_pair>
    <relation_phrase phrase_text="教授">
      <mention id="1" POS="n" position="2" isHead="true">教授</mention>
      <mention/>
    </relation_phrase>
    <dependency_path>A(1)-ATT-M(1); M(1)-ATT-A(2);</dependency_path>
  </relation>
  <relation id="245">
    <origin_text>台湾立法机构副院长洪秀柱20日下午宣布参选国民党主席，成为第一位明确表态参选的党内人士</origin_text>
    <entity_pair type="LOC-PER">
      <argument id="1" POS="ns" position="1">台湾</argument>
      <argument id="2" POS="nh" position="6">洪秀柱</argument>
    </entity_pair>
    <relation_phrase phrase_text="机构院长">
      <mention id="1" POS="n" position="3" isHead="false">机构</mention>
      <mention id="2" POS="n" position="5" isHead="true">院长</mention>
    </relation_phrase>
    <dependency_path>A(1)-ATT-M(1); M(1)-ATT-M(2); M(2)-ATT-A(2);</dependency_path>
  </relation>
  <relation id="246">
    <origin_text>民进党候选人蔡英文批评马英九当局的“外交休兵”政策</origin_text>
    <entity_pair type="Other-PER">
      <argument id="1" POS="j" position="1">民进</argument>
      <argument id="2" POS="nh" position="4">蔡英文</argument>
    </entity_pair>
    <relation_phrase phrase_text="党候选人">
      <mention id="1" POS="n" position="2" isHead="false">党</mention>
      <mention id="2" POS="n" position="3" isHead="true">候选人</mention>
    </relation_phrase>
    <dependency_path>M(1)-ATT-M(2); A(1)-ATT-M(2); M(2)-ATT-A(2);</dependency_path>
  </relation>
  <relation id="247">
    <origin_text>正因此，也就不难理解，蔡英文的言论为何会在岛内引发“民进党若当选，会不会把台湾置于险境”的热议</origin_text>
    <entity_pair type="Other-LOC">
      <argument id="1" POS="n" position="20">民进党</argument>
      <argument id="2" POS="ns" position="28">台湾</argument>
    </entity_pair>
    <relation_phrase phrase_text="置于险境">
      <mention id="1" POS="v" position="29" isHead="true">置于</mention>
      <mention id="2" POS="n" position="30" isHead="false">险境</mention>
    </relation_phrase>
    <dependency_path>M(1)-COO-W(22); A(1)-SBV-W(22); M(2)-VOB-M(1); A(2)-POB-W(27); W(27)-ADV-M(1);</dependency_path>
  </relation>
  <relation id="248">
    <origin_text>中国生物技术股份有限公司副总裁吴永林告诉中国青年报记者</origin_text>
    <entity_pair type="ORG-PER">
      <argument id="1" POS="ni" position="1">中国生物技术股份有限公司</argument>
      <argument id="2" POS="nh" position="4">吴永林</argument>
    </entity_pair>
    <relation_phrase phrase_text="副总裁">
      <mention id="1" POS="b" position="2" isHead="false">副</mention>
      <mention id="2" POS="n" position="3" isHead="true">总裁</mention>
    </relation_phrase>
    <dependency_path>M(1)-ATT-M(2); A(1)-ATT-M(2); M(2)-ATT-A(2);</dependency_path>
  </relation>
  <relation id="249">
    <origin_text>中国生物技术股份有限公司副总裁吴永林告诉中国青年报记者</origin_text>
    <entity_pair type="PER-LOC">
      <argument id="1" POS="nh" position="4">吴永林</argument>
      <argument id="2" POS="ns" position="6">中国</argument>
    </entity_pair>
    <relation_phrase phrase_text="告诉记者">
      <mention id="1" POS="v" position="5" isHead="true">告诉</mention>
      <mention id="2" POS="n" position="8" isHead="false">记者</mention>
    </relation_phrase>
    <dependency_path>A(1)-SBV-M(1); M(2)-VOB-M(1); A(2)-ATT-W(7); W(7)-ATT-M(2);</dependency_path>
  </relation>
  <relation id="250">
    <origin_text>目前，衡山县政府正在为罗学云申报见义勇为</origin_text>
    <entity_pair type="ORG-PER">
      <argument id="1" POS="ni" position="3">衡山县政府</argument>
      <argument id="2" POS="nh" position="6">罗学云</argument>
    </entity_pair>
    <relation_phrase phrase_text="申报见义勇为">
      <mention id="1" POS="v" position="7" isHead="true">申报</mention>
      <mention id="2" POS="i" position="8" isHead="false">见义勇为</mention>
    </relation_phrase>
    <dependency_path>A(1)-SBV-M(1); M(2)-VOB-M(1); A(2)-POB-W(5); W(5)-ADV-M(1);</dependency_path>
  </relation>
  <relation id="251">
    <origin_text>据悉，李正希长期在原广州国际控股集团有限公司下属的广州产权交易所、广州交易所集团任职，担任广州交易所集团有限公司董事长、广州碳排放权交易所有限公司董事长等职务，多家上市公司独立董事</origin_text>
    <entity_pair type="PER-ORG">
      <argument id="1" POS="nh" position="3">李正希</argument>
      <argument id="2" POS="ni" position="10">广州产权交易所</argument>
    </entity_pair>
    <relation_phrase phrase_text="任职">
      <mention id="1" POS="v" position="13" isHead="true">任职</mention>
    </relation_phrase>
    <dependency_path>A(1)-SBV-M(1); A(2)-POB-W(5); W(5)-ADV-M(1);</dependency_path>
  </relation>
  <relation id="252">
    <origin_text>据悉，李正希长期在原广州国际控股集团有限公司下属的广州产权交易所、广州交易所集团任职，担任广州交易所集团有限公司董事长、广州碳排放权交易所有限公司董事长等职务，多家上市公司独立董事</origin_text>
    <entity_pair type="PER-ORG">
      <argument id="1" POS="nh" position="3">李正希</argument>
      <argument id="2" POS="ni" position="12">广州交易所集团</argument>
    </entity_pair>
    <relation_phrase phrase_text="任职">
      <mention id="1" POS="v" position="13" isHead="true">任职</mention>
    </relation_phrase>
    <dependency_path>A(1)-SBV-M(1); A(2)-COO-W(10); W(10)-POB-W(5); W(5)-ADV-M(1);</dependency_path>
  </relation>
  <relation id="253">
    <origin_text>2006年，广州国际控股集团成立，由李正希担任总经理的广州产权交易所为广州国际控股集团下属企业</origin_text>
    <entity_pair type="ORG-ORG">
      <argument id="1" POS="ni" position="11">广州产权交易所</argument>
      <argument id="2" POS="ni" position="13">广州国际控股集团</argument>
    </entity_pair>
    <relation_phrase phrase_text="为下属企业">
      <mention id="1" POS="p" position="12" isHead="true">为</mention>
      <mention id="2" POS="v" position="14" isHead="false">下属</mention>
      <mention id="3" POS="n" position="15" isHead="false">企业</mention>
    </relation_phrase>
    <dependency_path>A(1)-SBV-M(1); M(2)-ATT-M(3); M(3)-VOB-M(1); A(2)-ATT-M(3);</dependency_path>
  </relation>
  <relation id="254">
    <origin_text>8亿的“广州第一贪”张新华曾担任广州国营白云农工商联合公司总经理、广州有林投资公司总经理，而这两家企业均为当时广州国际控股集团的下属企业</origin_text>
    <entity_pair type="PER-ORG">
      <argument id="1" POS="nh" position="8">张新华</argument>
      <argument id="2" POS="ni" position="11">广州国营白云农工商联合公司</argument>
    </entity_pair>
    <relation_phrase phrase_text="担任总经理">
      <mention id="1" POS="v" position="10" isHead="true">担任</mention>
      <mention id="2" POS="n" position="12" isHead="false">总经理</mention>
    </relation_phrase>
    <dependency_path>A(1)-SBV-M(1); M(2)-VOB-M(1); A(2)-ATT-M(2);</dependency_path>
  </relation>
  <relation id="255">
    <origin_text>2007年，广州产权交易所总经理李正希曾表示要加快白云公司的重组整治工作</origin_text>
    <entity_pair type="ORG-PER">
      <argument id="1" POS="ni" position="3">广州产权交易所</argument>
      <argument id="2" POS="nh" position="5">李正希</argument>
    </entity_pair>
    <relation_phrase phrase_text="总经理">
      <mention id="1" POS="n" position="4" isHead="true">总经理</mention>
      <mention/>
    </relation_phrase>
    <dependency_path>A(1)-ATT-M(1); M(1)-ATT-A(2);</dependency_path>
  </relation>
  <relation id="256">
    <origin_text>三江派出所民警黎志超、林达雄3次出警到达现场，但均未对赌博行为进行有效处置</origin_text>
    <entity_pair type="ORG-PER">
      <argument id="1" POS="ni" position="1">三江派出所</argument>
      <argument id="2" POS="nh" position="3">黎志超</argument>
    </entity_pair>
    <relation_phrase phrase_text="民警">
      <mention id="1" POS="n" position="2" isHead="true">民警</mention>
      <mention/>
    </relation_phrase>
    <dependency_path>A(1)-ATT-M(1); M(1)-ATT-A(2);</dependency_path>
  </relation>
  <relation id="257">
    <origin_text>三江派出所民警黎志超、林达雄3次出警到达现场，但均未对赌博行为进行有效处置</origin_text>
    <entity_pair type="ORG-PER">
      <argument id="1" POS="ni" position="1">三江派出所</argument>
      <argument id="2" POS="nh" position="5">林达雄</argument>
    </entity_pair>
    <relation_phrase phrase_text="民警">
      <mention id="1" POS="n" position="2" isHead="true">民警</mention>
      <mention/>
    </relation_phrase>
    <dependency_path>A(1)-ATT-M(1); A(2)-COO-W(3); M(1)-ATT-W(3);</dependency_path>
  </relation>
  <relation id="258">
    <origin_text>埃及是最早同新中国建交的阿拉伯和非洲国家</origin_text>
    <entity_pair type="LOC-LOC">
      <argument id="1" POS="ns" position="1">埃及</argument>
      <argument id="2" POS="ns" position="10">阿拉伯</argument>
    </entity_pair>
    <relation_phrase phrase_text="是国家">
      <mention id="1" POS="v" position="2" isHead="true">是</mention>
      <mention id="2" POS="n" position="13" isHead="false">国家</mention>
    </relation_phrase>
    <dependency_path>A(1)-SBV-M(1); M(2)-VOB-M(1); A(2)-ATT-M(2);</dependency_path>
  </relation>
  <relation id="259">
    <origin_text>埃及是最早同新中国建交的阿拉伯和非洲国家</origin_text>
    <entity_pair type="LOC-LOC">
      <argument id="1" POS="ns" position="1">埃及</argument>
      <argument id="2" POS="ns" position="12">非洲</argument>
    </entity_pair>
    <relation_phrase phrase_text="是国家">
      <mention id="1" POS="v" position="2" isHead="true">是</mention>
      <mention id="2" POS="n" position="13" isHead="false">国家</mention>
    </relation_phrase>
    <dependency_path>A(1)-SBV-M(1); M(2)-VOB-M(1); A(2)-COO-W(10); W(10)-ATT-M(2);</dependency_path>
  </relation>
  <relation id="260">
    <origin_text>埃及将积极响应习近平主席关于复兴丝绸之路的倡议</origin_text>
    <entity_pair type="LOC-PER">
      <argument id="1" POS="ns" position="1">埃及</argument>
      <argument id="2" POS="nh" position="5">习近平</argument>
    </entity_pair>
    <relation_phrase phrase_text="响应倡议">
      <mention id="1" POS="v" position="4" isHead="true">响应</mention>
      <mention id="2" POS="n" position="11" isHead="false">倡议</mention>
    </relation_phrase>
    <dependency_path>A(1)-SBV-M(1); M(2)-VOB-M(1); A(2)-ATT-W(6); W(6)-ATT-M(2);</dependency_path>
  </relation>
  <relation id="261">
    <origin_text>横琴新区工商局局长吴创伟介绍，清单中只是对轻微违法行为免予罚款，但其他的处罚形式仍然保留</origin_text>
    <entity_pair type="ORG-PER">
      <argument id="1" POS="ni" position="1">横琴新区工商局</argument>
      <argument id="2" POS="nh" position="3">吴创伟</argument>
    </entity_pair>
    <relation_phrase phrase_text="局长">
      <mention id="1" POS="n" position="2" isHead="true">局长</mention>
      <mention/>
    </relation_phrase>
    <dependency_path>A(1)-ATT-M(1); M(1)-ATT-A(2);</dependency_path>
  </relation>
  <relation id="262">
    <origin_text>中国医药集团总公司董事会秘书、新闻发言人石晟怡这样对记者说，中国市场是成长性最好的，世界医疗市场已经开始从美国向中国转移</origin_text>
    <entity_pair type="ORG-PER">
      <argument id="1" POS="ni" position="1">中国医药集团总公司</argument>
      <argument id="2" POS="nh" position="7">石晟怡</argument>
    </entity_pair>
    <relation_phrase phrase_text="董事会秘书">
      <mention id="1" POS="n" position="2" isHead="false">董事会</mention>
      <mention id="2" POS="n" position="3" isHead="true">秘书</mention>
    </relation_phrase>
    <dependency_path>A(1)-ATT-M(1); M(1)-ATT-M(2); M(2)-ATT-A(2);</dependency_path>
  </relation>
  <relation id="263">
    <origin_text>奥巴马没有向叙利亚派出地面部队</origin_text>
    <entity_pair type="PER-LOC">
      <argument id="1" POS="nh" position="1">奥巴马</argument>
      <argument id="2" POS="ns" position="4">叙利亚</argument>
    </entity_pair>
    <relation_phrase phrase_text="派出部队">
      <mention id="1" POS="v" position="5" isHead="true">派出</mention>
      <mention id="2" POS="n" position="7" isHead="false">部队</mention>
    </relation_phrase>
    <dependency_path>A(1)-SBV-M(1); M(2)-VOB-M(1); A(2)-POB-W(3); W(3)-ADV-M(1);</dependency_path>
  </relation>
  <relation id="264">
    <origin_text>据法晚记者了解，今年4月，重庆企业家陈琴称自己被他人诈骗近千万元，并向当地警方报案</origin_text>
    <entity_pair type="LOC-PER">
      <argument id="1" POS="ns" position="9">重庆</argument>
      <argument id="2" POS="nh" position="11">陈琴</argument>
    </entity_pair>
    <relation_phrase phrase_text="企业家">
      <mention id="1" POS="n" position="10" isHead="true">企业家</mention>
      <mention/>
    </relation_phrase>
    <dependency_path>A(1)-ATT-M(1); M(1)-ATT-A(2);</dependency_path>
  </relation>
  <relation id="265">
    <origin_text>据悉，青海省红十字会连夜派出青海红十字先锋救援队8名队员赶赴震区，凌晨4时55分到达门源县向县政府报到，并分成2个小组抵达北山乡、皇城乡开展灾情调查工作</origin_text>
    <entity_pair type="ORG-LOC">
      <argument id="1" POS="ni" position="3">青海省红十字会</argument>
      <argument id="2" POS="ns" position="20">门源县</argument>
    </entity_pair>
    <relation_phrase phrase_text="到达">
      <mention id="1" POS="v" position="19" isHead="true">到达</mention>
    </relation_phrase>
    <dependency_path>M(1)-COO-W(5); A(1)-SBV-W(5); A(2)-VOB-M(1);</dependency_path>
  </relation>
  <relation id="266">
    <origin_text>11月27日，北京市警方在朝阳区某小区查获吸食毒品的毛宁，冰毒尿检呈阳性</origin_text>
    <entity_pair type="Other-PER">
      <argument id="1" POS="n" position="5">北京市警方</argument>
      <argument id="2" POS="nh" position="14">毛宁</argument>
    </entity_pair>
    <relation_phrase phrase_text="在小区查获">
      <mention id="1" POS="p" position="6" isHead="false">在</mention>
      <mention id="2" POS="n" position="9" isHead="false">小区</mention>
      <mention id="3" POS="v" position="10" isHead="true">查获</mention>
    </relation_phrase>
    <dependency_path>M(1)-ADV-M(3); A(1)-SBV-M(3); M(2)-POB-M(1); A(2)-VOB-M(3);</dependency_path>
  </relation>
  <relation id="267">
    <origin_text>晨晨被送往医院暂住后，清源路派出所民警反复拨打晨晨母亲张某的电话，对其进行耐心教育</origin_text>
    <entity_pair type="Other-PER">
      <argument id="1" POS="n" position="10">清源路派出所民警</argument>
      <argument id="2" POS="nh" position="15">张某</argument>
    </entity_pair>
    <relation_phrase phrase_text="拨打电话">
      <mention id="1" POS="v" position="12" isHead="true">拨打</mention>
      <mention id="2" POS="n" position="17" isHead="false">电话</mention>
    </relation_phrase>
    <dependency_path>A(1)-SBV-M(1); M(2)-VOB-M(1); A(2)-ATT-M(2);</dependency_path>
  </relation>
  <relation id="268">
    <origin_text>晨晨被送往医院暂住后，清源路派出所民警反复拨打晨晨母亲张某的电话，对其进行耐心教育</origin_text>
    <entity_pair type="PER-PER">
      <argument id="1" POS="nh" position="13">晨晨</argument>
      <argument id="2" POS="nh" position="15">张某</argument>
    </entity_pair>
    <relation_phrase phrase_text="母亲">
      <mention id="1" POS="n" position="14" isHead="true">母亲</mention>
      <mention/>
    </relation_phrase>
    <dependency_path>A(1)-ATT-M(1); M(1)-ATT-A(2);</dependency_path>
  </relation>
  <relation id="269">
    <origin_text>1月18日，64岁的贾春梅独自一人来到志丹县法院执行局，与办案人员沟通与自己有关的一起借贷担保案件的执行情况时，意外死在法院里</origin_text>
    <entity_pair type="PER-ORG">
      <argument id="1" POS="nh" position="7">贾春梅</argument>
      <argument id="2" POS="ni" position="12">志丹县法院</argument>
    </entity_pair>
    <relation_phrase phrase_text="来到执行局">
      <mention id="1" POS="v" position="11" isHead="true">来到</mention>
      <mention id="2" POS="n" position="13" isHead="false">执行局</mention>
    </relation_phrase>
    <dependency_path>W(10)-SBV-M(1); A(1)-ATT-W(10); M(2)-VOB-M(1); A(2)-ATT-M(2);</dependency_path>
  </relation>
  <relation id="270">
    <origin_text>1月18日12时20分，贾春梅的大女儿唐杜娟接到一个电话，对方自称是志丹县法院工作人员，“他告诉我，我母亲在法院的厕所晕倒了，现在正在县医院抢救”</origin_text>
    <entity_pair type="PER-PER">
      <argument id="1" POS="nh" position="6">贾春梅</argument>
      <argument id="2" POS="nh" position="10">唐杜娟</argument>
    </entity_pair>
    <relation_phrase phrase_text="女儿">
      <mention id="1" POS="n" position="9" isHead="true">女儿</mention>
      <mention/>
    </relation_phrase>
    <dependency_path>A(1)-ATT-M(1); M(1)-ATT-A(2);</dependency_path>
  </relation>
  <relation id="271">
    <origin_text>当日下午，唐杜娟兄妹三人找到志丹县法院院长刘文武询问情况</origin_text>
    <entity_pair type="ORG-PER">
      <argument id="1" POS="ni" position="10">志丹县法院</argument>
      <argument id="2" POS="nh" position="12">刘文武</argument>
    </entity_pair>
    <relation_phrase phrase_text="院长">
      <mention id="1" POS="n" position="11" isHead="true">院长</mention>
      <mention/>
    </relation_phrase>
    <dependency_path>A(1)-ATT-M(1); M(1)-ATT-A(2);</dependency_path>
  </relation>
  <relation id="272">
    <origin_text>伦敦大学亚非学院中国研究中心副主任刘捷玉说，“然而，如果你有钱有势，一个年轻漂亮的情妇就成了终极身份象征</origin_text>
    <entity_pair type="ORG-PER">
      <argument id="1" POS="ni" position="1">伦敦大学亚非学院中国研究中心</argument>
      <argument id="2" POS="nh" position="4">刘捷玉</argument>
    </entity_pair>
    <relation_phrase phrase_text="副主任">
      <mention id="1" POS="b" position="2" isHead="false">副</mention>
      <mention id="2" POS="n" position="3" isHead="true">主任</mention>
    </relation_phrase>
    <dependency_path>M(1)-ATT-M(2); A(1)-ATT-M(2); M(2)-ATT-A(2);</dependency_path>
  </relation>
  <relation id="273">
    <origin_text>对于具体的行情演绎，兴业证券策略分析师张忆东表示，明年较长阶段行情非常不稳定，将是一轮波动市</origin_text>
    <entity_pair type="Other-PER">
      <argument id="1" POS="nz" position="7">兴业</argument>
      <argument id="2" POS="nh" position="11">张忆东</argument>
    </entity_pair>
    <relation_phrase phrase_text="分析师">
      <mention id="1" POS="n" position="10" isHead="true">分析师</mention>
      <mention/>
    </relation_phrase>
    <dependency_path>A(1)-ATT-M(1); M(1)-ATT-A(2);</dependency_path>
  </relation>
  <relation id="274">
    <origin_text>比如2014年，美联储就向美国财政部移交了987亿美元利润</origin_text>
    <entity_pair type="Other-Other">
      <argument id="1" POS="j" position="4">美联储</argument>
      <argument id="2" POS="n" position="8">美国财政部</argument>
    </entity_pair>
    <relation_phrase phrase_text="移交利润">
      <mention id="1" POS="v" position="9" isHead="true">移交</mention>
      <mention id="2" POS="n" position="13" isHead="false">利润</mention>
    </relation_phrase>
    <dependency_path>A(1)-SBV-M(1); M(2)-VOB-M(1); A(2)-POB-W(6); W(6)-ADV-M(1);</dependency_path>
  </relation>
  <relation id="275">
    <origin_text>自2013年3月17日起，肖钢担任中国证监会主席以来，至今已有接近3年的任期</origin_text>
    <entity_pair type="PER-ORG">
      <argument id="1" POS="nh" position="7">肖钢</argument>
      <argument id="2" POS="ni" position="9">中国证监会</argument>
    </entity_pair>
    <relation_phrase phrase_text="担任主席">
      <mention id="1" POS="v" position="8" isHead="true">担任</mention>
      <mention id="2" POS="n" position="10" isHead="false">主席</mention>
    </relation_phrase>
    <dependency_path>A(1)-SBV-M(1); M(2)-VOB-M(1); A(2)-ATT-M(2);</dependency_path>
  </relation>
  <relation id="276">
    <origin_text>上海小城律师事务所钟焱律师也持相同意见，不管是失误还是纰漏，都有欺诈嫌疑</origin_text>
    <entity_pair type="ORG-PER">
      <argument id="1" POS="ni" position="1">上海小城律师</argument>
      <argument id="2" POS="nh" position="3">钟焱</argument>
    </entity_pair>
    <relation_phrase phrase_text="事务所">
      <mention id="1" POS="n" position="2" isHead="true">事务所</mention>
      <mention/>
    </relation_phrase>
    <dependency_path>A(1)-ATT-M(1); M(1)-ATT-A(2);</dependency_path>
  </relation>
  <relation id="277">
    <origin_text>广东金融学会副秘书长王敏说，汇率波动与经济形势挂钩，目前中国经济保持向上的趋势，从大方向来说人民币仍旧保持升值趋势</origin_text>
    <entity_pair type="ORG-PER">
      <argument id="1" POS="ni" position="1">广东金融学会</argument>
      <argument id="2" POS="nh" position="4">王敏</argument>
    </entity_pair>
    <relation_phrase phrase_text="副秘书长">
      <mention id="1" POS="b" position="2" isHead="false">副</mention>
      <mention id="2" POS="n" position="3" isHead="true">秘书长</mention>
    </relation_phrase>
    <dependency_path>M(1)-ATT-M(2); A(1)-ATT-M(2); M(2)-ATT-A(2);</dependency_path>
  </relation>
  <relation id="278">
    <origin_text>喜欢穿连衣裙和短裙的金正恩夫人李雪主也从2013年10月起，多穿“人民装”风格的衣服</origin_text>
    <entity_pair type="PER-PER">
      <argument id="1" POS="nh" position="7">金正恩</argument>
      <argument id="2" POS="nh" position="9">李雪主</argument>
    </entity_pair>
    <relation_phrase phrase_text="夫人">
      <mention id="1" POS="n" position="8" isHead="true">夫人</mention>
      <mention/>
    </relation_phrase>
    <dependency_path>A(1)-ATT-M(1); M(1)-ATT-A(2);</dependency_path>
  </relation>
  <relation id="279">
    <origin_text>好莱坞黑人男星威尔·史密斯同为演员的妻子贾达·萍克特·史密斯也表示了不满，身为电影《脑震荡》的男主角，威尔·史密斯同样无缘本届奥斯卡奖提名</origin_text>
    <entity_pair type="PER-Other">
      <argument id="1" POS="nh" position="25">威尔·史密斯</argument>
      <argument id="2" POS="nz" position="29">奥斯卡奖</argument>
    </entity_pair>
    <relation_phrase phrase_text="无缘提名">
      <mention id="1" POS="v" position="27" isHead="true">无缘</mention>
      <mention id="2" POS="v" position="30" isHead="false">提名</mention>
    </relation_phrase>
    <dependency_path>A(1)-SBV-M(1); M(2)-VOB-M(1); A(2)-ATT-M(2);</dependency_path>
  </relation>
  <relation id="280">
    <origin_text>质疑没给非洲裔美国人表现机会除黑人明星外，美国好莱坞影星乔治·克鲁尼19日也对“纯白”奥斯卡提出了质疑</origin_text>
    <entity_pair type="LOC-PER">
      <argument id="1" POS="ns" position="14">美国好莱坞</argument>
      <argument id="2" POS="nh" position="16">乔治·克鲁尼</argument>
    </entity_pair>
    <relation_phrase phrase_text="影星">
      <mention id="1" POS="n" position="15" isHead="true">影星</mention>
      <mention/>
    </relation_phrase>
    <dependency_path>A(1)-ATT-M(1); M(1)-ATT-A(2);</dependency_path>
  </relation>
  <relation id="281">
    <origin_text>质疑没给非洲裔美国人表现机会除黑人明星外，美国好莱坞影星乔治·克鲁尼19日也对“纯白”奥斯卡提出了质疑</origin_text>
    <entity_pair type="PER-PER">
      <argument id="1" POS="nh" position="16">乔治·克鲁尼</argument>
      <argument id="2" POS="nh" position="23">奥斯卡</argument>
    </entity_pair>
    <relation_phrase phrase_text="提出质疑">
      <mention id="1" POS="v" position="24" isHead="true">提出</mention>
      <mention id="2" POS="v" position="26" isHead="false">质疑</mention>
    </relation_phrase>
    <dependency_path>A(1)-SBV-M(1); M(2)-VOB-M(1); A(2)-POB-W(19); W(19)-ADV-M(1);</dependency_path>
  </relation>
  <relation id="282">
    <origin_text>开伯尔-普什图省公共卫生工程部部长沙阿·法尔曼证实，超过50人在袭击事件中受伤</origin_text>
    <entity_pair type="Other-PER">
      <argument id="1" POS="nz" position="3">普什图</argument>
      <argument id="2" POS="nh" position="9">沙阿·法尔曼</argument>
    </entity_pair>
    <relation_phrase phrase_text="省部长">
      <mention id="1" POS="n" position="4" isHead="false">省</mention>
      <mention id="2" POS="n" position="8" isHead="true">部长</mention>
    </relation_phrase>
    <dependency_path>A(1)-ATT-M(1); M(1)-ATT-M(2); M(2)-ATT-A(2);</dependency_path>
  </relation>
  <relation id="283">
    <origin_text>巴基斯坦总统马姆努恩·侯赛因在讲话中也证实哈米德遇难</origin_text>
    <entity_pair type="LOC-PER">
      <argument id="1" POS="ns" position="1">巴基斯坦</argument>
      <argument id="2" POS="nh" position="3">马姆努恩·侯赛因</argument>
    </entity_pair>
    <relation_phrase phrase_text="总统">
      <mention id="1" POS="n" position="2" isHead="true">总统</mention>
      <mention/>
    </relation_phrase>
    <dependency_path>A(1)-ATT-M(1); M(1)-ATT-A(2);</dependency_path>
  </relation>
  <relation id="284">
    <origin_text>北京健身专家赵之心20日接受《环球时报》记者采访时说，日本人睡前泡澡的习惯可以有效促进血液循环，放松身体，非常有助于健康</origin_text>
    <entity_pair type="LOC-PER">
      <argument id="1" POS="ns" position="1">北京</argument>
      <argument id="2" POS="nh" position="4">赵</argument>
    </entity_pair>
    <relation_phrase phrase_text="健身专家">
      <mention id="1" POS="v" position="2" isHead="false">健身</mention>
      <mention id="2" POS="n" position="3" isHead="true">专家</mention>
    </relation_phrase>
    <dependency_path>M(1)-ATT-M(2); A(1)-ATT-M(2); M(2)-ATT-A(2);</dependency_path>
  </relation>
  <relation id="285">
    <origin_text>马英九昨天上午前往南港202兵工厂</origin_text>
    <entity_pair type="PER-Other">
      <argument id="1" POS="nh" position="1">马英九</argument>
      <argument id="2" POS="j" position="5">南港</argument>
    </entity_pair>
    <relation_phrase phrase_text="前往202兵工厂">
      <mention id="1" POS="v" position="4" isHead="true">前往</mention>
      <mention id="2" POS="m" position="6" isHead="false">202</mention>
      <mention id="3" POS="n" position="7" isHead="false">兵工厂</mention>
    </relation_phrase>
    <dependency_path>A(1)-SBV-M(1); M(2)-ATT-M(3); M(3)-VOB-M(1); A(2)-ATT-M(3);</dependency_path>
  </relation>
  <relation id="286">
    <origin_text>香港特区行政长官梁振英14日到特区立法会出席施政报告答问会，回答议员提出的相关问题</origin_text>
    <entity_pair type="LOC-PER">
      <argument id="1" POS="ns" position="1">香港特区</argument>
      <argument id="2" POS="nh" position="4">梁振英</argument>
    </entity_pair>
    <relation_phrase phrase_text="行政长官">
      <mention id="1" POS="n" position="2" isHead="false">行政</mention>
      <mention id="2" POS="n" position="3" isHead="true">长官</mention>
    </relation_phrase>
    <dependency_path>M(1)-ATT-M(2); A(1)-ATT-M(2); M(2)-ATT-A(2);</dependency_path>
  </relation>
  <relation id="287">
    <origin_text>王金平当初与马英九竞选国民党主席，就是林锡山独排众议，力主“终须一战”</origin_text>
    <entity_pair type="PER-PER">
      <argument id="1" POS="nh" position="1">王金平</argument>
      <argument id="2" POS="nh" position="4">马英九</argument>
    </entity_pair>
    <relation_phrase phrase_text="竞选主席">
      <mention id="1" POS="v" position="5" isHead="true">竞选</mention>
      <mention id="2" POS="n" position="7" isHead="false">主席</mention>
    </relation_phrase>
    <dependency_path>A(1)-SBV-M(1); M(2)-VOB-M(1); A(2)-POB-W(3); W(3)-ADV-M(1);</dependency_path>
  </relation>
  <relation id="288">
    <origin_text>参与本案的高朋律师事务所合伙人姜丽勇介绍称，这是中国第一次在世贸起诉欧盟，第一次获胜，也是第一次获得报复权</origin_text>
    <entity_pair type="Other-PER">
      <argument id="1" POS="nz" position="4">高朋</argument>
      <argument id="2" POS="nh" position="8">姜丽勇</argument>
    </entity_pair>
    <relation_phrase phrase_text="事务所合伙人">
      <mention id="1" POS="n" position="6" isHead="false">事务所</mention>
      <mention id="2" POS="n" position="7" isHead="true">合伙人</mention>
    </relation_phrase>
    <dependency_path>A(1)-ATT-M(1); M(1)-ATT-M(2); M(2)-ATT-A(2);</dependency_path>
  </relation>
  <relation id="289">
    <origin_text>参与本案的高朋律师事务所合伙人姜丽勇介绍称，这是中国第一次在世贸起诉欧盟，第一次获胜，也是第一次获得报复权</origin_text>
    <entity_pair type="LOC-Other">
      <argument id="1" POS="ns" position="14">中国</argument>
      <argument id="2" POS="j" position="18">世贸</argument>
    </entity_pair>
    <relation_phrase phrase_text="起诉欧盟">
      <mention id="1" POS="v" position="19" isHead="true">起诉</mention>
      <mention id="2" POS="j" position="20" isHead="false">欧盟</mention>
    </relation_phrase>
    <dependency_path>A(1)-SBV-M(1); M(2)-VOB-M(1); A(2)-POB-W(17); W(17)-ADV-M(1);</dependency_path>
  </relation>
  <relation id="290">
    <origin_text>参与本案的高朋律师事务所合伙人姜丽勇介绍称，这是中国第一次在世贸起诉欧盟，第一次获胜，也是第一次获得报复权</origin_text>
    <entity_pair type="LOC-Other">
      <argument id="1" POS="ns" position="14">中国</argument>
      <argument id="2" POS="j" position="20">欧盟</argument>
    </entity_pair>
    <relation_phrase phrase_text="起诉">
      <mention id="1" POS="v" position="19" isHead="true">起诉</mention>
    </relation_phrase>
    <dependency_path>A(1)-SBV-M(1); A(2)-VOB-M(1);</dependency_path>
  </relation>
  <relation id="291">
    <origin_text>全国政协经济委员会原副主任杨刚受贿一案昨天在北京市三中院落槌宣判</origin_text>
    <entity_pair type="ORG-PER">
      <argument id="1" POS="ni" position="1">全国政协经济委员会</argument>
      <argument id="2" POS="nh" position="5">杨刚</argument>
    </entity_pair>
    <relation_phrase phrase_text="原主任">
      <mention id="1" POS="b" position="2" isHead="false">原</mention>
      <mention id="2" POS="n" position="4" isHead="true">主任</mention>
    </relation_phrase>
    <dependency_path>M(1)-ATT-M(2); A(1)-ATT-M(2); M(2)-ATT-A(2);</dependency_path>
  </relation>
  <relation id="292">
    <origin_text>乌鲁木齐市委书记、新疆维吾尔自治区党委副书记、政府副主席杨刚直接或通过其妻贾英、其子杨讴嘉非法收受他人给予的人民币1216.47万元、美元1.1万元以及价值155.71796万元的财物</origin_text>
    <entity_pair type="ORG-PER">
      <argument id="1" POS="ni" position="1">乌鲁木齐市委</argument>
      <argument id="2" POS="nh" position="11">杨刚</argument>
    </entity_pair>
    <relation_phrase phrase_text="书记">
      <mention id="1" POS="n" position="2" isHead="true">书记</mention>
      <mention/>
    </relation_phrase>
    <dependency_path>A(1)-ATT-M(1); M(1)-ATT-A(2);</dependency_path>
  </relation>
  <relation id="293">
    <origin_text>乌鲁木齐市委书记、新疆维吾尔自治区党委副书记、政府副主席杨刚直接或通过其妻贾英、其子杨讴嘉非法收受他人给予的人民币1216.47万元、美元1.1万元以及价值155.71796万元的财物</origin_text>
    <entity_pair type="ORG-PER">
      <argument id="1" POS="ni" position="4">新疆维吾尔自治区党委</argument>
      <argument id="2" POS="nh" position="11">杨刚</argument>
    </entity_pair>
    <relation_phrase phrase_text="副书记">
      <mention id="1" POS="b" position="5" isHead="false">副</mention>
      <mention id="2" POS="n" position="6" isHead="true">书记</mention>
    </relation_phrase>
    <dependency_path>M(1)-ATT-M(2); A(1)-ATT-M(2); W(2)-ATT-A(2); M(2)-COO-W(2);</dependency_path>
  </relation>
  <relation id="294">
    <origin_text>乌鲁木齐市委书记、新疆维吾尔自治区党委副书记、政府副主席杨刚直接或通过其妻贾英、其子杨讴嘉非法收受他人给予的人民币1216.47万元、美元1.1万元以及价值155.71796万元的财物</origin_text>
    <entity_pair type="PER-PER">
      <argument id="1" POS="nh" position="11">杨刚</argument>
      <argument id="2" POS="nh" position="20">杨讴嘉</argument>
    </entity_pair>
    <relation_phrase phrase_text="收通过">
      <mention id="1" POS="v" position="22" isHead="true">收</mention>
      <mention id="2" POS="p" position="14" isHead="false">通过</mention>
    </relation_phrase>
    <dependency_path>M(1)-COO-W(12); A(1)-SBV-W(12); M(2)-ADV-M(1); A(2)-POB-M(2);</dependency_path>
  </relation>
  <relation id="295">
    <origin_text>曾为新疆最年轻“厅官”此前，杨刚落马后，据中纪委网站发布的消息称，经查，政协第十二届全国委员会经济委员会原副主任杨刚，利用职务便利为他人牟取利益，收受巨额贿赂</origin_text>
    <entity_pair type="Other-PER">
      <argument id="1" POS="j" position="26">政协</argument>
      <argument id="2" POS="nh" position="36">杨刚</argument>
    </entity_pair>
    <relation_phrase phrase_text="委员会主任">
      <mention id="1" POS="n" position="32" isHead="false">委员会</mention>
      <mention id="2" POS="n" position="35" isHead="true">主任</mention>
    </relation_phrase>
    <dependency_path>A(1)-ATT-M(1); M(1)-ATT-M(2); M(2)-ATT-A(2);</dependency_path>
  </relation>
  <relation id="296">
    <origin_text>杨刚在乌鲁木齐、新疆维吾尔自治区工作共41年，直至2010年赴京任国家质检总局副局长</origin_text>
    <entity_pair type="PER-Other">
      <argument id="1" POS="nh" position="1">杨刚</argument>
      <argument id="2" POS="j" position="13">京</argument>
    </entity_pair>
    <relation_phrase phrase_text="赴">
      <mention id="1" POS="v" position="12" isHead="true">赴</mention>
    </relation_phrase>
    <dependency_path>A(1)-SBV-M(1); A(2)-VOB-M(1);</dependency_path>
  </relation>
  <relation id="297">
    <origin_text>两年后杨刚当选为全国政协委员并任全国政协经济委员会副主任，但不久后的2013年底就被中纪委通报涉嫌严重违纪违法</origin_text>
    <entity_pair type="PER-ORG">
      <argument id="1" POS="nh" position="4">杨刚</argument>
      <argument id="2" POS="ni" position="7">全国政协</argument>
    </entity_pair>
    <relation_phrase phrase_text="为委员">
      <mention id="1" POS="v" position="6" isHead="true">为</mention>
      <mention id="2" POS="n" position="8" isHead="false">委员</mention>
    </relation_phrase>
    <dependency_path>M(1)-COO-W(5); A(1)-SBV-W(5); M(2)-VOB-M(1); A(2)-ATT-M(2);</dependency_path>
  </relation>
  <relation id="298">
    <origin_text>两年后杨刚当选为全国政协委员并任全国政协经济委员会副主任，但不久后的2013年底就被中纪委通报涉嫌严重违纪违法</origin_text>
    <entity_pair type="Other-PER">
      <argument id="1" POS="j" position="23">中纪委</argument>
      <argument id="2" POS="nh" position="4">杨刚</argument>
    </entity_pair>
    <relation_phrase phrase_text="通报">
      <mention id="1" POS="v" position="24" isHead="true">通报</mention>
    </relation_phrase>
    <dependency_path>W(22)-ADV-M(1); A(1)-POB-W(22); A(2)-SBV-W(5); M(1)-COO-W(5);</dependency_path>
  </relation>
  <relation id="299">
    <origin_text>据悉，日本外相岸田文雄19日称，计划于2016年春季访问中国，就东海油气田开发和中国在南海的“吹填造陆”问题展开磋商</origin_text>
    <entity_pair type="LOC-PER">
      <argument id="1" POS="ns" position="3">日本</argument>
      <argument id="2" POS="nh" position="5">岸田文雄</argument>
    </entity_pair>
    <relation_phrase phrase_text="外相">
      <mention id="1" POS="n" position="4" isHead="true">外相</mention>
      <mention/>
    </relation_phrase>
    <dependency_path>A(1)-ATT-M(1); M(1)-ATT-A(2);</dependency_path>
  </relation>
  <relation id="300">
    <origin_text>据悉，日本外相岸田文雄19日称，计划于2016年春季访问中国，就东海油气田开发和中国在南海的“吹填造陆”问题展开磋商</origin_text>
    <entity_pair type="LOC-LOC">
      <argument id="1" POS="ns" position="21">中国</argument>
      <argument id="2" POS="ns" position="23">南海</argument>
    </entity_pair>
    <relation_phrase phrase_text="展开磋商">
      <mention id="1" POS="v" position="31" isHead="true">展开</mention>
      <mention id="2" POS="v" position="32" isHead="false">磋商</mention>
    </relation_phrase>
    <dependency_path>A(1)-SBV-M(1); M(2)-VOB-M(1); A(2)-POB-W(22); W(22)-ADV-M(1);</dependency_path>
  </relation>
  <relation id="301">
    <origin_text>2014年11月26日至12月30日，中央第一巡视组对南航集团进行专项巡视，卢宏业在此期间自首</origin_text>
    <entity_pair type="ORG-ORG">
      <argument id="1" POS="ni" position="8">中央第一巡视组</argument>
      <argument id="2" POS="ni" position="10">南航集团</argument>
    </entity_pair>
    <relation_phrase phrase_text="进行巡视">
      <mention id="1" POS="v" position="11" isHead="true">进行</mention>
      <mention id="2" POS="v" position="13" isHead="false">巡视</mention>
    </relation_phrase>
    <dependency_path>A(1)-SBV-M(1); M(2)-VOB-M(1); A(2)-POB-W(9); W(9)-ADV-M(1);</dependency_path>
  </relation>
  <relation id="302">
    <origin_text>被捕后，卢宏业向公诉机关举报了南航股份有限公司原副总经理、财务总监、总会计师徐杰波，和南航集团建设开发有限公司原总经理、党委副书记胡志群</origin_text>
    <entity_pair type="PER-ORG">
      <argument id="1" POS="nh" position="4">卢宏业</argument>
      <argument id="2" POS="ni" position="10">南航股份有限公司</argument>
    </entity_pair>
    <relation_phrase phrase_text="向机关举报副总经理">
      <mention id="1" POS="p" position="5" isHead="false">向</mention>
      <mention id="2" POS="n" position="7" isHead="false">机关</mention>
      <mention id="3" POS="v" position="8" isHead="true">举报</mention>
      <mention id="4" POS="b" position="12" isHead="false">副</mention>
      <mention id="5" POS="n" position="13" isHead="false">总经理</mention>
    </relation_phrase>
    <dependency_path>M(1)-ADV-M(3); A(1)-SBV-M(3); M(2)-POB-M(1); M(4)-ATT-M(5); M(5)-VOB-M(3); A(2)-ATT-M(5);</dependency_path>
  </relation>
  <relation id="303">
    <origin_text>被捕后，卢宏业向公诉机关举报了南航股份有限公司原副总经理、财务总监、总会计师徐杰波，和南航集团建设开发有限公司原总经理、党委副书记胡志群</origin_text>
    <entity_pair type="PER-PER">
      <argument id="1" POS="nh" position="4">卢宏业</argument>
      <argument id="2" POS="nh" position="20">徐杰波</argument>
    </entity_pair>
    <relation_phrase phrase_text="向机关举报">
      <mention id="1" POS="p" position="5" isHead="false">向</mention>
      <mention id="2" POS="n" position="7" isHead="false">机关</mention>
      <mention id="3" POS="v" position="8" isHead="true">举报</mention>
    </relation_phrase>
    <dependency_path>M(1)-ADV-M(3); A(1)-SBV-M(3); M(2)-POB-M(1); A(2)-COO-W(13); W(13)-VOB-M(3);</dependency_path>
  </relation>
  <relation id="304">
    <origin_text>2015年2月9日，中央第一巡视组向中国南方航空集团公司反馈专项巡视情况</origin_text>
    <entity_pair type="ORG-ORG">
      <argument id="1" POS="ni" position="5">中央第一巡视组</argument>
      <argument id="2" POS="ni" position="7">中国南方航空集团公司</argument>
    </entity_pair>
    <relation_phrase phrase_text="反馈情况">
      <mention id="1" POS="v" position="8" isHead="true">反馈</mention>
      <mention id="2" POS="n" position="11" isHead="false">情况</mention>
    </relation_phrase>
    <dependency_path>A(1)-SBV-M(1); M(2)-VOB-M(1); A(2)-POB-W(6); W(6)-ADV-M(1);</dependency_path>
  </relation>
  <relation id="305">
    <origin_text>去年11月4日，中纪委网站发布公告称，中国南方航空集团公司党组副书记、总经理，中国南方航空股份有限公司董事长司献民涉嫌严重违纪，目前正接受组织调查</origin_text>
    <entity_pair type="ORG-PER">
      <argument id="1" POS="ni" position="11">中国南方航空集团公司党组</argument>
      <argument id="2" POS="nh" position="19">司献民</argument>
    </entity_pair>
    <relation_phrase phrase_text="副书记">
      <mention id="1" POS="b" position="12" isHead="false">副</mention>
      <mention id="2" POS="n" position="13" isHead="true">书记</mention>
    </relation_phrase>
    <dependency_path>M(1)-ATT-M(2); A(1)-ATT-M(2); M(2)-ATT-A(2);</dependency_path>
  </relation>
  <relation id="306">
    <origin_text>去年11月4日，中纪委网站发布公告称，中国南方航空集团公司党组副书记、总经理，中国南方航空股份有限公司董事长司献民涉嫌严重违纪，目前正接受组织调查</origin_text>
    <entity_pair type="ORG-PER">
      <argument id="1" POS="ni" position="17">中国南方航空股份有限公司</argument>
      <argument id="2" POS="nh" position="19">司献民</argument>
    </entity_pair>
    <relation_phrase phrase_text="董事长">
      <mention id="1" POS="n" position="18" isHead="true">董事长</mention>
      <mention/>
    </relation_phrase>
    <dependency_path>A(1)-ATT-M(1); M(1)-ATT-A(2);</dependency_path>
  </relation>
  <relation id="307">
    <origin_text>合丰信息科技有限公司总经理孙宇烽告诉记者，通过瞬时调度，他们可以为这位订餐者选择在亚特兰大离他最近的餐馆下订单</origin_text>
    <entity_pair type="ORG-PER">
      <argument id="1" POS="ni" position="1">合丰信息科技有限公司</argument>
      <argument id="2" POS="nh" position="3">孙宇烽</argument>
    </entity_pair>
    <relation_phrase phrase_text="总经理">
      <mention id="1" POS="n" position="2" isHead="true">总经理</mention>
      <mention/>
    </relation_phrase>
    <dependency_path>A(1)-ATT-M(1); M(1)-ATT-A(2);</dependency_path>
  </relation>
  <relation id="308">
    <origin_text>2015年7月19日，国民党提名洪秀柱参选2016年台湾地区领导人，对阵民进党参选人蔡英文</origin_text>
    <entity_pair type="PER-LOC">
      <argument id="1" POS="nh" position="7">洪秀柱</argument>
      <argument id="2" POS="ns" position="10">台湾地区</argument>
    </entity_pair>
    <relation_phrase phrase_text="参选领导人">
      <mention id="1" POS="v" position="8" isHead="true">参选</mention>
      <mention id="2" POS="n" position="11" isHead="false">领导人</mention>
    </relation_phrase>
    <dependency_path>A(1)-SBV-M(1); M(2)-VOB-M(1); A(2)-ATT-M(2);</dependency_path>
  </relation>
  <relation id="309">
    <origin_text>2015年7月19日，国民党提名洪秀柱参选2016年台湾地区领导人，对阵民进党参选人蔡英文</origin_text>
    <entity_pair type="PER-Other">
      <argument id="1" POS="nh" position="7">洪秀柱</argument>
      <argument id="2" POS="nz" position="17">蔡英文</argument>
    </entity_pair>
    <relation_phrase phrase_text="对阵">
      <mention id="1" POS="v" position="13" isHead="true">对阵</mention>
    </relation_phrase>
    <dependency_path>M(1)-COO-W(8); A(1)-SBV-W(8); A(2)-VOB-M(1);</dependency_path>
  </relation>
  <relation id="310">
    <origin_text>2010年年底，合丰集团落户金华，招聘了200名员工，24小时，隔着太平洋用英语为美国人完成电话订餐服务</origin_text>
    <entity_pair type="ORG-LOC">
      <argument id="1" POS="ni" position="4">合丰集团</argument>
      <argument id="2" POS="ns" position="6">金华</argument>
    </entity_pair>
    <relation_phrase phrase_text="落户">
      <mention id="1" POS="v" position="5" isHead="true">落户</mention>
    </relation_phrase>
    <dependency_path>A(1)-SBV-M(1); A(2)-VOB-M(1);</dependency_path>
  </relation>
  <relation id="311">
    <origin_text>2010年年底，合丰集团落户金华，招聘了200名员工，24小时，隔着太平洋用英语为美国人完成电话订餐服务</origin_text>
    <entity_pair type="ORG-Other">
      <argument id="1" POS="ni" position="4">合丰集团</argument>
      <argument id="2" POS="nz" position="21">英语</argument>
    </entity_pair>
    <relation_phrase phrase_text="完成电话">
      <mention id="1" POS="v" position="25" isHead="true">完成</mention>
      <mention id="2" POS="n" position="26" isHead="false">电话</mention>
    </relation_phrase>
    <dependency_path>M(1)-COO-W(5); A(1)-SBV-W(5); M(2)-VOB-M(1); A(2)-POB-W(20); W(20)-ADV-M(1);</dependency_path>
  </relation>
  <relation id="312">
    <origin_text>2010年年底，合丰集团落户金华，招聘了200名员工，24小时，隔着太平洋用英语为美国人完成电话订餐服务</origin_text>
    <entity_pair type="ORG-Other">
      <argument id="1" POS="ni" position="4">合丰集团</argument>
      <argument id="2" POS="n" position="24">美国人</argument>
    </entity_pair>
    <relation_phrase phrase_text="完成电话">
      <mention id="1" POS="v" position="25" isHead="true">完成</mention>
      <mention id="2" POS="n" position="26" isHead="false">电话</mention>
    </relation_phrase>
    <dependency_path>M(1)-COO-W(5); A(1)-SBV-W(5); M(2)-VOB-M(1); A(2)-POB-W(22); W(22)-ADV-M(1);</dependency_path>
  </relation>
  <relation id="313">
    <origin_text>中国国家主席习近平对萨勒曼国王及友好的沙特人民在他和随行代表团访问期间给予的热情友好接待表示感谢</origin_text>
    <entity_pair type="LOC-PER">
      <argument id="1" POS="ns" position="1">中国</argument>
      <argument id="2" POS="nh" position="4">习近平</argument>
    </entity_pair>
    <relation_phrase phrase_text="国家主席">
      <mention id="1" POS="n" position="2" isHead="false">国家</mention>
      <mention id="2" POS="n" position="3" isHead="true">主席</mention>
    </relation_phrase>
    <dependency_path>A(1)-ATT-M(1); M(1)-ATT-M(2); M(2)-ATT-A(2);</dependency_path>
  </relation>
  <relation id="314">
    <origin_text>中国国家主席习近平对萨勒曼国王及友好的沙特人民在他和随行代表团访问期间给予的热情友好接待表示感谢</origin_text>
    <entity_pair type="PER-Other">
      <argument id="1" POS="nh" position="4">习近平</argument>
      <argument id="2" POS="n" position="7">萨勒曼国王</argument>
    </entity_pair>
    <relation_phrase phrase_text="表示感谢">
      <mention id="1" POS="v" position="25" isHead="true">表示</mention>
      <mention id="2" POS="v" position="26" isHead="false">感谢</mention>
    </relation_phrase>
    <dependency_path>A(1)-SBV-M(1); M(2)-VOB-M(1); A(2)-POB-W(5); W(5)-ADV-M(1);</dependency_path>
  </relation>
  <relation id="315">
    <origin_text>此前国家卫计委基层指导司司长杨文庄曾在2015年2月初预测2015年受单独两孩政策影响，出生人口将比2014年多100万左右</origin_text>
    <entity_pair type="Other-PER">
      <argument id="1" POS="j" position="3">卫计委</argument>
      <argument id="2" POS="nh" position="7">杨文庄</argument>
    </entity_pair>
    <relation_phrase phrase_text="指导司司长">
      <mention id="1" POS="n" position="5" isHead="false">指导司</mention>
      <mention id="2" POS="n" position="6" isHead="true">司长</mention>
    </relation_phrase>
    <dependency_path>A(1)-ATT-M(1); M(1)-ATT-M(2); M(2)-ATT-A(2);</dependency_path>
  </relation>
  <relation id="316">
    <origin_text>原北京军区政治部副主任马誉炜少将17日以“北京军区善后办公室副政委”身份出席了傅崇碧将军诞辰百年座谈会，并在会上透露，北京军区已改为中部战区如沈阳军区善后办由军区副政委罗益昌牵头负责</origin_text>
    <entity_pair type="ORG-PER">
      <argument id="1" POS="ni" position="2">北京军区政治部</argument>
      <argument id="2" POS="nh" position="5">马誉炜</argument>
    </entity_pair>
    <relation_phrase phrase_text="副主任">
      <mention id="1" POS="b" position="3" isHead="false">副</mention>
      <mention id="2" POS="n" position="4" isHead="true">主任</mention>
    </relation_phrase>
    <dependency_path>M(1)-ATT-M(2); A(1)-ATT-M(2); M(2)-ATT-A(2);</dependency_path>
  </relation>
  <relation id="317">
    <origin_text>原北京军区政治部副主任马誉炜少将17日以“北京军区善后办公室副政委”身份出席了傅崇碧将军诞辰百年座谈会，并在会上透露，北京军区已改为中部战区如沈阳军区善后办由军区副政委罗益昌牵头负责</origin_text>
    <entity_pair type="PER-ORG">
      <argument id="1" POS="nh" position="41">罗益昌</argument>
      <argument id="2" POS="ni" position="35">沈阳军区善后</argument>
    </entity_pair>
    <relation_phrase phrase_text="负责">
      <mention id="1" POS="v" position="43" isHead="true">负责</mention>
    </relation_phrase>
    <dependency_path>W(37)-ADV-M(1); A(1)-POB-W(37); A(2)-SBV-W(36); M(1)-COO-W(36);</dependency_path>
  </relation>
  <relation id="318">
    <origin_text>在总政治部改组为中央军委政治工作部之后，原有的总政歌剧团则已改为军委政治工作部歌剧团，并在近日赴山西慰问驻军</origin_text>
    <entity_pair type="Other-LOC">
      <argument id="1" POS="n" position="13">总政歌剧团</argument>
      <argument id="2" POS="ns" position="27">山西</argument>
    </entity_pair>
    <relation_phrase phrase_text="赴">
      <mention id="1" POS="v" position="26" isHead="true">赴</mention>
    </relation_phrase>
    <dependency_path>M(1)-COO-W(16); A(1)-SBV-W(16); A(2)-VOB-M(1);</dependency_path>
  </relation>
  <relation id="319">
    <origin_text>北京军区改为中部战区军改的消息正通过官方媒体的报道不断披露，北京军区善后办副政委马誉炜在一则讲话中称，在这次改革中，北京军区改为中部战区</origin_text>
    <entity_pair type="ORG-PER">
      <argument id="1" POS="ni" position="18">北京军区善后办</argument>
      <argument id="2" POS="nh" position="21">马誉炜</argument>
    </entity_pair>
    <relation_phrase phrase_text="副政委">
      <mention id="1" POS="b" position="19" isHead="false">副</mention>
      <mention id="2" POS="n" position="20" isHead="true">政委</mention>
    </relation_phrase>
    <dependency_path>M(1)-ATT-M(2); A(1)-ATT-M(2); M(2)-ATT-A(2);</dependency_path>
  </relation>
  <relation id="320">
    <origin_text>中央军委联合参谋部作战局副局长兼国家空管委办公室副主任蔡军出席会议并讲话，中央军委联合参谋部作战局空管处处长杜强等出席会议</origin_text>
    <entity_pair type="ORG-PER">
      <argument id="1" POS="ni" position="1">中央军委联合参谋部作战局</argument>
      <argument id="2" POS="nh" position="8">蔡军</argument>
    </entity_pair>
    <relation_phrase phrase_text="副局长">
      <mention id="1" POS="b" position="2" isHead="false">副</mention>
      <mention id="2" POS="n" position="3" isHead="true">局长</mention>
    </relation_phrase>
    <dependency_path>M(1)-ATT-M(2); A(1)-ATT-M(2); M(2)-ATT-A(2);</dependency_path>
  </relation>
  <relation id="321">
    <origin_text>中央军委联合参谋部作战局副局长兼国家空管委办公室副主任蔡军出席会议并讲话，中央军委联合参谋部作战局空管处处长杜强等出席会议</origin_text>
    <entity_pair type="ORG-PER">
      <argument id="1" POS="ni" position="5">国家空管委办公室</argument>
      <argument id="2" POS="nh" position="8">蔡军</argument>
    </entity_pair>
    <relation_phrase phrase_text="副主任">
      <mention id="1" POS="b" position="6" isHead="false">副</mention>
      <mention id="2" POS="n" position="7" isHead="true">主任</mention>
    </relation_phrase>
    <dependency_path>M(1)-ATT-M(2); A(1)-ATT-M(2); W(3)-ATT-A(2); M(2)-COO-W(3);</dependency_path>
  </relation>
  <relation id="322">
    <origin_text>信息显示，原总参谋部空管局局长蔡军现已出任新组建的中央军委联合参谋部作战局副局长，并仍旧担任国家空管委办公室副主任职务</origin_text>
    <entity_pair type="ORG-PER">
      <argument id="1" POS="ni" position="5">总参谋部空管局</argument>
      <argument id="2" POS="nh" position="7">蔡军</argument>
    </entity_pair>
    <relation_phrase phrase_text="局长">
      <mention id="1" POS="n" position="6" isHead="true">局长</mention>
      <mention/>
    </relation_phrase>
    <dependency_path>A(1)-ATT-M(1); M(1)-ATT-A(2);</dependency_path>
  </relation>
  <relation id="323">
    <origin_text>信息显示，原总参谋部空管局局长蔡军现已出任新组建的中央军委联合参谋部作战局副局长，并仍旧担任国家空管委办公室副主任职务</origin_text>
    <entity_pair type="PER-ORG">
      <argument id="1" POS="nh" position="7">蔡军</argument>
      <argument id="2" POS="ni" position="14">中央军委联合参谋部作战局</argument>
    </entity_pair>
    <relation_phrase phrase_text="出任副局长">
      <mention id="1" POS="v" position="10" isHead="true">出任</mention>
      <mention id="2" POS="b" position="15" isHead="false">副</mention>
      <mention id="3" POS="n" position="16" isHead="false">局长</mention>
    </relation_phrase>
    <dependency_path>A(1)-SBV-M(1); M(2)-ATT-M(3); M(3)-VOB-M(1); A(2)-ATT-M(3);</dependency_path>
  </relation>
  <relation id="324">
    <origin_text>现年58岁的龚清概曾在福建工作35年，其中13年均在福建经济重镇晋江市任职</origin_text>
    <entity_pair type="PER-LOC">
      <argument id="1" POS="nh" position="5">龚清概</argument>
      <argument id="2" POS="ns" position="8">福建</argument>
    </entity_pair>
    <relation_phrase phrase_text="工作">
      <mention id="1" POS="v" position="9" isHead="true">工作</mention>
    </relation_phrase>
    <dependency_path>A(1)-SBV-M(1); A(2)-POB-W(7); W(7)-ADV-M(1);</dependency_path>
  </relation>
  <relation id="325">
    <origin_text>现年58岁的龚清概曾在福建工作35年，其中13年均在福建经济重镇晋江市任职</origin_text>
    <entity_pair type="PER-LOC">
      <argument id="1" POS="nh" position="5">龚清概</argument>
      <argument id="2" POS="ns" position="20">晋江市</argument>
    </entity_pair>
    <relation_phrase phrase_text="任职">
      <mention id="1" POS="v" position="21" isHead="true">任职</mention>
    </relation_phrase>
    <dependency_path>M(1)-COO-W(9); A(1)-SBV-W(9); A(2)-POB-W(16); W(16)-ADV-M(1);</dependency_path>
  </relation>
  <relation id="326">
    <origin_text>现年58岁的龚清概曾在福建工作35年，其中13年均在福建经济重镇晋江市任职</origin_text>
    <entity_pair type="LOC-LOC">
      <argument id="1" POS="ns" position="17">福建</argument>
      <argument id="2" POS="ns" position="20">晋江市</argument>
    </entity_pair>
    <relation_phrase phrase_text="经济重镇">
      <mention id="1" POS="n" position="18" isHead="false">经济</mention>
      <mention id="2" POS="n" position="19" isHead="true">重镇</mention>
    </relation_phrase>
    <dependency_path>M(1)-ATT-M(2); A(1)-ATT-M(2); M(2)-ATT-A(2);</dependency_path>
  </relation>
  <relation id="327">
    <origin_text>同年，龚清概任职晋江市副市长</origin_text>
    <entity_pair type="PER-LOC">
      <argument id="1" POS="nh" position="3">龚清概</argument>
      <argument id="2" POS="ns" position="5">晋江市</argument>
    </entity_pair>
    <relation_phrase phrase_text="任职副市长">
      <mention id="1" POS="v" position="4" isHead="true">任职</mention>
      <mention id="2" POS="b" position="6" isHead="false">副</mention>
      <mention id="3" POS="n" position="7" isHead="false">市长</mention>
    </relation_phrase>
    <dependency_path>A(1)-SBV-M(1); M(2)-ATT-M(3); M(3)-VOB-M(1); A(2)-ATT-M(3);</dependency_path>
  </relation>
  <relation id="328">
    <origin_text>离任晋江之后，龚清概也经常会见晋江商团</origin_text>
    <entity_pair type="PER-LOC">
      <argument id="1" POS="nh" position="5">龚清概</argument>
      <argument id="2" POS="ns" position="9">晋江</argument>
    </entity_pair>
    <relation_phrase phrase_text="会见商团">
      <mention id="1" POS="v" position="8" isHead="true">会见</mention>
      <mention id="2" POS="n" position="10" isHead="false">商团</mention>
    </relation_phrase>
    <dependency_path>A(1)-SBV-M(1); M(2)-VOB-M(1); A(2)-ATT-M(2);</dependency_path>
  </relation>
  <relation id="329">
    <origin_text>2007年至2010年，龚清概任福建南平市市委副书记、副市长、市长</origin_text>
    <entity_pair type="PER-ORG">
      <argument id="1" POS="nh" position="5">龚清概</argument>
      <argument id="2" POS="ni" position="7">福建南平市市委</argument>
    </entity_pair>
    <relation_phrase phrase_text="任副书记">
      <mention id="1" POS="v" position="6" isHead="true">任</mention>
      <mention id="2" POS="b" position="8" isHead="false">副</mention>
      <mention id="3" POS="n" position="9" isHead="false">书记</mention>
    </relation_phrase>
    <dependency_path>A(1)-SBV-M(1); M(2)-ATT-M(3); M(3)-VOB-M(1); A(2)-ATT-M(3);</dependency_path>
  </relation>
  <relation id="330">
    <origin_text>“老大”排斥甚至抵制二孩的新闻令四川南充人潘光和觉得很不可思议</origin_text>
    <entity_pair type="LOC-PER">
      <argument id="1" POS="ns" position="11">四川</argument>
      <argument id="2" POS="nh" position="13">潘光</argument>
    </entity_pair>
    <relation_phrase phrase_text="南充人">
      <mention id="1" POS="n" position="12" isHead="true">南充人</mention>
      <mention/>
    </relation_phrase>
    <dependency_path>A(1)-ATT-M(1); M(1)-ATT-A(2);</dependency_path>
  </relation>
  <relation id="331">
    <origin_text>但相较传统电视剧，网剧的制作门槛仍相对较低，在北京大学文化产业研究院副院长陈少峰看来，所有的电影、电视剧应该是同一种监管模式，需要以统一标准进行审查</origin_text>
    <entity_pair type="ORG-PER">
      <argument id="1" POS="ni" position="17">北京大学文化产业研究院</argument>
      <argument id="2" POS="nh" position="20">陈少峰</argument>
    </entity_pair>
    <relation_phrase phrase_text="副院长">
      <mention id="1" POS="b" position="18" isHead="false">副</mention>
      <mention id="2" POS="n" position="19" isHead="true">院长</mention>
    </relation_phrase>
    <dependency_path>M(1)-ATT-M(2); A(1)-ATT-M(2); M(2)-ATT-A(2);</dependency_path>
  </relation>
  <relation id="332">
    <origin_text>挪威驻上海总领事馆官方微博随后转发本报微博进一步阐明立场，“挪威自1970年以来，就一直坚持一个中国的立场，这一立场不会改变</origin_text>
    <entity_pair type="LOC-LOC">
      <argument id="1" POS="ns" position="16">挪威</argument>
      <argument id="2" POS="ns" position="25">中国</argument>
    </entity_pair>
    <relation_phrase phrase_text="自以来坚持立场">
      <mention id="1" POS="p" position="17" isHead="false">自</mention>
      <mention id="2" POS="nd" position="19" isHead="false">以来</mention>
      <mention id="3" POS="v" position="23" isHead="true">坚持</mention>
      <mention id="4" POS="n" position="27" isHead="false">立场</mention>
    </relation_phrase>
    <dependency_path>M(1)-ADV-M(3); A(1)-SBV-M(3); M(2)-POB-M(1); M(4)-VOB-M(3); A(2)-ATT-M(4);</dependency_path>
  </relation>
  <relation id="333">
    <origin_text>1937年6月日，周恩来第一次登上庐山，入住仙岩旅馆，同蒋介石进行国共第二次合作谈判</origin_text>
    <entity_pair type="PER-LOC">
      <argument id="1" POS="nh" position="5">周恩来</argument>
      <argument id="2" POS="ns" position="10">庐山</argument>
    </entity_pair>
    <relation_phrase phrase_text="登">
      <mention id="1" POS="v" position="8" isHead="true">登</mention>
    </relation_phrase>
    <dependency_path>A(1)-SBV-M(1); A(2)-VOB-M(1);</dependency_path>
  </relation>
  <relation id="334">
    <origin_text>1937年6月日，周恩来第一次登上庐山，入住仙岩旅馆，同蒋介石进行国共第二次合作谈判</origin_text>
    <entity_pair type="PER-PER">
      <argument id="1" POS="nh" position="5">周恩来</argument>
      <argument id="2" POS="nh" position="18">蒋介石</argument>
    </entity_pair>
    <relation_phrase phrase_text="进行谈判">
      <mention id="1" POS="v" position="19" isHead="true">进行</mention>
      <mention id="2" POS="v" position="24" isHead="false">谈判</mention>
    </relation_phrase>
    <dependency_path>M(1)-COO-W(8); A(1)-SBV-W(8); M(2)-VOB-M(1); A(2)-POB-W(17); W(17)-ADV-M(1);</dependency_path>
  </relation>
  <relation id="335">
    <origin_text>国家主席习近平将于3月28日至30日对捷克进行国事访问</origin_text>
    <entity_pair type="PER-LOC">
      <argument id="1" POS="nh" position="3">习近平</argument>
      <argument id="2" POS="ns" position="11">捷克</argument>
    </entity_pair>
    <relation_phrase phrase_text="进行国事访问">
      <mention id="1" POS="v" position="12" isHead="true">进行</mention>
      <mention id="2" POS="i" position="13" isHead="false">国事访问</mention>
    </relation_phrase>
    <dependency_path>A(1)-SBV-M(1); M(2)-VOB-M(1); A(2)-POB-W(10); W(10)-ADV-M(1);</dependency_path>
  </relation>
  <relation id="336">
    <origin_text>应美利坚合众国总统奥巴马邀请，国家主席习近平将于3月31日至4月1日出席在美国华盛顿举行的第四届核安全峰会</origin_text>
    <entity_pair type="LOC-PER">
      <argument id="1" POS="ns" position="2">美利坚合众国</argument>
      <argument id="2" POS="nh" position="4">奥巴马</argument>
    </entity_pair>
    <relation_phrase phrase_text="总统">
      <mention id="1" POS="n" position="3" isHead="true">总统</mention>
      <mention/>
    </relation_phrase>
    <dependency_path>A(1)-ATT-M(1); M(1)-ATT-A(2);</dependency_path>
  </relation>
  <relation id="337">
    <origin_text>习近平此次出访捷克，是中国国家领导人历史上首次访问捷克</origin_text>
    <entity_pair type="PER-LOC">
      <argument id="1" POS="nh" position="1">习近平</argument>
      <argument id="2" POS="ns" position="4">捷克</argument>
    </entity_pair>
    <relation_phrase phrase_text="出访">
      <mention id="1" POS="v" position="3" isHead="true">出访</mention>
    </relation_phrase>
    <dependency_path>A(1)-SBV-M(1); A(2)-VOB-M(1);</dependency_path>
  </relation>
  <relation id="338">
    <origin_text>当地时间2月24日，美国总统奥巴马在白宫会见了中国外交部长王毅</origin_text>
    <entity_pair type="LOC-PER">
      <argument id="1" POS="ns" position="6">美国</argument>
      <argument id="2" POS="nh" position="8">奥巴马</argument>
    </entity_pair>
    <relation_phrase phrase_text="总统">
      <mention id="1" POS="n" position="7" isHead="true">总统</mention>
      <mention/>
    </relation_phrase>
    <dependency_path>A(1)-ATT-M(1); M(1)-ATT-A(2);</dependency_path>
  </relation>
  <relation id="339">
    <origin_text>当地时间2月24日，美国总统奥巴马在白宫会见了中国外交部长王毅</origin_text>
    <entity_pair type="PER-LOC">
      <argument id="1" POS="nh" position="8">奥巴马</argument>
      <argument id="2" POS="ns" position="13">中国</argument>
    </entity_pair>
    <relation_phrase phrase_text="在白宫会见王毅">
      <mention id="1" POS="p" position="9" isHead="false">在</mention>
      <mention id="2" POS="n" position="10" isHead="false">白宫</mention>
      <mention id="3" POS="v" position="11" isHead="true">会见</mention>
      <mention id="4" POS="nh" position="15" isHead="false">王毅</mention>
    </relation_phrase>
    <dependency_path>M(1)-ADV-M(3); A(1)-SBV-M(3); M(2)-POB-M(1); M(4)-VOB-M(3); A(2)-ATT-W(14); W(14)-ATT-M(4);</dependency_path>
  </relation>
  <relation id="340">
    <origin_text>当地时间2月24日，美国总统奥巴马在白宫会见了中国外交部长王毅</origin_text>
    <entity_pair type="PER-PER">
      <argument id="1" POS="nh" position="8">奥巴马</argument>
      <argument id="2" POS="nh" position="15">王毅</argument>
    </entity_pair>
    <relation_phrase phrase_text="在白宫会见">
      <mention id="1" POS="p" position="9" isHead="false">在</mention>
      <mention id="2" POS="n" position="10" isHead="false">白宫</mention>
      <mention id="3" POS="v" position="11" isHead="true">会见</mention>
    </relation_phrase>
    <dependency_path>M(1)-ADV-M(3); A(1)-SBV-M(3); M(2)-POB-M(1); A(2)-VOB-M(3);</dependency_path>
  </relation>
  <relation id="341">
    <origin_text>当地时间2月24日，美国总统奥巴马在白宫会见了中国外交部长王毅</origin_text>
    <entity_pair type="LOC-PER">
      <argument id="1" POS="ns" position="13">中国</argument>
      <argument id="2" POS="nh" position="15">王毅</argument>
    </entity_pair>
    <relation_phrase phrase_text="外交部长">
      <mention id="1" POS="n" position="14" isHead="true">外交部长</mention>
      <mention/>
    </relation_phrase>
    <dependency_path>A(1)-ATT-M(1); M(1)-ATT-A(2);</dependency_path>
  </relation>
  <relation id="342">
    <origin_text>美国总统奥巴马、德国总理默克尔、英国首相卡梅伦、法国总统奥朗德和意大利总理伦齐出席了此次会晤</origin_text>
    <entity_pair type="LOC-PER">
      <argument id="1" POS="ns" position="1">美国</argument>
      <argument id="2" POS="nh" position="3">奥巴马</argument>
    </entity_pair>
    <relation_phrase phrase_text="总统">
      <mention id="1" POS="n" position="2" isHead="true">总统</mention>
      <mention/>
    </relation_phrase>
    <dependency_path>A(1)-ATT-M(1); M(1)-ATT-A(2);</dependency_path>
  </relation>
  <relation id="343">
    <origin_text>美国总统奥巴马、德国总理默克尔、英国首相卡梅伦、法国总统奥朗德和意大利总理伦齐出席了此次会晤</origin_text>
    <entity_pair type="LOC-PER">
      <argument id="1" POS="ns" position="5">德国</argument>
      <argument id="2" POS="nh" position="7">默克尔</argument>
    </entity_pair>
    <relation_phrase phrase_text="总理">
      <mention id="1" POS="n" position="6" isHead="true">总理</mention>
      <mention/>
    </relation_phrase>
    <dependency_path>A(1)-ATT-M(1); M(1)-ATT-A(2);</dependency_path>
  </relation>
  <relation id="344">
    <origin_text>美国总统奥巴马、德国总理默克尔、英国首相卡梅伦、法国总统奥朗德和意大利总理伦齐出席了此次会晤</origin_text>
    <entity_pair type="LOC-PER">
      <argument id="1" POS="ns" position="9">英国</argument>
      <argument id="2" POS="nh" position="11">卡梅伦</argument>
    </entity_pair>
    <relation_phrase phrase_text="首相">
      <mention id="1" POS="n" position="10" isHead="true">首相</mention>
      <mention/>
    </relation_phrase>
    <dependency_path>A(1)-ATT-M(1); M(1)-ATT-A(2);</dependency_path>
  </relation>
  <relation id="345">
    <origin_text>美国总统奥巴马、德国总理默克尔、英国首相卡梅伦、法国总统奥朗德和意大利总理伦齐出席了此次会晤</origin_text>
    <entity_pair type="LOC-PER">
      <argument id="1" POS="ns" position="13">法国</argument>
      <argument id="2" POS="nh" position="15">奥朗德</argument>
    </entity_pair>
    <relation_phrase phrase_text="总统">
      <mention id="1" POS="n" position="14" isHead="true">总统</mention>
      <mention/>
    </relation_phrase>
    <dependency_path>A(1)-ATT-M(1); M(1)-ATT-A(2);</dependency_path>
  </relation>
  <relation id="346">
    <origin_text>美国总统奥巴马、德国总理默克尔、英国首相卡梅伦、法国总统奥朗德和意大利总理伦齐出席了此次会晤</origin_text>
    <entity_pair type="LOC-PER">
      <argument id="1" POS="ns" position="17">意大利</argument>
      <argument id="2" POS="nh" position="19">伦齐</argument>
    </entity_pair>
    <relation_phrase phrase_text="总理">
      <mention id="1" POS="n" position="18" isHead="true">总理</mention>
      <mention/>
    </relation_phrase>
    <dependency_path>A(1)-ATT-M(1); M(1)-ATT-A(2);</dependency_path>
  </relation>
  <relation id="347">
    <origin_text>朝鲜已故最高领导人金正日的原专用厨师藤本健二25日晚在接受《每日新闻》采访时证实，自己在重返朝鲜后已经和朝鲜第一书记金正恩进行了见面</origin_text>
    <entity_pair type="LOC-PER">
      <argument id="1" POS="ns" position="1">朝鲜</argument>
      <argument id="2" POS="nh" position="5">金正日</argument>
    </entity_pair>
    <relation_phrase phrase_text="已故领导人">
      <mention id="1" POS="v" position="2" isHead="false">已故</mention>
      <mention id="2" POS="n" position="4" isHead="true">领导人</mention>
    </relation_phrase>
    <dependency_path>M(1)-ATT-M(2); A(1)-ATT-M(2); M(2)-ATT-A(2);</dependency_path>
  </relation>
  <relation id="348">
    <origin_text>朝鲜已故最高领导人金正日的原专用厨师藤本健二25日晚在接受《每日新闻》采访时证实，自己在重返朝鲜后已经和朝鲜第一书记金正恩进行了见面</origin_text>
    <entity_pair type="PER-PER">
      <argument id="1" POS="nh" position="5">金正日</argument>
      <argument id="2" POS="nh" position="10">藤本健</argument>
    </entity_pair>
    <relation_phrase phrase_text="厨师">
      <mention id="1" POS="n" position="9" isHead="true">厨师</mention>
      <mention/>
    </relation_phrase>
    <dependency_path>A(1)-ATT-M(1); M(1)-ATT-A(2);</dependency_path>
  </relation>
  <relation id="349">
    <origin_text>朝鲜已故最高领导人金正日的原专用厨师藤本健二25日晚在接受《每日新闻》采访时证实，自己在重返朝鲜后已经和朝鲜第一书记金正恩进行了见面</origin_text>
    <entity_pair type="LOC-PER">
      <argument id="1" POS="ns" position="31">朝鲜</argument>
      <argument id="2" POS="nh" position="34">金正恩</argument>
    </entity_pair>
    <relation_phrase phrase_text="第一书记">
      <mention id="1" POS="m" position="32" isHead="false">第一</mention>
      <mention id="2" POS="n" position="33" isHead="true">书记</mention>
    </relation_phrase>
    <dependency_path>M(1)-ATT-M(2); A(1)-ATT-M(2); M(2)-ATT-A(2);</dependency_path>
  </relation>
  <relation id="350">
    <origin_text>对于政府搜寻万人塚的决定，印尼国家人权委员会成员西蒂表示支持</origin_text>
    <entity_pair type="ORG-PER">
      <argument id="1" POS="ni" position="9">印尼国家人权委员会</argument>
      <argument id="2" POS="nh" position="11">西蒂</argument>
    </entity_pair>
    <relation_phrase phrase_text="成员">
      <mention id="1" POS="n" position="10" isHead="true">成员</mention>
      <mention/>
    </relation_phrase>
    <dependency_path>A(1)-ATT-M(1); M(1)-ATT-A(2);</dependency_path>
  </relation>
  <relation id="351">
    <origin_text>对于“煮熟的鸭子飞了”，日本防卫大臣中谷元26日在记者会上表示，将要求澳大利亚解释为什么不选择日方的设计</origin_text>
    <entity_pair type="LOC-PER">
      <argument id="1" POS="ns" position="11">日本</argument>
      <argument id="2" POS="nh" position="14">中谷元</argument>
    </entity_pair>
    <relation_phrase phrase_text="防卫大臣">
      <mention id="1" POS="v" position="12" isHead="false">防卫</mention>
      <mention id="2" POS="n" position="13" isHead="true">大臣</mention>
    </relation_phrase>
    <dependency_path>M(1)-ATT-M(2); A(1)-ATT-M(2); M(2)-ATT-A(2);</dependency_path>
  </relation>
  <relation id="352">
    <origin_text>中国石油大学工商管理学院院长王震说，粤桂两地正在进行天然气价格改革，新机制建立后，将有利于利用价格杠杆，引导天然气资源合理配置</origin_text>
    <entity_pair type="ORG-PER">
      <argument id="1" POS="ni" position="1">中国石油大学工商管理学院</argument>
      <argument id="2" POS="nh" position="3">王震说</argument>
    </entity_pair>
    <relation_phrase phrase_text="院长">
      <mention id="1" POS="n" position="2" isHead="true">院长</mention>
      <mention/>
    </relation_phrase>
    <dependency_path>A(1)-ATT-M(1); M(1)-ATT-A(2);</dependency_path>
  </relation>
  <relation id="353">
    <origin_text>据日本《每日新闻》4月25日报道，“尼泊尔不允许以任何理由利用我国领土对抗中国</origin_text>
    <entity_pair type="LOC-LOC">
      <argument id="1" POS="ns" position="12">尼泊尔</argument>
      <argument id="2" POS="ns" position="22">中国</argument>
    </entity_pair>
    <relation_phrase phrase_text="对抗">
      <mention id="1" POS="v" position="21" isHead="true">对抗</mention>
    </relation_phrase>
    <dependency_path>M(1)-COO-W(18); W(18)-VOB-W(14); A(1)-SBV-W(14); A(2)-VOB-M(1);</dependency_path>
  </relation>
  <relation id="354">
    <origin_text>据尼泊尔当地媒体报道，奥利总理在3月访问中国时曾如此强调其“亲中姿态”</origin_text>
    <entity_pair type="Other-LOC">
      <argument id="1" POS="n" position="8">奥利总理</argument>
      <argument id="2" POS="ns" position="12">中国</argument>
    </entity_pair>
    <relation_phrase phrase_text="在3月访问">
      <mention id="1" POS="p" position="9" isHead="false">在</mention>
      <mention id="2" POS="nt" position="10" isHead="false">3月</mention>
      <mention id="3" POS="v" position="11" isHead="true">访问</mention>
    </relation_phrase>
    <dependency_path>M(1)-ADV-M(3); A(1)-SBV-M(3); M(2)-POB-M(1); A(2)-VOB-M(3);</dependency_path>
  </relation>
  <relation id="355">
    <origin_text>随着去年9月新宪法的颁布，尼泊尔南部地区发生骚乱，由此为尼泊尔“摆脱印度”提供了契机</origin_text>
    <entity_pair type="LOC-LOC">
      <argument id="1" POS="ns" position="17">尼泊尔</argument>
      <argument id="2" POS="ns" position="20">印度</argument>
    </entity_pair>
    <relation_phrase phrase_text="摆脱">
      <mention id="1" POS="v" position="19" isHead="true">摆脱</mention>
    </relation_phrase>
    <dependency_path>A(1)-SBV-M(1); A(2)-VOB-M(1);</dependency_path>
  </relation>
  <relation id="356">
    <origin_text>梅葆玖的夫人林丽源等家属，以及李胜素、胡文阁、尚伟、郑潇等徒弟们在灵堂内接待来客</origin_text>
    <entity_pair type="PER-PER">
      <argument id="1" POS="nh" position="1">梅葆玖</argument>
      <argument id="2" POS="nh" position="4">林丽源</argument>
    </entity_pair>
    <relation_phrase phrase_text="夫人">
      <mention id="1" POS="n" position="3" isHead="true">夫人</mention>
      <mention/>
    </relation_phrase>
    <dependency_path>A(1)-ATT-M(1); M(1)-ATT-A(2);</dependency_path>
  </relation>
  <relation id="357">
    <origin_text>当天上午，王志怡、于魁智、郭晓男等人赶来送别梅先生</origin_text>
    <entity_pair type="PER-PER">
      <argument id="1" POS="nh" position="4">王志怡</argument>
      <argument id="2" POS="nh" position="13">梅</argument>
    </entity_pair>
    <relation_phrase phrase_text="送别先生">
      <mention id="1" POS="v" position="12" isHead="true">送别</mention>
      <mention id="2" POS="n" position="14" isHead="false">先生</mention>
    </relation_phrase>
    <dependency_path>M(1)-COO-W(11); W(10)-SBV-W(11); A(1)-ATT-W(10); M(2)-VOB-M(1); A(2)-ATT-M(2);</dependency_path>
  </relation>
  <relation id="358">
    <origin_text>当天上午，王志怡、于魁智、郭晓男等人赶来送别梅先生</origin_text>
    <entity_pair type="PER-PER">
      <argument id="1" POS="nh" position="6">于魁智</argument>
      <argument id="2" POS="nh" position="13">梅</argument>
    </entity_pair>
    <relation_phrase phrase_text="送别先生">
      <mention id="1" POS="v" position="12" isHead="true">送别</mention>
      <mention id="2" POS="n" position="14" isHead="false">先生</mention>
    </relation_phrase>
    <dependency_path>M(1)-COO-W(11); W(10)-SBV-W(11); W(4)-ATT-W(10); A(1)-COO-W(4); M(2)-VOB-M(1); A(2)-ATT-M(2);</dependency_path>
  </relation>
  <relation id="359">
    <origin_text>当天上午，王志怡、于魁智、郭晓男等人赶来送别梅先生</origin_text>
    <entity_pair type="PER-PER">
      <argument id="1" POS="nh" position="8">郭晓男</argument>
      <argument id="2" POS="nh" position="13">梅</argument>
    </entity_pair>
    <relation_phrase phrase_text="送别先生">
      <mention id="1" POS="v" position="12" isHead="true">送别</mention>
      <mention id="2" POS="n" position="14" isHead="false">先生</mention>
    </relation_phrase>
    <dependency_path>M(1)-COO-W(11); W(10)-SBV-W(11); W(4)-ATT-W(10); A(1)-COO-W(4); M(2)-VOB-M(1); A(2)-ATT-M(2);</dependency_path>
  </relation>
  <relation id="360">
    <origin_text>下午，94岁高龄的京剧表演艺术家迟金声在朱强的搀扶下来到灵堂，张君秋徒弟吴吟秋等人也来到灵堂吊唁，还有些戏迷特意从天津等地赶来</origin_text>
    <entity_pair type="PER-PER">
      <argument id="1" POS="nh" position="9">迟金声</argument>
      <argument id="2" POS="nh" position="11">朱强</argument>
    </entity_pair>
    <relation_phrase phrase_text="搀扶">
      <mention id="1" POS="v" position="13" isHead="true">搀扶</mention>
    </relation_phrase>
    <dependency_path>A(1)-SBV-M(1); A(2)-POB-W(10); W(10)-ADV-M(1);</dependency_path>
  </relation>
  <relation id="361">
    <origin_text>下午，94岁高龄的京剧表演艺术家迟金声在朱强的搀扶下来到灵堂，张君秋徒弟吴吟秋等人也来到灵堂吊唁，还有些戏迷特意从天津等地赶来</origin_text>
    <entity_pair type="PER-PER">
      <argument id="1" POS="nh" position="18">张君秋</argument>
      <argument id="2" POS="nh" position="20">吴吟秋</argument>
    </entity_pair>
    <relation_phrase phrase_text="徒弟">
      <mention id="1" POS="n" position="19" isHead="true">徒弟</mention>
      <mention/>
    </relation_phrase>
    <dependency_path>A(1)-ATT-M(1); M(1)-ATT-A(2);</dependency_path>
  </relation>
  <relation id="362">
    <origin_text>2009年11月，北京市第一中级人民法院以受贿罪、巨额财产来源不明罪判处何洪达有期徒刑14年</origin_text>
    <entity_pair type="ORG-PER">
      <argument id="1" POS="ni" position="4">北京市第一中级人民法院</argument>
      <argument id="2" POS="nh" position="14">何洪达</argument>
    </entity_pair>
    <relation_phrase phrase_text="以来源判处14年">
      <mention id="1" POS="p" position="5" isHead="false">以</mention>
      <mention id="2" POS="n" position="10" isHead="false">来源</mention>
      <mention id="3" POS="v" position="13" isHead="true">判处</mention>
      <mention id="4" POS="m" position="16" isHead="false">14</mention>
      <mention id="5" POS="q" position="17" isHead="false">年</mention>
    </relation_phrase>
    <dependency_path>M(1)-ADV-M(3); A(1)-SBV-M(3); M(2)-POB-M(1); M(4)-ATT-M(5); M(5)-VOB-M(3); A(2)-ATT-M(5);</dependency_path>
  </relation>
  <relation id="363">
    <origin_text>2010年12月，上海第一中级人民法院以受贿罪，判处蒋国琪有期徒刑10年，没收非法所得5万元</origin_text>
    <entity_pair type="ORG-PER">
      <argument id="1" POS="ni" position="4">上海第一中级人民法院</argument>
      <argument id="2" POS="nh" position="9">蒋国琪</argument>
    </entity_pair>
    <relation_phrase phrase_text="以受贿罪判处10年">
      <mention id="1" POS="p" position="5" isHead="false">以</mention>
      <mention id="2" POS="n" position="6" isHead="false">受贿罪</mention>
      <mention id="3" POS="v" position="8" isHead="true">判处</mention>
      <mention id="4" POS="m" position="11" isHead="false">10</mention>
      <mention id="5" POS="q" position="12" isHead="false">年</mention>
    </relation_phrase>
    <dependency_path>M(1)-ADV-M(3); A(1)-SBV-M(3); M(2)-POB-M(1); M(4)-ATT-M(5); M(5)-VOB-M(3); A(2)-ATT-M(5);</dependency_path>
  </relation>
  <relation id="364">
    <origin_text>2011年5月，安徽省监察厅分别给予安徽省科学技术咨询中心副主任耿春桥和安徽科技开发公司总经理朱向前记大过和警告处分</origin_text>
    <entity_pair type="Other-PER">
      <argument id="1" POS="n" position="5">安徽省监察厅</argument>
      <argument id="2" POS="nh" position="11">耿春桥</argument>
    </entity_pair>
    <relation_phrase phrase_text="给予">
      <mention id="1" POS="v" position="7" isHead="true">给予</mention>
    </relation_phrase>
    <dependency_path>A(1)-SBV-M(1); A(2)-VOB-M(1);</dependency_path>
  </relation>
  <relation id="365">
    <origin_text>2011年5月，安徽省监察厅分别给予安徽省科学技术咨询中心副主任耿春桥和安徽科技开发公司总经理朱向前记大过和警告处分</origin_text>
    <entity_pair type="Other-PER">
      <argument id="1" POS="n" position="5">安徽省监察厅</argument>
      <argument id="2" POS="nh" position="15">朱向前</argument>
    </entity_pair>
    <relation_phrase phrase_text="给予">
      <mention id="1" POS="v" position="7" isHead="true">给予</mention>
    </relation_phrase>
    <dependency_path>A(1)-SBV-M(1); A(2)-COO-W(11); W(11)-VOB-M(1);</dependency_path>
  </relation>
  <relation id="366">
    <origin_text>2011年5月，安徽省监察厅分别给予安徽省科学技术咨询中心副主任耿春桥和安徽科技开发公司总经理朱向前记大过和警告处分</origin_text>
    <entity_pair type="ORG-PER">
      <argument id="1" POS="ni" position="8">安徽省科学技术咨询中心</argument>
      <argument id="2" POS="nh" position="11">耿春桥</argument>
    </entity_pair>
    <relation_phrase phrase_text="副主任">
      <mention id="1" POS="b" position="9" isHead="false">副</mention>
      <mention id="2" POS="n" position="10" isHead="true">主任</mention>
    </relation_phrase>
    <dependency_path>M(1)-ATT-M(2); A(1)-ATT-M(2); M(2)-ATT-A(2);</dependency_path>
  </relation>
  <relation id="367">
    <origin_text>一同长大的郝海东用“善良、随和，甚至委曲求全”形容江津，江津睡觉时总是侧身拳起双腿，双脚露在被子外面</origin_text>
    <entity_pair type="PER-LOC">
      <argument id="1" POS="nh" position="4">郝海东</argument>
      <argument id="2" POS="ns" position="15">江津</argument>
    </entity_pair>
    <relation_phrase phrase_text="形容">
      <mention id="1" POS="v" position="14" isHead="true">形容</mention>
    </relation_phrase>
    <dependency_path>M(1)-COO-W(7); W(7)-VOB-W(5); A(1)-SBV-W(5); A(2)-VOB-M(1);</dependency_path>
  </relation>
  <relation id="368">
    <origin_text>21日至23日，中国外长王毅访问文莱、柬埔寨和老挝</origin_text>
    <entity_pair type="LOC-PER">
      <argument id="1" POS="ns" position="5">中国</argument>
      <argument id="2" POS="nh" position="7">王毅</argument>
    </entity_pair>
    <relation_phrase phrase_text="外长">
      <mention id="1" POS="n" position="6" isHead="true">外长</mention>
      <mention/>
    </relation_phrase>
    <dependency_path>A(1)-ATT-M(1); M(1)-ATT-A(2);</dependency_path>
  </relation>
  <relation id="369">
    <origin_text>21日至23日，中国外长王毅访问文莱、柬埔寨和老挝</origin_text>
    <entity_pair type="PER-LOC">
      <argument id="1" POS="nh" position="7">王毅</argument>
      <argument id="2" POS="ns" position="9">文莱</argument>
    </entity_pair>
    <relation_phrase phrase_text="访问">
      <mention id="1" POS="v" position="8" isHead="true">访问</mention>
    </relation_phrase>
    <dependency_path>A(1)-SBV-M(1); A(2)-VOB-M(1);</dependency_path>
  </relation>
  <relation id="370">
    <origin_text>21日至23日，中国外长王毅访问文莱、柬埔寨和老挝</origin_text>
    <entity_pair type="PER-LOC">
      <argument id="1" POS="nh" position="7">王毅</argument>
      <argument id="2" POS="ns" position="11">柬埔寨</argument>
    </entity_pair>
    <relation_phrase phrase_text="访问">
      <mention id="1" POS="v" position="8" isHead="true">访问</mention>
    </relation_phrase>
    <dependency_path>A(1)-SBV-M(1); A(2)-COO-W(9); W(9)-VOB-M(1);</dependency_path>
  </relation>
  <relation id="371">
    <origin_text>21日至23日，中国外长王毅访问文莱、柬埔寨和老挝</origin_text>
    <entity_pair type="PER-LOC">
      <argument id="1" POS="nh" position="7">王毅</argument>
      <argument id="2" POS="ns" position="13">老挝</argument>
    </entity_pair>
    <relation_phrase phrase_text="访问">
      <mention id="1" POS="v" position="8" isHead="true">访问</mention>
    </relation_phrase>
    <dependency_path>A(1)-SBV-M(1); A(2)-COO-W(9); W(9)-VOB-M(1);</dependency_path>
  </relation>
  <relation id="372">
    <origin_text>冈比亚持该立场是认识到中国对南海诸岛及其附近海域拥有无可争辩主权的事实，坚信中国的立场拥有充分的国际法依据</origin_text>
    <entity_pair type="LOC-LOC">
      <argument id="1" POS="ns" position="7">中国</argument>
      <argument id="2" POS="ns" position="9">南海诸岛</argument>
    </entity_pair>
    <relation_phrase phrase_text="拥有主权">
      <mention id="1" POS="v" position="13" isHead="true">拥有</mention>
      <mention id="2" POS="n" position="15" isHead="false">主权</mention>
    </relation_phrase>
    <dependency_path>A(1)-SBV-M(1); M(2)-VOB-M(1); A(2)-POB-W(8); W(8)-ADV-M(1);</dependency_path>
  </relation>
  <relation id="373">
    <origin_text>虽然赵智强在温州搞的合作建房至今还没有交房，但他已经开始了合作建房模式的复制</origin_text>
    <entity_pair type="PER-LOC">
      <argument id="1" POS="nh" position="2">赵智强</argument>
      <argument id="2" POS="ns" position="4">温州</argument>
    </entity_pair>
    <relation_phrase phrase_text="搞在">
      <mention id="1" POS="v" position="5" isHead="true">搞</mention>
      <mention id="2" POS="p" position="3" isHead="false">在</mention>
    </relation_phrase>
    <dependency_path>A(1)-SBV-M(1); M(2)-ADV-M(1); A(2)-POB-M(2);</dependency_path>
  </relation>
  <relation id="374">
    <origin_text>北京中康城投资顾问有限公司常务副总经理曾世平告诉记者，已经有200多人报名</origin_text>
    <entity_pair type="ORG-PER">
      <argument id="1" POS="ni" position="1">北京中康城投资顾问有限公司</argument>
      <argument id="2" POS="nh" position="5">曾世平</argument>
    </entity_pair>
    <relation_phrase phrase_text="常务总经理">
      <mention id="1" POS="b" position="2" isHead="false">常务</mention>
      <mention id="2" POS="n" position="4" isHead="true">总经理</mention>
    </relation_phrase>
    <dependency_path>M(1)-ATT-M(2); A(1)-ATT-M(2); M(2)-ATT-A(2);</dependency_path>
  </relation>
  <relation id="375">
    <origin_text>2006年，赵智强成功在温州拿到地块，并开始了房地产建设</origin_text>
    <entity_pair type="PER-LOC">
      <argument id="1" POS="nh" position="3">赵智强</argument>
      <argument id="2" POS="ns" position="6">温州</argument>
    </entity_pair>
    <relation_phrase phrase_text="拿地块">
      <mention id="1" POS="v" position="7" isHead="true">拿</mention>
      <mention id="2" POS="n" position="9" isHead="false">地块</mention>
    </relation_phrase>
    <dependency_path>A(1)-SBV-M(1); M(2)-VOB-M(1); A(2)-POB-W(5); W(5)-ADV-M(1);</dependency_path>
  </relation>
  <relation id="376">
    <origin_text>带着这个想法，赵智强、曾世平等人来到北京，试图再次合作建房</origin_text>
    <entity_pair type="PER-LOC">
      <argument id="1" POS="nh" position="6">赵智强</argument>
      <argument id="2" POS="ns" position="12">北京</argument>
    </entity_pair>
    <relation_phrase phrase_text="来到">
      <mention id="1" POS="v" position="11" isHead="true">来到</mention>
    </relation_phrase>
    <dependency_path>W(10)-SBV-M(1); A(1)-ATT-W(10); A(2)-VOB-M(1);</dependency_path>
  </relation>
  <relation id="377">
    <origin_text>带着这个想法，赵智强、曾世平等人来到北京，试图再次合作建房</origin_text>
    <entity_pair type="PER-LOC">
      <argument id="1" POS="nh" position="8">曾世平</argument>
      <argument id="2" POS="ns" position="12">北京</argument>
    </entity_pair>
    <relation_phrase phrase_text="来到">
      <mention id="1" POS="v" position="11" isHead="true">来到</mention>
    </relation_phrase>
    <dependency_path>W(10)-SBV-M(1); W(6)-ATT-W(10); A(1)-COO-W(6); A(2)-VOB-M(1);</dependency_path>
  </relation>
  <relation id="378">
    <origin_text>河南两会正在进行，河南省政协委员张朝祥连续4年递交取消郑州黄河公路大桥收费站的提案</origin_text>
    <entity_pair type="ORG-PER">
      <argument id="1" POS="ni" position="5">河南省政协</argument>
      <argument id="2" POS="nh" position="7">张朝祥</argument>
    </entity_pair>
    <relation_phrase phrase_text="委员">
      <mention id="1" POS="n" position="6" isHead="true">委员</mention>
      <mention/>
    </relation_phrase>
    <dependency_path>A(1)-ATT-M(1); M(1)-ATT-A(2);</dependency_path>
  </relation>
  <relation id="379">
      <origin_text>德国总统高克访问中国，并在同济大学发表演讲</origin_text>
      <entity_pair type="PER-ORG">
          <argument id="1" POS="nh" position="3">高克</argument>
          <argument id="2" POS="ni" position="9">同济大学</argument>
      </entity_pair>
      <relation_phrase phrase_text="发表演讲">
          <mention id="1" POS="v" position="10" isHead="true">发表</mention>
          <mention id="2" POS="v" position="11" isHead="false">演讲</mention>
      </relation_phrase>
      <dependency_path>M(1)-COO-W(4); A(1)-SBV-W(4); M(2)-VOB-M(1);
          A(2)-POB-W(8); W(8)-ADV-M(1);</dependency_path>
  </relation>
</doc>
